20.031	110.329	1
20.043	110.327	1
22.333	114.182	1
22.431	113.643	1
22.478	114.533	1
22.479	113.913	1
22.479	113.914	1
22.48	113.889	1
22.48	113.914	1
22.481	113.916	1
22.481	113.932	1
22.482	113.916	1
22.482	113.917	1
22.482	113.931	1
22.483	113.914	3
22.483	113.915	1
22.483	113.916	4
22.483	113.917	7
22.483	113.918	2
22.484	113.914	4
22.484	113.915	2
22.484	113.916	26
22.484	113.917	4
22.484	113.93	1
22.484	113.932	1
22.485	113.912	2
22.485	113.915	1
22.485	113.916	1
22.485	113.917	1
22.485	113.922	3
22.485	113.923	1
22.485	113.924	2
22.486	113.907	1
22.486	113.912	1
22.486	113.915	2
22.486	113.916	1
22.486	113.917	6
22.486	113.924	2
22.486	113.925	3
22.486	113.926	2
22.486	113.927	1
22.486	113.928	1
22.486	113.931	3
22.486	114.538	1
22.487	113.914	1
22.487	113.916	1
22.487	113.917	1
22.487	113.918	3
22.487	113.919	4
22.487	113.92	2
22.487	113.921	2
22.487	113.922	4
22.487	113.923	2
22.487	113.924	3
22.487	113.925	2
22.487	113.926	4
22.487	113.929	1
22.487	113.93	2
22.488	113.919	2
22.488	113.92	5
22.488	113.921	4
22.488	113.927	1
22.488	113.928	2
22.488	113.935	1
22.489	113.918	1
22.489	113.921	1
22.489	113.924	1
22.489	113.925	1
22.489	113.927	4
22.489	113.934	1
22.49	113.916	1
22.49	113.921	2
22.49	113.922	2
22.49	113.923	1
22.49	113.925	5
22.49	113.928	2
22.49	113.931	1
22.49	113.935	1
22.491	113.916	1
22.491	113.917	1
22.491	113.927	5
22.491	113.929	1
22.491	113.93	1
22.491	113.935	1
22.491	113.938	1
22.491	113.943	1
22.492	113.931	1
22.492	113.942	1
22.493	113.887	1
22.493	113.924	2
22.493	113.925	6
22.493	113.926	1
22.493	113.928	2
22.494	113.888	1
22.494	113.923	1
22.494	113.926	2
22.494	113.93	1
22.494	113.932	3
22.495	113.919	1
22.495	113.927	1
22.495	113.933	2
22.496	113.892	1
22.496	113.918	2
22.496	113.919	2
22.496	113.925	1
22.496	113.93	1
22.496	113.937	1
22.497	113.919	1
22.497	113.92	4
22.497	113.934	1
22.498	113.893	1
22.498	113.924	1
22.498	113.935	1
22.498	113.936	1
22.499	113.901	1
22.499	113.919	1
22.499	113.92	1
22.499	113.935	1
22.5	113.901	2
22.5	113.923	4
22.5	113.935	1
22.5	113.936	1
22.5	113.939	14
22.5	113.941	1
22.501	113.92	2
22.501	113.922	2
22.501	113.923	2
22.501	113.926	1
22.501	113.931	1
22.501	113.935	2
22.501	113.938	1
22.501	113.939	1
22.501	113.94	8
22.501	113.941	1
22.502	113.896	1
22.502	113.921	2
22.502	113.922	1
22.502	113.923	3
22.502	113.927	1
22.502	113.932	1
22.502	113.933	1
22.502	113.936	1
22.502	113.94	1
22.502	113.941	1
22.503	113.921	4
22.503	113.923	9
22.503	113.924	2
22.503	113.931	2
22.503	113.94	1
22.504	113.92	1
22.504	113.922	1
22.504	113.926	1
22.504	113.928	3
22.504	113.929	1
22.504	113.931	1
22.504	113.935	1
22.505	113.92	1
22.505	113.927	1
22.505	113.928	1
22.505	113.929	2
22.505	113.93	1
22.505	114.049	1
22.506	113.918	1
22.506	113.923	1
22.506	113.924	1
22.506	113.925	6
22.506	113.932	1
22.506	113.934	1
22.506	114.054	1
22.507	113.924	1
22.507	113.925	4
22.507	114.039	1
22.508	113.903	1
22.508	113.92	1
22.508	113.924	1
22.508	113.925	1
22.508	113.929	1
22.508	113.933	3
22.508	113.934	1
22.508	114.049	1
22.508	114.055	1
22.508	114.056	2
22.508	114.057	1
22.509	113.922	1
22.509	113.923	1
22.509	113.925	2
22.509	113.928	1
22.509	113.932	1
22.509	114.047	3
22.509	114.048	1
22.509	114.053	1
22.509	114.054	2
22.509	114.059	1
22.51	113.895	1
22.51	113.904	2
22.51	113.922	1
22.51	113.924	3
22.51	113.925	4
22.51	113.928	2
22.51	113.929	4
22.51	113.93	2
22.51	113.931	2
22.51	113.932	4
22.51	113.937	2
22.51	113.938	1
22.51	114.054	1
22.51	114.058	1
22.511	113.904	1
22.511	113.906	5
22.511	113.907	2
22.511	113.914	1
22.511	113.924	1
22.511	113.925	1
22.511	113.926	1
22.511	113.927	1
22.511	113.929	5
22.511	113.932	2
22.511	113.933	1
22.511	114.062	2
22.512	113.908	1
22.512	113.911	1
22.512	113.913	2
22.512	113.917	1
22.512	113.921	1
22.512	113.924	4
22.512	113.931	1
22.513	113.913	4
22.513	113.921	1
22.513	113.922	2
22.513	113.923	2
22.513	113.928	2
22.513	113.929	5
22.513	113.93	1
22.513	113.931	2
22.513	113.935	1
22.514	113.908	1
22.514	113.911	1
22.514	113.913	1
22.514	113.918	2
22.514	113.921	3
22.514	113.922	3
22.514	113.929	1
22.514	113.93	1
22.514	113.931	1
22.514	113.932	1
22.514	113.935	2
22.514	113.936	1
22.514	114.051	1
22.514	114.052	1
22.515	113.914	4
22.515	113.915	1
22.515	113.92	1
22.515	113.927	1
22.515	113.928	5
22.515	113.931	2
22.515	113.932	1
22.515	114.047	1
22.515	114.06	2
22.516	113.913	2
22.516	113.915	1
22.516	113.923	1
22.516	113.924	3
22.516	113.927	3
22.516	113.928	3
22.516	113.929	1
22.516	113.932	1
22.516	113.938	2
22.516	113.939	1
22.516	114.041	1
22.516	114.048	1
22.516	114.053	1
22.516	114.064	1
22.516	114.069	1
22.516	114.07	1
22.516	114.073	2
22.517	113.915	1
22.517	113.916	1
22.517	113.92	1
22.517	113.921	1
22.517	113.922	1
22.517	113.923	1
22.517	113.924	1
22.517	113.925	6
22.517	113.926	2
22.517	113.927	1
22.517	113.928	3
22.517	113.929	5
22.517	113.931	1
22.517	113.932	1
22.517	113.936	42
22.517	113.937	22
22.517	113.938	4
22.517	113.939	11
22.517	113.94	2
22.517	114.038	2
22.517	114.042	1
22.517	114.045	1
22.517	114.046	1
22.517	114.064	1
22.517	114.065	1
22.517	114.071	1
22.518	113.913	1
22.518	113.917	2
22.518	113.918	1
22.518	113.921	1
22.518	113.923	2
22.518	113.925	1
22.518	113.928	1
22.518	113.929	4
22.518	113.93	1
22.518	113.931	1
22.518	113.934	6
22.518	113.935	5
22.518	113.936	7
22.518	113.937	10
22.518	113.938	8
22.518	113.939	3
22.518	113.94	2
22.518	114.037	1
22.518	114.038	1
22.518	114.039	1
22.518	114.04	2
22.518	114.044	3
22.518	114.046	1
22.518	114.053	2
22.518	114.061	1
22.518	114.063	2
22.518	114.064	3
22.518	114.07	1
22.519	113.918	1
22.519	113.922	2
22.519	113.923	1
22.519	113.924	1
22.519	113.925	3
22.519	113.927	3
22.519	113.929	3
22.519	113.93	6
22.519	113.932	1
22.519	113.933	1
22.519	113.934	5
22.519	113.935	1
22.519	113.936	2
22.519	113.937	1
22.519	113.939	2
22.519	114.032	1
22.519	114.036	1
22.519	114.037	1
22.519	114.039	1
22.519	114.04	3
22.519	114.05	1
22.519	114.053	2
22.519	114.063	4
22.519	114.064	1
22.519	114.066	7
22.52	113.922	3
22.52	113.923	5
22.52	113.925	2
22.52	113.926	2
22.52	113.927	2
22.52	113.928	2
22.52	113.929	3
22.52	113.93	1
22.52	113.942	1
22.52	113.964	1
22.52	113.974	1
22.52	114.033	1
22.52	114.041	1
22.52	114.042	2
22.52	114.043	2
22.52	114.045	1
22.52	114.053	1
22.52	114.059	1
22.52	114.061	1
22.52	114.062	6
22.52	114.063	6
22.521	113.91	1
22.521	113.915	2
22.521	113.923	1
22.521	113.925	1
22.521	113.927	1
22.521	113.928	2
22.521	113.929	1
22.521	113.932	1
22.521	113.939	1
22.521	114.031	1
22.521	114.037	1
22.521	114.038	1
22.521	114.039	1
22.521	114.04	1
22.521	114.042	1
22.521	114.043	2
22.521	114.047	4
22.521	114.048	3
22.521	114.052	1
22.521	114.062	2
22.521	114.063	10
22.521	114.064	2
22.522	113.919	2
22.522	113.92	1
22.522	113.923	4
22.522	113.927	2
22.522	113.934	1
22.522	113.942	1
22.522	113.943	1
22.522	113.95	1
22.522	113.972	1
22.522	113.991	2
22.522	113.992	1
22.522	113.993	3
22.522	114.032	2
22.522	114.037	1
22.522	114.044	2
22.522	114.045	2
22.522	114.046	3
22.522	114.047	2
22.522	114.048	3
22.522	114.052	1
22.522	114.055	1
22.522	114.062	1
22.522	114.063	1
22.522	114.064	1
22.522	114.066	1
22.523	113.911	1
22.523	113.917	1
22.523	113.919	3
22.523	113.923	1
22.523	113.924	3
22.523	113.925	2
22.523	113.928	1
22.523	113.933	1
22.523	113.95	1
22.523	113.993	2
22.523	114.026	1
22.523	114.029	1
22.523	114.03	1
22.523	114.031	2
22.523	114.032	3
22.523	114.033	2
22.523	114.045	2
22.523	114.046	5
22.523	114.048	3
22.523	114.05	5
22.523	114.054	1
22.523	114.055	1
22.523	114.057	1
22.523	114.058	1
22.523	114.06	1
22.523	114.061	5
22.523	114.062	2
22.523	114.063	2
22.523	114.064	4
22.523	114.065	2
22.523	114.066	2
22.523	114.069	3
22.523	114.074	1
22.524	113.916	2
22.524	113.92	1
22.524	113.921	1
22.524	113.924	2
22.524	113.926	10
22.524	113.927	3
22.524	113.928	3
22.524	113.932	1
22.524	113.945	1
22.524	113.991	2
22.524	113.992	3
22.524	114.025	1
22.524	114.027	1
22.524	114.028	3
22.524	114.029	4
22.524	114.03	5
22.524	114.031	3
22.524	114.032	2
22.524	114.033	2
22.524	114.034	1
22.524	114.035	1
22.524	114.043	1
22.524	114.045	1
22.524	114.046	1
22.524	114.047	4
22.524	114.048	9
22.524	114.05	1
22.524	114.052	1
22.524	114.053	1
22.524	114.055	3
22.524	114.057	3
22.524	114.061	2
22.524	114.062	2
22.524	114.063	1
22.524	114.064	1
22.524	114.065	2
22.524	114.071	1
22.524	114.075	2
22.525	113.919	2
22.525	113.92	1
22.525	113.923	4
22.525	113.928	1
22.525	113.931	1
22.525	113.932	1
22.525	113.942	2
22.525	113.946	1
22.525	113.948	1
22.525	113.949	1
22.525	113.95	1
22.525	113.951	1
22.525	113.953	2
22.525	113.99	1
22.525	113.992	3
22.525	113.993	1
22.525	114.025	2
22.525	114.027	3
22.525	114.028	1
22.525	114.029	1
22.525	114.03	8
22.525	114.04	1
22.525	114.041	1
22.525	114.044	2
22.525	114.045	2
22.525	114.046	2
22.525	114.047	2
22.525	114.048	8
22.525	114.051	1
22.525	114.052	1
22.525	114.054	1
22.525	114.057	1
22.525	114.058	1
22.525	114.061	2
22.525	114.062	1
22.525	114.064	1
22.525	114.065	5
22.525	114.075	1
22.525	114.076	2
22.526	113.919	1
22.526	113.924	5
22.526	113.925	1
22.526	113.928	6
22.526	113.929	1
22.526	113.93	6
22.526	113.931	5
22.526	113.932	2
22.526	113.933	9
22.526	113.934	6
22.526	113.935	3
22.526	113.946	1
22.526	113.99	2
22.526	114.02	1
22.526	114.024	2
22.526	114.025	2
22.526	114.027	6
22.526	114.028	2
22.526	114.03	3
22.526	114.032	1
22.526	114.034	1
22.526	114.039	1
22.526	114.045	1
22.526	114.046	2
22.526	114.047	1
22.526	114.048	2
22.526	114.052	2
22.526	114.054	2
22.526	114.062	1
22.526	114.066	2
22.526	114.077	2
22.527	113.908	1
22.527	113.92	2
22.527	113.922	1
22.527	113.923	3
22.527	113.924	3
22.527	113.925	3
22.527	113.927	5
22.527	113.929	2
22.527	113.933	6
22.527	113.934	5
22.527	113.944	1
22.527	114.006	1
22.527	114.026	1
22.527	114.029	1
22.527	114.03	1
22.527	114.04	1
22.527	114.046	9
22.527	114.048	1
22.527	114.055	1
22.527	114.062	2
22.527	114.063	2
22.527	114.064	2
22.527	114.065	4
22.527	114.067	2
22.527	114.068	4
22.527	114.077	1
22.527	114.496	1
22.528	113.912	3
22.528	113.913	2
22.528	113.914	2
22.528	113.917	2
22.528	113.918	3
22.528	113.919	4
22.528	113.92	3
22.528	113.921	1
22.528	113.922	3
22.528	113.923	10
22.528	113.924	2
22.528	113.925	1
22.528	113.934	1
22.528	113.966	1
22.528	113.974	1
22.528	113.984	2
22.528	113.996	1
22.528	113.998	1
22.528	114.025	2
22.528	114.026	5
22.528	114.027	1
22.528	114.028	1
22.528	114.029	2
22.528	114.046	1
22.528	114.047	1
22.528	114.052	2
22.528	114.057	1
22.528	114.062	1
22.528	114.065	1
22.528	114.079	1
22.529	113.912	1
22.529	113.913	1
22.529	113.915	4
22.529	113.916	6
22.529	113.918	1
22.529	113.92	1
22.529	113.921	5
22.529	113.924	1
22.529	113.925	3
22.529	113.945	1
22.529	113.946	1
22.529	113.973	1
22.529	114.025	1
22.529	114.026	2
22.529	114.027	1
22.529	114.032	1
22.529	114.033	2
22.529	114.043	1
22.529	114.119	1
22.53	113.912	1
22.53	113.914	3
22.53	113.915	2
22.53	113.919	3
22.53	113.925	4
22.53	113.968	1
22.53	113.969	9
22.53	113.97	7
22.53	113.971	1
22.53	114.023	1
22.53	114.024	1
22.53	114.025	3
22.53	114.04	1
22.53	114.046	1
22.53	114.052	1
22.53	114.06	1
22.53	114.069	2
22.53	114.118	2
22.531	113.916	1
22.531	113.917	1
22.531	113.919	2
22.531	113.92	1
22.531	113.921	2
22.531	113.928	2
22.531	113.931	1
22.531	113.967	2
22.531	113.968	5
22.531	113.969	4
22.531	114.022	3
22.531	114.023	1
22.531	114.024	3
22.531	114.025	2
22.531	114.026	1
22.531	114.055	1
22.531	114.064	3
22.531	114.065	2
22.531	114.066	1
22.531	114.069	3
22.531	114.081	4
22.531	114.084	1
22.531	114.085	1
22.531	114.086	1
22.531	114.087	2
22.531	114.116	2
22.531	114.118	2
22.531	114.119	1
22.531	114.492	1
22.532	113.912	1
22.532	113.913	1
22.532	113.914	2
22.532	113.915	1
22.532	113.916	1
22.532	113.919	2
22.532	113.92	1
22.532	113.921	3
22.532	113.922	2
22.532	113.931	1
22.532	113.932	1
22.532	113.967	1
22.532	113.968	1
22.532	113.969	6
22.532	113.97	1
22.532	113.971	1
22.532	114.009	1
22.532	114.023	1
22.532	114.024	1
22.532	114.025	1
22.532	114.026	1
22.532	114.027	2
22.532	114.054	4
22.532	114.055	1
22.532	114.064	8
22.532	114.065	5
22.532	114.067	1
22.532	114.069	3
22.532	114.07	2
22.532	114.078	1
22.532	114.079	1
22.532	114.08	4
22.532	114.084	2
22.532	114.085	1
22.532	114.086	3
22.532	114.118	1
22.533	113.916	3
22.533	113.918	3
22.533	113.919	1
22.533	113.92	1
22.533	113.921	4
22.533	113.922	6
22.533	113.923	1
22.533	113.926	1
22.533	113.927	2
22.533	113.93	1
22.533	113.933	1
22.533	113.942	1
22.533	113.943	2
22.533	113.95	1
22.533	113.964	1
22.533	113.967	3
22.533	113.968	1
22.533	114.023	1
22.533	114.024	1
22.533	114.025	2
22.533	114.026	3
22.533	114.027	8
22.533	114.028	2
22.533	114.03	1
22.533	114.031	1
22.533	114.032	1
22.533	114.051	1
22.533	114.054	3
22.533	114.055	19
22.533	114.06	16
22.533	114.061	3
22.533	114.064	6
22.533	114.071	1
22.533	114.081	1
22.533	114.082	2
22.533	114.083	1
22.533	114.085	2
22.533	114.086	2
22.533	114.118	1
22.533	114.492	1
22.534	113.91	1
22.534	113.915	1
22.534	113.916	2
22.534	113.917	2
22.534	113.92	3
22.534	113.921	1
22.534	113.922	3
22.534	113.923	1
22.534	113.927	1
22.534	113.967	2
22.534	113.968	6
22.534	113.974	2
22.534	113.98	1
22.534	113.986	3
22.534	113.987	1
22.534	113.99	1
22.534	113.993	1
22.534	113.995	1
22.534	114.006	2
22.534	114.009	1
22.534	114.011	1
22.534	114.019	6
22.534	114.024	3
22.534	114.025	4
22.534	114.026	5
22.534	114.027	5
22.534	114.028	6
22.534	114.03	1
22.534	114.032	2
22.534	114.053	3
22.534	114.054	8
22.534	114.055	1
22.534	114.057	6
22.534	114.058	1
22.534	114.059	1
22.534	114.061	1
22.534	114.062	1
22.534	114.063	5
22.534	114.064	1
22.534	114.069	5
22.534	114.082	1
22.534	114.087	1
22.534	114.118	5
22.534	114.12	2
22.534	114.121	2
22.534	114.122	1
22.535	113.913	1
22.535	113.914	1
22.535	113.919	1
22.535	113.92	15
22.535	113.947	1
22.535	113.967	2
22.535	113.975	1
22.535	113.983	1
22.535	113.985	1
22.535	113.986	5
22.535	113.987	4
22.535	114.006	1
22.535	114.008	1
22.535	114.011	4
22.535	114.012	2
22.535	114.013	1
22.535	114.022	6
22.535	114.024	10
22.535	114.025	2
22.535	114.026	3
22.535	114.027	1
22.535	114.028	5
22.535	114.03	1
22.535	114.031	2
22.535	114.032	3
22.535	114.053	2
22.535	114.054	4
22.535	114.055	1
22.535	114.057	3
22.535	114.059	12
22.535	114.06	10
22.535	114.062	2
22.535	114.063	1
22.535	114.067	5
22.535	114.068	2
22.535	114.069	2
22.535	114.07	2
22.535	114.08	1
22.535	114.082	2
22.535	114.083	2
22.535	114.115	1
22.535	114.118	1
22.535	114.119	1
22.535	114.12	1
22.535	114.121	4
22.535	114.124	1
22.536	113.917	2
22.536	113.918	9
22.536	113.919	3
22.536	113.921	1
22.536	113.926	1
22.536	113.947	1
22.536	113.949	1
22.536	113.95	1
22.536	113.953	1
22.536	113.954	1
22.536	113.967	3
22.536	113.973	2
22.536	113.975	1
22.536	113.983	3
22.536	113.984	1
22.536	113.989	1
22.536	113.993	2
22.536	113.995	1
22.536	113.996	2
22.536	113.998	2
22.536	114.011	1
22.536	114.012	1
22.536	114.013	1
22.536	114.02	2
22.536	114.021	1
22.536	114.024	3
22.536	114.025	13
22.536	114.026	7
22.536	114.03	1
22.536	114.031	4
22.536	114.032	2
22.536	114.053	5
22.536	114.054	3
22.536	114.055	2
22.536	114.057	1
22.536	114.058	1
22.536	114.059	3
22.536	114.06	10
22.536	114.061	1
22.536	114.062	2
22.536	114.067	1
22.536	114.068	3
22.536	114.069	1
22.536	114.07	1
22.536	114.071	1
22.536	114.072	1
22.536	114.074	2
22.536	114.077	1
22.536	114.079	1
22.536	114.084	1
22.536	114.087	2
22.536	114.092	2
22.536	114.117	1
22.536	114.118	3
22.536	114.119	2
22.536	114.122	1
22.536	114.125	2
22.537	113.915	1
22.537	113.919	1
22.537	113.923	1
22.537	113.945	1
22.537	113.952	2
22.537	113.953	1
22.537	113.954	2
22.537	113.967	1
22.537	113.973	1
22.537	113.974	3
22.537	113.976	13
22.537	113.977	2
22.537	113.983	1
22.537	113.992	1
22.537	113.993	2
22.537	113.994	1
22.537	114.008	2
22.537	114.019	1
22.537	114.026	4
22.537	114.047	1
22.537	114.05	1
22.537	114.051	1
22.537	114.052	4
22.537	114.053	4
22.537	114.054	1
22.537	114.055	1
22.537	114.056	1
22.537	114.059	1
22.537	114.06	2
22.537	114.061	2
22.537	114.063	1
22.537	114.064	1
22.537	114.068	6
22.537	114.07	1
22.537	114.071	1
22.537	114.072	1
22.537	114.079	1
22.537	114.08	3
22.537	114.081	1
22.537	114.082	2
22.537	114.083	5
22.537	114.084	1
22.537	114.087	1
22.537	114.092	4
22.537	114.093	1
22.537	114.096	3
22.537	114.097	3
22.537	114.098	1
22.537	114.1	4
22.537	114.101	5
22.537	114.102	1
22.537	114.103	3
22.537	114.104	2
22.537	114.105	1
22.537	114.108	1
22.537	114.109	1
22.537	114.111	1
22.537	114.114	2
22.537	114.115	1
22.537	114.119	2
22.537	114.12	6
22.537	114.121	2
22.537	114.124	3
22.537	114.126	1
22.538	113.909	1
22.538	113.914	2
22.538	113.915	2
22.538	113.918	1
22.538	113.919	1
22.538	113.92	8
22.538	113.921	1
22.538	113.922	1
22.538	113.923	3
22.538	113.948	1
22.538	113.952	2
22.538	113.957	1
22.538	113.972	2
22.538	113.973	5
22.538	113.974	2
22.538	113.976	7
22.538	113.978	1
22.538	113.98	1
22.538	113.983	4
22.538	113.984	4
22.538	113.985	1
22.538	113.992	3
22.538	113.993	2
22.538	114.007	3
22.538	114.008	1
22.538	114.017	1
22.538	114.022	2
22.538	114.026	3
22.538	114.027	2
22.538	114.036	1
22.538	114.04	1
22.538	114.047	1
22.538	114.053	4
22.538	114.054	2
22.538	114.069	2
22.538	114.08	2
22.538	114.081	2
22.538	114.083	1
22.538	114.084	4
22.538	114.085	1
22.538	114.086	3
22.538	114.087	1
22.538	114.089	2
22.538	114.09	1
22.538	114.091	2
22.538	114.092	3
22.538	114.094	1
22.538	114.097	2
22.538	114.099	2
22.538	114.1	3
22.538	114.101	5
22.538	114.102	5
22.538	114.105	1
22.538	114.107	4
22.538	114.108	6
22.538	114.109	3
22.538	114.11	2
22.538	114.112	1
22.538	114.113	2
22.538	114.116	1
22.538	114.117	2
22.538	114.118	4
22.538	114.119	5
22.538	114.12	6
22.538	114.121	2
22.538	114.123	1
22.538	114.124	2
22.538	114.125	5
22.538	114.126	3
22.538	114.127	2
22.539	113.914	2
22.539	113.915	3
22.539	113.918	2
22.539	113.919	1
22.539	113.92	1
22.539	113.921	3
22.539	113.95	1
22.539	113.951	2
22.539	113.953	1
22.539	113.954	1
22.539	113.956	1
22.539	113.964	1
22.539	113.966	1
22.539	113.967	4
22.539	113.968	2
22.539	113.969	3
22.539	113.971	1
22.539	113.972	3
22.539	113.974	1
22.539	113.992	2
22.539	113.993	2
22.539	113.994	2
22.539	113.998	1
22.539	113.999	1
22.539	114.016	1
22.539	114.023	1
22.539	114.025	1
22.539	114.026	1
22.539	114.037	1
22.539	114.04	1
22.539	114.045	1
22.539	114.054	1
22.539	114.07	2
22.539	114.081	2
22.539	114.084	1
22.539	114.087	1
22.539	114.089	4
22.539	114.092	1
22.539	114.093	2
22.539	114.094	4
22.539	114.095	1
22.539	114.097	4
22.539	114.098	8
22.539	114.099	6
22.539	114.101	1
22.539	114.102	5
22.539	114.103	3
22.539	114.104	1
22.539	114.108	2
22.539	114.109	1
22.539	114.11	2
22.539	114.111	2
22.539	114.112	1
22.539	114.113	2
22.539	114.114	2
22.539	114.115	5
22.539	114.117	1
22.539	114.118	3
22.539	114.119	4
22.539	114.12	11
22.539	114.123	1
22.539	114.125	1
22.539	114.126	1
22.539	114.127	1
22.54	113.914	1
22.54	113.915	2
22.54	113.917	1
22.54	113.92	1
22.54	113.944	1
22.54	113.955	1
22.54	113.968	1
22.54	113.969	1
22.54	113.97	2
22.54	113.971	1
22.54	113.973	5
22.54	113.979	1
22.54	114.015	1
22.54	114.019	1
22.54	114.02	2
22.54	114.021	1
22.54	114.022	1
22.54	114.026	1
22.54	114.036	1
22.54	114.04	10
22.54	114.076	1
22.54	114.083	6
22.54	114.084	5
22.54	114.085	3
22.54	114.086	2
22.54	114.088	1
22.54	114.089	1
22.54	114.09	1
22.54	114.091	1
22.54	114.093	1
22.54	114.096	6
22.54	114.097	1
22.54	114.098	2
22.54	114.099	9
22.54	114.1	2
22.54	114.101	1
22.54	114.103	4
22.54	114.104	3
22.54	114.108	5
22.54	114.109	1
22.54	114.11	3
22.54	114.111	9
22.54	114.112	2
22.54	114.115	2
22.54	114.118	1
22.54	114.119	2
22.54	114.12	15
22.54	114.123	4
22.54	114.125	1
22.54	114.126	2
22.54	114.127	6
22.54	114.128	1
22.54	114.129	3
22.541	113.914	4
22.541	113.915	2
22.541	113.916	3
22.541	113.917	2
22.541	113.924	2
22.541	113.926	1
22.541	113.928	1
22.541	113.929	1
22.541	113.934	1
22.541	113.936	1
22.541	113.938	2
22.541	113.939	2
22.541	113.942	3
22.541	113.943	6
22.541	113.945	2
22.541	113.947	1
22.541	113.95	1
22.541	113.951	3
22.541	113.968	2
22.541	113.969	6
22.541	113.97	2
22.541	113.971	2
22.541	113.972	2
22.541	113.973	1
22.541	113.974	1
22.541	113.977	1
22.541	114.017	2
22.541	114.018	1
22.541	114.021	1
22.541	114.022	5
22.541	114.025	1
22.541	114.027	1
22.541	114.029	1
22.541	114.031	1
22.541	114.032	2
22.541	114.033	1
22.541	114.035	3
22.541	114.036	2
22.541	114.037	1
22.541	114.038	1
22.541	114.041	1
22.541	114.042	2
22.541	114.045	2
22.541	114.047	1
22.541	114.048	4
22.541	114.051	1
22.541	114.064	1
22.541	114.065	3
22.541	114.082	1
22.541	114.083	3
22.541	114.084	9
22.541	114.085	1
22.541	114.086	2
22.541	114.087	1
22.541	114.088	2
22.541	114.09	1
22.541	114.091	1
22.541	114.092	2
22.541	114.093	6
22.541	114.101	1
22.541	114.102	1
22.541	114.105	1
22.541	114.109	6
22.541	114.11	7
22.541	114.111	2
22.541	114.112	2
22.541	114.115	1
22.541	114.118	6
22.541	114.119	5
22.541	114.12	4
22.541	114.121	1
22.541	114.122	4
22.541	114.123	5
22.541	114.124	2
22.541	114.126	2
22.541	114.127	2
22.541	114.132	1
22.541	114.133	1
22.541	114.485	1
22.542	113.921	2
22.542	113.923	1
22.542	113.927	1
22.542	113.928	1
22.542	113.938	1
22.542	113.94	1
22.542	113.961	1
22.542	113.969	1
22.542	113.972	2
22.542	113.991	1
22.542	114.009	1
22.542	114.017	1
22.542	114.034	1
22.542	114.035	4
22.542	114.036	5
22.542	114.037	1
22.542	114.04	2
22.542	114.044	2
22.542	114.045	5
22.542	114.046	3
22.542	114.047	2
22.542	114.061	1
22.542	114.064	1
22.542	114.065	2
22.542	114.068	1
22.542	114.076	1
22.542	114.077	1
22.542	114.086	5
22.542	114.087	1
22.542	114.089	3
22.542	114.093	2
22.542	114.094	1
22.542	114.095	1
22.542	114.107	1
22.542	114.108	1
22.542	114.111	1
22.542	114.114	3
22.542	114.115	2
22.542	114.116	1
22.542	114.118	1
22.542	114.119	3
22.542	114.12	11
22.542	114.121	4
22.542	114.122	3
22.542	114.123	2
22.542	114.124	1
22.542	114.125	5
22.542	114.126	2
22.542	114.127	1
22.542	114.128	1
22.542	114.129	2
22.542	114.132	2
22.542	114.143	2
22.542	114.148	1
22.543	113.921	1
22.543	113.928	1
22.543	113.931	1
22.543	113.934	1
22.543	113.939	1
22.543	113.945	1
22.543	113.946	1
22.543	113.947	1
22.543	113.968	4
22.543	113.969	2
22.543	114.033	1
22.543	114.034	2
22.543	114.035	2
22.543	114.045	1
22.543	114.047	1
22.543	114.057	1
22.543	114.058	8
22.543	114.069	14
22.543	114.07	9
22.543	114.073	1
22.543	114.076	1
22.543	114.079	1
22.543	114.082	1
22.543	114.086	7
22.543	114.087	1
22.543	114.089	3
22.543	114.09	1
22.543	114.091	3
22.543	114.092	1
22.543	114.093	3
22.543	114.096	1
22.543	114.106	2
22.543	114.107	5
22.543	114.11	1
22.543	114.111	6
22.543	114.116	3
22.543	114.118	1
22.543	114.119	2
22.543	114.121	3
22.543	114.122	4
22.543	114.123	1
22.543	114.125	1
22.543	114.126	2
22.543	114.128	1
22.543	114.129	1
22.543	114.131	1
22.543	114.145	1
22.544	113.911	1
22.544	113.914	1
22.544	113.923	1
22.544	113.924	6
22.544	113.925	1
22.544	113.933	3
22.544	113.946	1
22.544	113.947	2
22.544	113.949	1
22.544	113.965	1
22.544	113.968	3
22.544	113.969	1
22.544	114.011	1
22.544	114.012	5
22.544	114.028	1
22.544	114.031	1
22.544	114.039	3
22.544	114.045	4
22.544	114.046	1
22.544	114.052	1
22.544	114.053	1
22.544	114.058	2
22.544	114.06	1
22.544	114.069	3
22.544	114.07	1
22.544	114.076	2
22.544	114.083	4
22.544	114.084	7
22.544	114.085	5
22.544	114.086	1
22.544	114.087	2
22.544	114.088	3
22.544	114.089	4
22.544	114.09	2
22.544	114.091	1
22.544	114.092	3
22.544	114.093	5
22.544	114.097	1
22.544	114.102	1
22.544	114.105	4
22.544	114.106	2
22.544	114.107	8
22.544	114.112	4
22.544	114.113	2
22.544	114.114	7
22.544	114.116	5
22.544	114.117	2
22.544	114.118	7
22.544	114.119	36
22.544	114.12	3
22.544	114.122	1
22.544	114.123	1
22.544	114.124	2
22.544	114.125	3
22.544	114.127	3
22.544	114.128	2
22.544	114.136	3
22.545	113.928	1
22.545	113.934	2
22.545	113.943	1
22.545	113.946	1
22.545	113.95	1
22.545	113.957	1
22.545	113.958	1
22.545	113.969	2
22.545	114.011	2
22.545	114.012	10
22.545	114.045	2
22.545	114.056	1
22.545	114.058	1
22.545	114.062	1
22.545	114.068	2
22.545	114.07	1
22.545	114.071	1
22.545	114.075	1
22.545	114.076	3
22.545	114.082	1
22.545	114.083	1
22.545	114.084	5
22.545	114.085	1
22.545	114.086	4
22.545	114.087	9
22.545	114.088	1
22.545	114.089	1
22.545	114.09	2
22.545	114.091	3
22.545	114.092	2
22.545	114.093	1
22.545	114.094	2
22.545	114.095	1
22.545	114.105	3
22.545	114.106	2
22.545	114.11	9
22.545	114.111	1
22.545	114.113	2
22.545	114.116	5
22.545	114.117	6
22.545	114.118	7
22.545	114.119	7
22.545	114.12	4
22.545	114.121	2
22.545	114.122	1
22.545	114.125	2
22.545	114.129	3
22.545	114.13	3
22.545	114.139	3
22.546	113.891	1
22.546	113.892	1
22.546	113.893	1
22.546	113.921	1
22.546	113.924	1
22.546	113.927	2
22.546	113.928	1
22.546	113.932	3
22.546	113.944	1
22.546	113.945	1
22.546	113.967	1
22.546	113.968	5
22.546	113.969	4
22.546	113.971	1
22.546	113.975	1
22.546	113.982	1
22.546	114.045	2
22.546	114.049	1
22.546	114.055	1
22.546	114.06	3
22.546	114.078	3
22.546	114.082	4
22.546	114.083	4
22.546	114.084	1
22.546	114.085	1
22.546	114.086	4
22.546	114.088	3
22.546	114.089	5
22.546	114.09	1
22.546	114.091	14
22.546	114.092	4
22.546	114.093	2
22.546	114.098	1
22.546	114.102	1
22.546	114.107	4
22.546	114.108	4
22.546	114.109	4
22.546	114.11	2
22.546	114.113	4
22.546	114.116	6
22.546	114.117	7
22.546	114.118	4
22.546	114.119	7
22.546	114.12	9
22.546	114.121	18
22.546	114.122	2
22.546	114.123	1
22.546	114.124	1
22.546	114.13	3
22.546	114.135	1
22.546	114.138	1
22.546	114.14	2
22.546	114.232	1
22.547	113.891	1
22.547	113.892	1
22.547	113.923	1
22.547	113.924	1
22.547	113.932	1
22.547	113.968	1
22.547	113.969	1
22.547	114.041	2
22.547	114.044	1
22.547	114.045	3
22.547	114.046	1
22.547	114.047	1
22.547	114.048	1
22.547	114.049	1
22.547	114.056	1
22.547	114.057	1
22.547	114.059	2
22.547	114.06	3
22.547	114.083	6
22.547	114.084	5
22.547	114.085	2
22.547	114.086	39
22.547	114.087	2
22.547	114.088	5
22.547	114.089	16
22.547	114.095	1
22.547	114.096	1
22.547	114.105	2
22.547	114.109	2
22.547	114.11	3
22.547	114.113	1
22.547	114.114	1
22.547	114.12	8
22.547	114.121	6
22.547	114.131	3
22.547	114.133	6
22.547	114.134	6
22.547	114.136	1
22.547	114.142	1
22.547	114.23	1
22.547	114.234	3
22.548	113.889	1
22.548	113.923	1
22.548	113.927	1
22.548	113.937	1
22.548	113.944	1
22.548	113.945	3
22.548	113.97	1
22.548	113.976	1
22.548	114.047	2
22.548	114.06	3
22.548	114.07	3
22.548	114.082	1
22.548	114.085	8
22.548	114.086	1
22.548	114.087	3
22.548	114.088	1
22.548	114.089	10
22.548	114.11	1
22.548	114.113	2
22.548	114.119	2
22.548	114.121	2
22.548	114.122	7
22.548	114.125	1
22.548	114.127	1
22.548	114.128	3
22.548	114.129	1
22.548	114.132	2
22.548	114.133	5
22.548	114.134	6
22.548	114.135	2
22.548	114.136	2
22.548	114.138	1
22.548	114.139	3
22.548	114.141	1
22.548	114.148	2
22.548	114.15	1
22.548	114.151	1
22.549	113.879	1
22.549	113.886	3
22.549	113.887	2
22.549	113.888	1
22.549	113.898	1
22.549	113.9	1
22.549	113.904	1
22.549	113.927	1
22.549	113.928	2
22.549	113.929	1
22.549	113.942	10
22.549	113.945	1
22.549	113.968	1
22.549	114.017	1
22.549	114.045	1
22.549	114.046	1
22.549	114.048	1
22.549	114.068	1
22.549	114.07	1
22.549	114.073	1
22.549	114.076	4
22.549	114.084	1
22.549	114.087	2
22.549	114.092	2
22.549	114.096	2
22.549	114.098	1
22.549	114.099	1
22.549	114.1	1
22.549	114.102	1
22.549	114.103	1
22.549	114.104	1
22.549	114.105	1
22.549	114.106	2
22.549	114.107	1
22.549	114.11	3
22.549	114.111	1
22.549	114.112	2
22.549	114.113	1
22.549	114.122	2
22.549	114.123	1
22.549	114.124	1
22.549	114.125	1
22.549	114.126	2
22.549	114.127	5
22.549	114.128	2
22.549	114.129	1
22.549	114.13	1
22.549	114.131	1
22.549	114.133	1
22.549	114.135	3
22.549	114.229	1
22.549	114.231	1
22.549	114.232	1
22.549	114.233	1
22.55	113.889	1
22.55	113.909	1
22.55	113.923	1
22.55	113.924	3
22.55	113.926	1
22.55	113.934	1
22.55	113.943	1
22.55	113.971	1
22.55	113.982	3
22.55	114.047	1
22.55	114.075	1
22.55	114.088	4
22.55	114.092	1
22.55	114.102	2
22.55	114.105	1
22.55	114.106	2
22.55	114.107	3
22.55	114.108	4
22.55	114.109	2
22.55	114.11	2
22.55	114.111	1
22.55	114.112	2
22.55	114.12	1
22.55	114.123	3
22.55	114.127	1
22.55	114.129	3
22.55	114.13	1
22.55	114.131	1
22.55	114.132	2
22.55	114.148	1
22.55	114.229	3
22.55	114.23	1
22.551	113.903	1
22.551	113.908	1
22.551	113.923	2
22.551	113.924	2
22.551	113.928	1
22.551	113.949	1
22.551	113.958	1
22.551	114.015	1
22.551	114.023	1
22.551	114.038	1
22.551	114.039	1
22.551	114.044	4
22.551	114.045	1
22.551	114.046	1
22.551	114.048	1
22.551	114.071	1
22.551	114.075	1
22.551	114.086	1
22.551	114.092	2
22.551	114.1	2
22.551	114.101	1
22.551	114.104	1
22.551	114.107	3
22.551	114.108	2
22.551	114.11	1
22.551	114.111	4
22.551	114.112	1
22.551	114.123	1
22.551	114.129	2
22.551	114.131	1
22.551	114.132	1
22.551	114.135	1
22.551	114.231	1
22.552	113.906	1
22.552	114.044	1
22.552	114.046	4
22.552	114.068	1
22.552	114.07	1
22.552	114.071	3
22.552	114.083	1
22.552	114.094	1
22.552	114.095	3
22.552	114.098	1
22.552	114.099	1
22.552	114.1	1
22.552	114.101	1
22.552	114.105	1
22.552	114.109	2
22.552	114.111	2
22.552	114.113	1
22.552	114.123	1
22.552	114.129	1
22.552	114.13	1
22.552	114.149	1
22.552	114.15	1
22.552	114.226	2
22.552	114.227	2
22.553	113.344	1
22.553	113.872	1
22.553	113.904	1
22.553	113.905	1
22.553	113.944	4
22.553	113.975	1
22.553	114.03	1
22.553	114.036	1
22.553	114.044	1
22.553	114.046	1
22.553	114.069	1
22.553	114.074	1
22.553	114.087	1
22.553	114.09	1
22.553	114.093	1
22.553	114.096	1
22.553	114.1	1
22.553	114.101	1
22.553	114.103	1
22.553	114.105	1
22.553	114.106	1
22.553	114.107	5
22.553	114.108	2
22.553	114.109	3
22.553	114.11	1
22.553	114.112	1
22.553	114.12	1
22.553	114.121	1
22.553	114.127	1
22.553	114.128	2
22.553	114.135	1
22.553	114.151	1
22.553	114.225	1
22.553	114.227	1
22.553	114.234	1
22.553	114.235	3
22.554	113.878	1
22.554	113.879	1
22.554	113.889	1
22.554	113.896	1
22.554	113.941	1
22.554	113.992	1
22.554	114.043	1
22.554	114.044	2
22.554	114.045	1
22.554	114.046	2
22.554	114.047	2
22.554	114.091	1
22.554	114.095	4
22.554	114.1	1
22.554	114.106	1
22.554	114.107	1
22.554	114.11	1
22.554	114.121	2
22.554	114.141	1
22.554	114.142	1
22.554	114.189	1
22.554	114.233	1
22.554	114.238	1
22.554	114.239	2
22.554	114.24	1
22.555	113.876	1
22.555	113.888	2
22.555	113.889	2
22.555	113.89	1
22.555	113.949	1
22.555	114.036	1
22.555	114.041	1
22.555	114.042	1
22.555	114.044	1
22.555	114.045	1
22.555	114.046	3
22.555	114.095	1
22.555	114.107	1
22.555	114.109	2
22.555	114.11	1
22.555	114.12	1
22.555	114.121	3
22.555	114.127	2
22.555	114.129	1
22.555	114.132	2
22.555	114.14	1
22.555	114.141	1
22.555	114.184	1
22.555	114.238	1
22.555	114.239	20
22.556	113.855	2
22.556	113.875	1
22.556	113.877	1
22.556	113.879	3
22.556	113.88	1
22.556	113.887	3
22.556	113.891	1
22.556	113.892	3
22.556	113.896	2
22.556	113.901	1
22.556	113.939	1
22.556	113.95	2
22.556	113.951	3
22.556	114.031	1
22.556	114.032	1
22.556	114.036	2
22.556	114.037	1
22.556	114.04	3
22.556	114.1	1
22.556	114.104	1
22.556	114.13	3
22.556	114.131	1
22.556	114.132	1
22.556	114.186	1
22.556	114.238	1
22.556	114.239	10
22.556	114.543	1
22.557	113.846	1
22.557	113.878	2
22.557	113.886	1
22.557	113.887	1
22.557	113.891	1
22.557	113.894	3
22.557	113.897	1
22.557	113.898	1
22.557	113.899	1
22.557	113.908	1
22.557	113.951	1
22.557	113.957	1
22.557	113.971	1
22.557	113.984	5
22.557	114.039	5
22.557	114.04	2
22.557	114.046	3
22.557	114.083	1
22.557	114.084	1
22.557	114.097	2
22.557	114.098	1
22.557	114.099	3
22.557	114.1	7
22.557	114.101	9
22.557	114.102	7
22.557	114.103	3
22.557	114.104	2
22.557	114.105	1
22.557	114.108	1
22.557	114.109	1
22.557	114.121	2
22.557	114.122	1
22.557	114.13	4
22.557	114.131	1
22.557	114.132	1
22.557	114.141	1
22.557	114.237	1
22.558	113.873	1
22.558	113.877	1
22.558	113.878	1
22.558	113.885	2
22.558	113.886	1
22.558	113.889	1
22.558	113.893	1
22.558	113.896	1
22.558	113.897	1
22.558	113.898	2
22.558	113.908	1
22.558	113.91	1
22.558	113.952	1
22.558	113.966	2
22.558	113.976	1
22.558	114.033	2
22.558	114.039	1
22.558	114.042	2
22.558	114.045	1
22.558	114.05	1
22.558	114.052	1
22.558	114.095	1
22.558	114.099	1
22.558	114.1	3
22.558	114.101	2
22.558	114.102	1
22.558	114.103	1
22.558	114.104	2
22.558	114.121	3
22.558	114.123	2
22.558	114.124	6
22.558	114.13	1
22.558	114.133	1
22.558	114.238	3
22.559	113.876	3
22.559	113.877	1
22.559	113.879	1
22.559	113.886	3
22.559	113.888	1
22.559	113.889	3
22.559	113.895	1
22.559	113.896	4
22.559	113.899	3
22.559	113.9	2
22.559	113.905	28
22.559	113.906	8
22.559	113.909	1
22.559	113.951	1
22.559	113.953	1
22.559	113.974	2
22.559	113.981	1
22.559	113.984	1
22.559	114.038	1
22.559	114.064	1
22.559	114.093	1
22.559	114.095	1
22.559	114.098	1
22.559	114.1	1
22.559	114.101	3
22.559	114.102	2
22.559	114.103	2
22.559	114.109	1
22.559	114.126	1
22.559	114.128	1
22.559	114.13	3
22.559	114.135	1
22.559	114.162	1
22.559	114.17	1
22.559	114.172	1
22.559	114.243	1
22.56	113.867	1
22.56	113.871	1
22.56	113.875	1
22.56	113.88	2
22.56	113.884	1
22.56	113.889	6
22.56	113.893	2
22.56	113.898	1
22.56	113.9	2
22.56	113.904	8
22.56	113.905	1
22.56	113.906	2
22.56	113.907	4
22.56	113.908	1
22.56	113.909	1
22.56	113.917	1
22.56	113.948	1
22.56	113.95	1
22.56	113.973	1
22.56	113.974	2
22.56	113.984	1
22.56	114.054	1
22.56	114.064	1
22.56	114.1	1
22.56	114.101	1
22.56	114.106	2
22.56	114.121	1
22.56	114.241	1
22.561	113.881	5
22.561	113.882	1
22.561	113.888	2
22.561	113.89	4
22.561	113.891	1
22.561	113.893	1
22.561	113.894	1
22.561	113.895	3
22.561	113.899	1
22.561	113.903	2
22.561	113.904	2
22.561	113.905	1
22.561	113.906	3
22.561	113.907	8
22.561	113.912	1
22.561	113.98	1
22.561	113.984	2
22.561	113.986	1
22.561	114.04	1
22.561	114.043	2
22.561	114.055	2
22.561	114.06	1
22.561	114.094	1
22.561	114.095	2
22.561	114.096	1
22.561	114.098	1
22.561	114.101	4
22.561	114.105	1
22.561	114.108	1
22.561	114.109	6
22.561	114.123	1
22.561	114.127	2
22.561	114.129	1
22.561	114.13	1
22.561	114.14	3
22.561	114.169	1
22.561	114.17	2
22.561	114.172	3
22.561	114.174	1
22.561	114.175	1
22.562	113.865	1
22.562	113.878	1
22.562	113.881	1
22.562	113.882	4
22.562	113.883	5
22.562	113.889	1
22.562	113.89	1
22.562	113.891	2
22.562	113.893	3
22.562	113.894	1
22.562	113.897	1
22.562	113.899	1
22.562	113.9	1
22.562	113.902	1
22.562	113.903	4
22.562	113.904	2
22.562	113.906	4
22.562	113.908	2
22.562	113.963	1
22.562	114.037	1
22.562	114.038	2
22.562	114.041	3
22.562	114.042	1
22.562	114.06	1
22.562	114.099	3
22.562	114.1	5
22.562	114.101	2
22.562	114.102	2
22.562	114.103	2
22.562	114.109	1
22.562	114.11	1
22.562	114.127	1
22.562	114.13	1
22.562	114.139	2
22.562	114.14	1
22.562	114.169	1
22.562	114.17	6
22.562	114.171	1
22.562	114.172	1
22.562	114.496	1
22.563	113.863	1
22.563	113.865	1
22.563	113.872	1
22.563	113.877	2
22.563	113.878	1
22.563	113.882	2
22.563	113.892	2
22.563	113.896	1
22.563	113.902	2
22.563	113.903	2
22.563	113.904	1
22.563	113.905	2
22.563	113.906	1
22.563	113.909	2
22.563	113.963	1
22.563	113.982	1
22.563	114.038	1
22.563	114.041	1
22.563	114.044	2
22.563	114.045	1
22.563	114.054	1
22.563	114.093	1
22.563	114.097	2
22.563	114.112	2
22.563	114.127	1
22.563	114.13	1
22.563	114.14	5
22.563	114.17	4
22.564	113.854	2
22.564	113.86	1
22.564	113.866	1
22.564	113.87	1
22.564	113.875	1
22.564	113.877	1
22.564	113.878	1
22.564	113.881	1
22.564	113.882	1
22.564	113.89	1
22.564	113.893	1
22.564	113.894	1
22.564	113.895	5
22.564	113.9	1
22.564	113.903	1
22.564	113.904	2
22.564	113.907	1
22.564	113.908	1
22.564	113.909	1
22.564	114.041	1
22.564	114.045	1
22.564	114.046	1
22.564	114.048	1
22.564	114.049	1
22.564	114.053	1
22.564	114.054	3
22.564	114.055	5
22.564	114.056	2
22.564	114.057	1
22.564	114.06	1
22.564	114.061	1
22.564	114.1	1
22.564	114.103	1
22.564	114.112	2
22.564	114.117	1
22.564	114.128	2
22.564	114.139	1
22.564	114.166	1
22.564	114.169	2
22.564	114.17	2
22.564	114.171	7
22.564	114.172	8
22.564	114.173	3
22.564	114.174	2
22.564	114.175	2
22.564	114.495	1
22.564	114.496	1
22.565	113.859	1
22.565	113.86	3
22.565	113.863	1
22.565	113.867	3
22.565	113.868	1
22.565	113.869	4
22.565	113.882	3
22.565	113.883	4
22.565	113.887	1
22.565	113.888	1
22.565	113.892	1
22.565	113.894	2
22.565	113.899	3
22.565	113.903	1
22.565	113.904	1
22.565	113.906	2
22.565	113.909	2
22.565	113.964	1
22.565	114.033	1
22.565	114.041	1
22.565	114.042	1
22.565	114.043	3
22.565	114.046	1
22.565	114.048	1
22.565	114.049	4
22.565	114.05	1
22.565	114.051	1
22.565	114.054	4
22.565	114.058	3
22.565	114.059	4
22.565	114.06	5
22.565	114.061	2
22.565	114.113	5
22.565	114.114	1
22.565	114.115	2
22.565	114.127	1
22.565	114.163	1
22.565	114.167	1
22.565	114.17	1
22.565	114.175	1
22.566	113.859	1
22.566	113.862	1
22.566	113.863	2
22.566	113.864	1
22.566	113.873	1
22.566	113.874	1
22.566	113.875	2
22.566	113.881	2
22.566	113.883	2
22.566	113.886	2
22.566	113.9	1
22.566	113.901	1
22.566	113.906	2
22.566	113.907	1
22.566	113.914	1
22.566	113.953	1
22.566	114.041	5
22.566	114.042	3
22.566	114.043	1
22.566	114.05	4
22.566	114.052	1
22.566	114.054	2
22.566	114.056	1
22.566	114.058	3
22.566	114.059	2
22.566	114.065	2
22.566	114.099	2
22.566	114.113	1
22.566	114.123	1
22.566	114.142	4
22.566	114.143	1
22.567	113.854	1
22.567	113.863	1
22.567	113.867	5
22.567	113.868	5
22.567	113.869	4
22.567	113.872	1
22.567	113.873	1
22.567	113.874	5
22.567	113.875	1
22.567	113.877	1
22.567	113.885	2
22.567	113.886	2
22.567	113.889	1
22.567	113.89	1
22.567	113.891	1
22.567	113.892	1
22.567	113.901	4
22.567	113.902	1
22.567	113.905	1
22.567	113.906	1
22.567	113.922	1
22.567	113.953	1
22.567	113.962	1
22.567	114.042	1
22.567	114.043	1
22.567	114.048	4
22.567	114.049	1
22.567	114.05	1
22.567	114.054	2
22.567	114.055	1
22.567	114.059	4
22.567	114.061	3
22.567	114.065	1
22.567	114.097	1
22.567	114.099	1
22.567	114.113	3
22.567	114.13	2
22.567	114.14	1
22.567	114.141	1
22.567	114.142	1
22.568	113.856	1
22.568	113.857	2
22.568	113.858	2
22.568	113.863	1
22.568	113.864	4
22.568	113.865	2
22.568	113.866	2
22.568	113.868	4
22.568	113.869	1
22.568	113.87	12
22.568	113.871	1
22.568	113.882	1
22.568	113.886	1
22.568	113.887	1
22.568	113.888	1
22.568	113.89	1
22.568	113.891	1
22.568	113.896	1
22.568	113.902	2
22.568	113.903	2
22.568	113.904	2
22.568	113.909	2
22.568	113.914	1
22.568	113.915	1
22.568	113.918	2
22.568	113.967	1
22.568	114.043	4
22.568	114.045	1
22.568	114.048	4
22.568	114.049	1
22.568	114.058	1
22.568	114.059	2
22.568	114.06	3
22.568	114.061	3
22.568	114.062	2
22.568	114.063	1
22.568	114.064	2
22.568	114.065	1
22.568	114.066	2
22.568	114.093	1
22.568	114.114	1
22.568	114.115	1
22.568	114.125	1
22.568	114.139	1
22.568	114.14	1
22.568	114.141	2
22.569	113.854	1
22.569	113.856	2
22.569	113.857	9
22.569	113.863	1
22.569	113.864	1
22.569	113.866	3
22.569	113.868	2
22.569	113.869	1
22.569	113.87	6
22.569	113.871	3
22.569	113.874	1
22.569	113.877	2
22.569	113.886	2
22.569	113.888	2
22.569	113.889	1
22.569	113.89	5
22.569	113.896	1
22.569	113.897	1
22.569	113.898	1
22.569	113.899	1
22.569	113.903	1
22.569	113.904	3
22.569	113.905	2
22.569	113.911	3
22.569	113.912	1
22.569	113.928	1
22.569	113.951	1
22.569	113.961	1
22.569	113.967	1
22.569	114.035	1
22.569	114.057	1
22.569	114.075	1
22.569	114.104	1
22.569	114.114	1
22.569	114.123	1
22.569	114.138	4
22.569	114.139	7
22.569	114.141	2
22.57	113.856	2
22.57	113.857	1
22.57	113.861	1
22.57	113.867	2
22.57	113.868	1
22.57	113.869	1
22.57	113.87	3
22.57	113.871	7
22.57	113.881	1
22.57	113.885	2
22.57	113.889	4
22.57	113.895	1
22.57	113.9	1
22.57	113.901	1
22.57	113.902	2
22.57	113.903	3
22.57	113.91	3
22.57	113.911	1
22.57	113.913	1
22.57	113.951	1
22.57	113.961	1
22.57	113.962	1
22.57	113.964	1
22.57	114.059	2
22.57	114.06	1
22.57	114.089	1
22.57	114.13	1
22.57	114.137	1
22.571	113.858	3
22.571	113.863	1
22.571	113.866	2
22.571	113.867	1
22.571	113.868	3
22.571	113.869	2
22.571	113.872	4
22.571	113.876	2
22.571	113.884	1
22.571	113.895	1
22.571	113.897	2
22.571	113.901	2
22.571	113.902	1
22.571	113.904	1
22.571	113.906	1
22.571	113.909	2
22.571	113.958	1
22.571	113.959	2
22.571	113.96	1
22.571	114.043	1
22.571	114.059	2
22.571	114.069	1
22.571	114.07	1
22.571	114.112	1
22.571	114.124	1
22.571	114.125	1
22.571	114.129	1
22.571	114.13	1
22.571	114.131	1
22.572	113.858	5
22.572	113.859	2
22.572	113.86	1
22.572	113.862	2
22.572	113.863	1
22.572	113.866	2
22.572	113.867	6
22.572	113.869	2
22.572	113.874	1
22.572	113.877	1
22.572	113.888	1
22.572	113.889	2
22.572	113.892	1
22.572	113.893	2
22.572	113.896	1
22.572	113.901	2
22.572	113.908	1
22.572	113.958	1
22.572	114.068	1
22.572	114.104	1
22.572	114.127	1
22.572	114.136	4
22.572	114.141	2
22.573	113.858	4
22.573	113.862	1
22.573	113.863	2
22.573	113.864	2
22.573	113.867	2
22.573	113.873	1
22.573	113.874	1
22.573	113.876	1
22.573	113.877	1
22.573	113.878	1
22.573	113.879	1
22.573	113.881	1
22.573	113.895	2
22.573	113.901	1
22.573	113.952	2
22.573	113.953	1
22.573	113.954	1
22.573	114.141	1
22.574	113.85	1
22.574	113.858	1
22.574	113.861	1
22.574	113.862	1
22.574	113.863	2
22.574	113.864	4
22.574	113.865	3
22.574	113.872	1
22.574	113.876	4
22.574	113.89	1
22.574	113.892	1
22.574	113.893	2
22.574	113.895	1
22.574	113.898	1
22.574	113.899	1
22.574	113.9	3
22.574	113.953	1
22.574	114.064	1
22.574	114.103	1
22.574	114.104	2
22.574	114.128	1
22.574	114.13	1
22.574	114.146	1
22.575	113.856	2
22.575	113.858	1
22.575	113.861	1
22.575	113.862	1
22.575	113.864	3
22.575	113.865	6
22.575	113.866	1
22.575	113.87	1
22.575	113.871	1
22.575	113.876	1
22.575	113.879	1
22.575	113.88	2
22.575	113.881	2
22.575	113.889	1
22.575	113.894	1
22.575	113.895	1
22.575	113.898	1
22.575	113.899	1
22.575	113.921	1
22.575	113.951	1
22.575	113.953	8
22.575	113.956	1
22.575	113.958	1
22.576	113.86	1
22.576	113.862	1
22.576	113.863	8
22.576	113.864	2
22.576	113.866	1
22.576	113.867	2
22.576	113.881	1
22.576	113.882	5
22.576	113.888	2
22.576	113.889	3
22.576	113.897	2
22.576	113.898	1
22.576	113.901	2
22.576	113.902	1
22.576	113.904	1
22.576	113.909	1
22.576	113.913	1
22.576	113.916	1
22.576	113.952	1
22.576	113.953	3
22.576	113.954	1
22.576	113.956	2
22.576	114.128	2
22.576	114.131	1
22.576	114.135	1
22.576	114.136	1
22.577	113.856	1
22.577	113.861	1
22.577	113.862	1
22.577	113.867	2
22.577	113.881	3
22.577	113.883	1
22.577	113.884	2
22.577	113.886	1
22.577	113.887	1
22.577	113.896	2
22.577	113.897	1
22.577	113.898	2
22.577	113.902	1
22.577	113.903	1
22.577	113.904	1
22.577	113.906	1
22.577	113.907	1
22.577	113.912	1
22.577	113.913	1
22.577	113.953	1
22.577	113.954	2
22.577	113.955	1
22.577	114.103	1
22.577	114.123	1
22.577	114.125	1
22.577	114.128	2
22.577	114.129	3
22.577	114.132	1
22.577	114.134	1
22.577	114.135	2
22.577	114.141	3
22.578	113.86	2
22.578	113.868	1
22.578	113.87	1
22.578	113.873	1
22.578	113.874	8
22.578	113.875	1
22.578	113.887	2
22.578	113.888	6
22.578	113.889	1
22.578	113.89	2
22.578	113.894	1
22.578	113.895	1
22.578	113.899	3
22.578	113.9	1
22.578	113.901	1
22.578	113.906	2
22.578	113.907	2
22.578	113.908	1
22.578	113.945	1
22.578	113.946	1
22.578	113.954	2
22.578	114.138	1
22.578	114.143	2
22.578	114.144	1
22.579	113.86	5
22.579	113.861	1
22.579	113.867	3
22.579	113.868	1
22.579	113.869	2
22.579	113.871	2
22.579	113.873	1
22.579	113.879	1
22.579	113.884	2
22.579	113.887	1
22.579	113.888	6
22.579	113.891	1
22.579	113.892	1
22.579	113.895	4
22.579	113.9	2
22.579	113.901	2
22.579	113.907	1
22.579	113.956	1
22.579	114.13	1
22.579	114.137	1
22.579	114.138	2
22.579	114.142	2
22.58	113.861	3
22.58	113.862	2
22.58	113.87	2
22.58	113.879	1
22.58	113.88	1
22.58	113.885	1
22.58	113.887	1
22.58	113.888	1
22.58	113.892	3
22.58	113.893	2
22.58	113.903	1
22.58	113.91	1
22.58	113.948	1
22.58	113.949	1
22.58	113.954	2
22.58	114.12	1
22.58	114.137	1
22.58	114.142	1
22.581	113.86	1
22.581	113.862	3
22.581	113.864	1
22.581	113.868	1
22.581	113.869	1
22.581	113.872	1
22.581	113.874	1
22.581	113.881	2
22.581	113.882	1
22.581	113.883	1
22.581	113.886	3
22.581	113.893	1
22.581	113.894	1
22.581	113.895	1
22.581	113.902	2
22.581	113.905	1
22.581	113.916	1
22.581	113.933	1
22.581	113.948	1
22.581	113.949	1
22.581	113.95	2
22.581	113.951	4
22.581	113.952	1
22.581	113.953	1
22.581	113.954	2
22.581	113.955	2
22.581	113.956	2
22.581	113.957	1
22.581	114.136	4
22.581	114.137	1
22.581	114.138	2
22.581	114.142	1
22.582	113.853	2
22.582	113.86	3
22.582	113.861	4
22.582	113.862	1
22.582	113.863	3
22.582	113.869	3
22.582	113.873	1
22.582	113.874	2
22.582	113.88	1
22.582	113.881	10
22.582	113.882	3
22.582	113.885	1
22.582	113.886	3
22.582	113.887	5
22.582	113.892	2
22.582	113.896	4
22.582	113.897	1
22.582	113.899	1
22.582	113.92	1
22.582	113.951	5
22.582	113.953	2
22.582	113.954	1
22.582	113.955	1
22.582	113.956	3
22.582	113.958	1
22.582	114.076	1
22.582	114.136	2
22.582	114.137	1
22.583	113.86	2
22.583	113.861	1
22.583	113.863	1
22.583	113.864	3
22.583	113.868	1
22.583	113.874	1
22.583	113.88	3
22.583	113.881	2
22.583	113.883	1
22.583	113.896	1
22.583	113.92	1
22.583	113.953	1
22.583	113.956	2
22.583	113.957	1
22.583	113.965	2
22.583	113.966	1
22.583	114.119	2
22.583	114.138	2
22.584	113.859	1
22.584	113.865	1
22.584	113.879	2
22.584	113.88	3
22.584	113.881	4
22.584	113.882	1
22.584	113.886	1
22.584	113.89	2
22.584	113.894	1
22.584	113.948	6
22.584	113.949	2
22.584	113.95	2
22.584	113.951	2
22.584	113.952	1
22.584	113.953	2
22.584	113.954	1
22.584	113.955	1
22.584	113.957	1
22.584	113.966	5
22.584	113.97	1
22.584	114.107	1
22.584	114.109	1
22.584	114.117	1
22.584	114.133	1
22.584	114.134	1
22.584	114.138	1
22.584	114.278	1
22.585	113.844	1
22.585	113.86	2
22.585	113.879	2
22.585	113.88	1
22.585	113.882	2
22.585	113.883	1
22.585	113.888	1
22.585	113.891	1
22.585	113.901	1
22.585	113.91	1
22.585	113.93	1
22.585	113.948	1
22.585	113.949	4
22.585	113.95	1
22.585	113.951	2
22.585	113.953	1
22.585	113.965	1
22.585	113.966	1
22.585	114.111	1
22.585	114.112	1
22.585	114.119	3
22.585	114.473	1
22.585	114.481	1
22.586	113.858	1
22.586	113.869	1
22.586	113.882	1
22.586	113.886	1
22.586	113.896	1
22.586	113.948	2
22.586	113.965	1
22.586	113.966	1
22.586	113.967	1
22.586	114.12	1
22.586	114.135	1
22.586	114.271	1
22.586	114.279	2
22.587	113.878	2
22.587	113.885	2
22.587	113.887	1
22.587	113.892	4
22.587	113.894	7
22.587	113.947	1
22.587	113.948	1
22.587	113.949	1
22.587	113.969	1
22.587	114.111	1
22.587	114.112	3
22.587	114.508	1
22.588	113.862	2
22.588	113.877	1
22.588	113.885	2
22.588	113.891	2
22.588	113.946	1
22.588	113.957	1
22.588	113.965	1
22.588	114.111	3
22.588	114.113	1
22.588	114.117	1
22.588	114.122	1
22.588	114.123	2
22.588	114.191	1
22.588	114.264	2
22.588	114.273	1
22.589	113.854	1
22.589	113.876	1
22.589	113.882	1
22.589	113.886	1
22.589	113.891	1
22.589	113.985	1
22.589	113.986	2
22.589	113.987	1
22.589	114.124	1
22.589	114.128	1
22.589	114.474	1
22.59	113.841	1
22.59	113.875	1
22.59	113.884	1
22.59	113.891	1
22.59	113.982	1
22.59	113.985	1
22.59	114.0	5
22.59	114.054	1
22.59	114.112	1
22.59	114.116	1
22.59	114.135	1
22.59	114.253	1
22.591	113.845	1
22.591	113.846	1
22.591	113.852	1
22.591	114.111	1
22.591	114.193	1
22.591	114.476	1
22.591	114.504	1
22.592	113.845	1
22.592	113.874	3
22.592	113.875	1
22.592	113.885	1
22.592	113.956	1
22.592	113.979	1
22.592	113.98	1
22.592	113.999	1
22.592	114.251	1
22.592	114.306	1
22.592	114.476	1
22.592	114.486	1
22.593	113.844	1
22.593	113.846	2
22.593	113.874	1
22.593	113.875	1
22.593	113.877	1
22.593	114.12	1
22.593	114.124	1
22.593	114.125	2
22.593	114.127	1
22.593	114.128	1
22.593	114.304	1
22.593	114.306	1
22.593	114.465	1
22.593	114.525	1
22.593	114.527	1
22.594	113.844	1
22.594	113.872	1
22.594	113.879	1
22.594	113.881	1
22.594	113.882	1
22.594	114.047	1
22.594	114.049	1
22.594	114.117	2
22.594	114.119	2
22.594	114.12	5
22.594	114.123	1
22.594	114.125	2
22.594	114.127	1
22.594	114.305	1
22.594	114.306	1
22.594	114.307	1
22.594	114.308	2
22.594	114.476	1
22.594	114.477	1
22.594	114.522	1
22.595	113.847	1
22.595	114.107	1
22.595	114.114	1
22.595	114.124	1
22.595	114.126	1
22.595	114.304	3
22.595	114.307	1
22.595	114.308	1
22.596	113.849	1
22.596	113.872	1
22.596	113.879	2
22.596	114.114	2
22.596	114.123	2
22.596	114.306	2
22.596	114.309	1
22.597	113.848	2
22.597	113.85	2
22.597	113.876	1
22.597	114.046	2
22.597	114.047	1
22.597	114.048	2
22.597	114.122	2
22.597	114.123	1
22.597	114.124	2
22.597	114.174	1
22.597	114.175	1
22.597	114.306	1
22.597	114.309	1
22.597	114.475	1
22.598	113.846	1
22.598	113.85	2
22.598	113.851	1
22.598	113.888	3
22.598	114.011	2
22.598	114.042	3
22.598	114.044	1
22.598	114.045	2
22.598	114.046	2
22.598	114.047	3
22.598	114.049	2
22.598	114.052	2
22.598	114.053	1
22.598	114.054	1
22.598	114.112	1
22.598	114.115	1
22.598	114.121	4
22.598	114.122	1
22.598	114.123	1
22.598	114.127	4
22.598	114.31	2
22.598	114.311	1
22.598	114.314	1
22.599	113.841	2
22.599	113.842	1
22.599	113.843	1
22.599	113.844	1
22.599	113.847	1
22.599	113.851	1
22.599	113.852	1
22.599	114.043	1
22.599	114.046	1
22.599	114.047	10
22.599	114.048	1
22.599	114.052	1
22.599	114.111	1
22.599	114.112	2
22.599	114.113	1
22.599	114.114	4
22.599	114.115	1
22.599	114.117	3
22.599	114.118	1
22.599	114.12	3
22.599	114.122	2
22.599	114.127	3
22.599	114.128	1
22.599	114.299	1
22.599	114.301	1
22.599	114.312	2
22.6	113.845	1
22.6	113.847	4
22.6	113.848	1
22.6	113.853	1
22.6	113.867	16
22.6	113.887	1
22.6	114.039	1
22.6	114.043	1
22.6	114.055	1
22.6	114.056	1
22.6	114.057	1
22.6	114.117	6
22.6	114.118	4
22.6	114.119	2
22.6	114.123	4
22.6	114.124	1
22.6	114.305	1
22.6	114.31	1
22.601	113.846	1
22.601	113.847	3
22.601	113.854	6
22.601	113.855	1
22.601	113.856	1
22.601	113.859	2
22.601	113.86	4
22.601	113.861	3
22.601	113.862	2
22.601	113.866	5
22.601	113.879	1
22.601	113.938	1
22.601	114.039	1
22.601	114.045	1
22.601	114.046	1
22.601	114.053	1
22.601	114.055	1
22.601	114.116	1
22.601	114.117	5
22.601	114.123	1
22.601	114.124	4
22.601	114.125	2
22.601	114.128	3
22.601	114.137	2
22.601	114.14	1
22.601	114.143	2
22.601	114.144	1
22.601	114.177	1
22.601	114.264	1
22.602	113.841	1
22.602	113.85	1
22.602	113.854	1
22.602	113.862	4
22.602	113.863	1
22.602	113.865	8
22.602	113.871	1
22.602	114.03	1
22.602	114.043	1
22.602	114.046	1
22.602	114.047	7
22.602	114.11	2
22.602	114.116	1
22.602	114.117	2
22.602	114.118	2
22.602	114.121	1
22.602	114.122	2
22.602	114.148	1
22.602	114.176	1
22.602	114.305	2
22.603	113.852	1
22.603	113.857	1
22.603	114.032	1
22.603	114.033	3
22.603	114.034	1
22.603	114.043	1
22.603	114.044	2
22.603	114.045	1
22.603	114.046	7
22.603	114.058	1
22.603	114.113	1
22.603	114.117	1
22.603	114.124	1
22.603	114.132	1
22.603	114.14	1
22.603	114.143	2
22.603	114.168	1
22.603	114.17	1
22.603	114.176	1
22.603	114.178	1
22.604	113.834	1
22.604	113.869	8
22.604	113.992	1
22.604	114.03	1
22.604	114.032	4
22.604	114.033	2
22.604	114.034	1
22.604	114.035	2
22.604	114.036	1
22.604	114.041	1
22.604	114.043	1
22.604	114.045	5
22.604	114.046	1
22.604	114.116	1
22.604	114.13	2
22.604	114.145	1
22.604	114.155	1
22.605	113.868	2
22.605	114.027	1
22.605	114.039	1
22.605	114.043	1
22.605	114.044	1
22.605	114.105	1
22.605	114.106	1
22.605	114.115	1
22.605	114.116	2
22.605	114.117	1
22.605	114.118	2
22.605	114.126	2
22.605	114.128	1
22.605	114.132	1
22.606	113.851	1
22.606	114.108	2
22.606	114.115	1
22.606	114.118	4
22.606	114.119	1
22.606	114.132	1
22.606	114.136	1
22.606	114.143	2
22.606	114.144	1
22.606	114.149	1
22.606	114.151	1
22.606	114.155	1
22.607	114.026	1
22.607	114.028	1
22.607	114.046	1
22.607	114.05	1
22.607	114.11	1
22.607	114.118	2
22.607	114.119	1
22.607	114.124	1
22.607	114.126	4
22.607	114.13	1
22.607	114.141	2
22.607	114.149	1
22.607	114.15	3
22.607	114.151	1
22.607	114.152	2
22.607	114.153	1
22.607	114.155	1
22.607	114.159	1
22.608	113.863	1
22.608	113.864	2
22.608	114.041	2
22.608	114.046	1
22.608	114.107	1
22.608	114.108	4
22.608	114.109	1
22.608	114.111	1
22.608	114.115	1
22.608	114.118	3
22.608	114.121	1
22.608	114.124	3
22.608	114.125	2
22.608	114.136	3
22.608	114.137	3
22.608	114.138	4
22.608	114.14	1
22.608	114.143	1
22.608	114.146	3
22.608	114.151	1
22.608	114.164	1
22.608	114.36	1
22.609	113.864	1
22.609	114.019	1
22.609	114.028	1
22.609	114.031	1
22.609	114.033	5
22.609	114.041	1
22.609	114.045	1
22.609	114.046	2
22.609	114.11	2
22.609	114.111	1
22.609	114.117	3
22.609	114.118	1
22.609	114.121	1
22.609	114.122	1
22.609	114.124	1
22.609	114.125	1
22.609	114.13	3
22.609	114.135	1
22.609	114.136	1
22.609	114.146	4
22.609	114.164	1
22.61	113.862	1
22.61	114.03	1
22.61	114.031	1
22.61	114.032	4
22.61	114.033	1
22.61	114.037	1
22.61	114.041	1
22.61	114.042	4
22.61	114.045	5
22.61	114.112	2
22.61	114.116	1
22.61	114.124	3
22.61	114.136	1
22.61	114.14	1
22.61	114.141	1
22.61	114.144	1
22.61	114.145	1
22.61	114.147	1
22.61	114.15	1
22.61	114.151	1
22.61	114.165	3
22.611	113.857	2
22.611	114.029	2
22.611	114.03	1
22.611	114.032	8
22.611	114.033	1
22.611	114.044	1
22.611	114.045	1
22.611	114.102	1
22.611	114.103	1
22.611	114.111	1
22.611	114.115	2
22.611	114.117	1
22.611	114.135	1
22.611	114.137	1
22.611	114.144	1
22.611	114.147	1
22.611	114.151	3
22.611	114.153	1
22.611	114.157	1
22.611	114.162	1
22.611	114.163	1
22.612	113.847	1
22.612	113.86	1
22.612	114.032	2
22.612	114.038	1
22.612	114.043	1
22.612	114.045	2
22.612	114.063	1
22.612	114.064	2
22.612	114.108	1
22.612	114.109	2
22.612	114.11	1
22.612	114.119	1
22.612	114.123	1
22.612	114.136	1
22.612	114.137	1
22.612	114.14	3
22.612	114.141	3
22.612	114.145	1
22.612	114.146	1
22.612	114.151	3
22.613	113.846	1
22.613	114.029	1
22.613	114.037	1
22.613	114.038	1
22.613	114.039	1
22.613	114.04	1
22.613	114.041	2
22.613	114.043	3
22.613	114.046	1
22.613	114.061	1
22.613	114.063	1
22.613	114.064	2
22.613	114.106	1
22.613	114.113	1
22.613	114.136	2
22.613	114.151	1
22.613	114.224	1
22.614	113.841	2
22.614	113.846	1
22.614	113.86	1
22.614	113.862	1
22.614	113.863	1
22.614	114.038	1
22.614	114.04	1
22.614	114.041	1
22.614	114.042	2
22.614	114.043	1
22.614	114.061	2
22.614	114.062	6
22.614	114.073	1
22.614	114.134	3
22.614	114.138	1
22.614	114.139	2
22.614	114.155	1
22.615	113.86	1
22.615	113.861	1
22.615	113.863	2
22.615	113.865	1
22.615	113.866	1
22.615	114.033	1
22.615	114.036	2
22.615	114.039	1
22.615	114.046	6
22.615	114.065	1
22.615	114.103	1
22.615	114.109	4
22.615	114.11	1
22.615	114.111	1
22.615	114.115	1
22.615	114.134	1
22.615	114.135	1
22.615	114.139	1
22.615	114.155	1
22.615	114.158	2
22.615	114.229	1
22.616	113.86	1
22.616	113.861	1
22.616	113.974	1
22.616	114.027	1
22.616	114.034	1
22.616	114.039	1
22.616	114.041	2
22.616	114.045	3
22.616	114.046	1
22.616	114.048	1
22.616	114.062	1
22.616	114.064	2
22.616	114.065	1
22.616	114.066	2
22.616	114.067	1
22.616	114.068	1
22.616	114.113	1
22.616	114.133	1
22.616	114.134	1
22.616	114.139	3
22.616	114.141	2
22.616	114.142	1
22.616	114.161	1
22.617	113.86	2
22.617	113.862	1
22.617	113.865	1
22.617	113.953	1
22.617	114.038	6
22.617	114.039	1
22.617	114.04	2
22.617	114.041	2
22.617	114.042	1
22.617	114.046	1
22.617	114.047	1
22.617	114.065	1
22.617	114.066	1
22.617	114.14	1
22.617	114.155	1
22.617	114.156	1
22.618	113.86	1
22.618	113.861	3
22.618	113.862	2
22.618	114.037	1
22.618	114.04	2
22.618	114.041	3
22.618	114.06	1
22.618	114.061	1
22.618	114.143	2
22.618	114.3	1
22.619	113.975	1
22.619	114.029	1
22.619	114.033	1
22.619	114.04	2
22.619	114.042	1
22.619	114.051	1
22.619	114.054	1
22.619	114.055	8
22.619	114.058	1
22.619	114.059	1
22.619	114.062	1
22.619	114.064	1
22.619	114.072	1
22.619	114.108	1
22.619	114.12	1
22.619	114.122	1
22.619	114.134	1
22.619	114.146	1
22.619	114.147	1
22.619	114.148	3
22.619	114.151	1
22.619	114.154	1
22.62	114.024	1
22.62	114.032	1
22.62	114.034	1
22.62	114.035	1
22.62	114.04	1
22.62	114.055	1
22.62	114.061	1
22.62	114.063	1
22.62	114.106	2
22.62	114.114	2
22.62	114.121	1
22.621	114.024	1
22.621	114.034	1
22.621	114.035	3
22.621	114.036	1
22.621	114.038	1
22.621	114.04	1
22.621	114.06	2
22.621	114.061	2
22.621	114.067	1
22.621	114.1	1
22.621	114.126	1
22.622	113.841	1
22.622	114.029	3
22.622	114.033	1
22.622	114.037	2
22.622	114.039	2
22.622	114.04	1
22.622	114.059	1
22.622	114.06	1
22.622	114.061	2
22.622	114.062	1
22.622	114.068	1
22.622	114.119	2
22.622	114.123	1
22.622	114.132	1
22.623	113.845	1
22.623	113.85	1
22.623	113.862	1
22.623	113.94	1
22.623	114.022	1
22.623	114.025	1
22.623	114.028	1
22.623	114.029	1
22.623	114.032	1
22.623	114.039	4
22.623	114.04	6
22.623	114.058	1
22.623	114.059	3
22.623	114.061	2
22.623	114.077	1
22.623	114.116	1
22.623	114.126	2
22.623	114.127	1
22.623	114.128	1
22.624	113.813	1
22.624	113.845	1
22.624	113.849	1
22.624	113.85	2
22.624	113.94	2
22.624	114.029	1
22.624	114.031	1
22.624	114.034	2
22.624	114.035	6
22.624	114.038	2
22.624	114.04	1
22.624	114.061	3
22.624	114.062	1
22.624	114.071	1
22.624	114.074	1
22.624	114.13	1
22.624	114.131	6
22.624	114.141	1
22.624	114.142	2
22.625	113.844	1
22.625	113.861	1
22.625	114.029	1
22.625	114.03	2
22.625	114.031	2
22.625	114.033	1
22.625	114.035	1
22.625	114.061	1
22.625	114.062	1
22.625	114.126	1
22.626	113.843	1
22.626	113.845	2
22.626	113.861	1
22.626	114.027	1
22.626	114.03	3
22.626	114.031	2
22.626	114.034	2
22.626	114.058	1
22.626	114.061	8
22.626	114.074	1
22.626	114.077	1
22.626	114.08	1
22.626	114.108	3
22.626	114.114	1
22.627	113.848	3
22.627	114.02	5
22.627	114.022	1
22.627	114.026	1
22.627	114.029	5
22.627	114.03	4
22.627	114.031	1
22.627	114.035	2
22.627	114.036	3
22.627	114.037	1
22.627	114.045	1
22.627	114.061	2
22.627	114.064	1
22.627	114.079	1
22.627	114.106	1
22.627	114.116	1
22.627	114.141	1
22.627	114.142	1
22.627	114.144	1
22.628	113.844	1
22.628	113.845	1
22.628	113.862	1
22.628	114.02	2
22.628	114.021	2
22.628	114.022	7
22.628	114.023	2
22.628	114.024	1
22.628	114.027	1
22.628	114.031	2
22.628	114.037	1
22.628	114.061	2
22.628	114.062	1
22.628	114.067	2
22.628	114.073	1
22.628	114.075	1
22.628	114.076	1
22.628	114.111	1
22.628	114.116	1
22.628	114.158	1
22.628	114.419	1
22.629	113.864	1
22.629	114.016	1
22.629	114.021	1
22.629	114.022	1
22.629	114.023	1
22.629	114.026	2
22.629	114.033	1
22.629	114.038	1
22.629	114.073	1
22.629	114.083	1
22.629	114.219	1
22.629	114.428	1
22.63	114.022	1
22.63	114.023	2
22.63	114.024	1
22.63	114.029	1
22.63	114.031	2
22.63	114.033	1
22.63	114.035	1
22.63	114.036	3
22.63	114.052	2
22.63	114.054	1
22.63	114.055	1
22.63	114.057	1
22.63	114.059	1
22.63	114.071	1
22.63	114.101	1
22.63	114.133	1
22.63	114.415	1
22.631	113.835	1
22.631	113.838	1
22.631	114.023	2
22.631	114.025	1
22.631	114.026	2
22.631	114.031	3
22.631	114.034	1
22.631	114.036	3
22.631	114.037	4
22.631	114.054	1
22.631	114.056	1
22.631	114.059	2
22.631	114.062	1
22.631	114.063	2
22.631	114.064	2
22.631	114.067	1
22.631	114.07	1
22.631	114.186	2
22.631	114.432	1
22.632	113.837	1
22.632	114.037	1
22.632	114.058	1
22.632	114.064	1
22.632	114.423	1
22.633	113.835	2
22.633	114.023	1
22.633	114.06	1
22.633	114.061	4
22.633	114.063	1
22.633	114.065	1
22.633	114.091	1
22.633	114.187	1
22.633	114.221	1
22.634	113.834	2
22.634	113.932	1
22.634	113.935	1
22.634	113.936	1
22.634	114.037	2
22.634	114.044	1
22.634	114.053	2
22.634	114.054	3
22.634	114.058	1
22.634	114.06	4
22.634	114.062	4
22.634	114.064	1
22.634	114.188	1
22.634	114.221	1
22.635	113.829	1
22.635	113.836	2
22.635	114.026	1
22.635	114.027	2
22.635	114.035	1
22.635	114.037	4
22.635	114.056	1
22.635	114.063	1
22.635	114.064	1
22.635	114.065	1
22.635	114.068	1
22.635	114.177	1
22.635	114.191	1
22.635	114.231	1
22.635	114.428	1
22.636	113.865	1
22.636	113.933	1
22.636	114.022	1
22.636	114.027	1
22.636	114.037	2
22.636	114.039	1
22.636	114.064	1
22.636	114.067	1
22.636	114.068	1
22.636	114.069	1
22.636	114.177	1
22.636	114.187	1
22.636	114.189	3
22.636	114.19	1
22.636	114.226	1
22.636	114.422	1
22.637	113.832	1
22.637	114.024	1
22.637	114.027	1
22.637	114.031	1
22.637	114.038	1
22.637	114.046	1
22.637	114.067	1
22.637	114.068	1
22.637	114.069	1
22.637	114.09	1
22.637	114.091	1
22.637	114.188	1
22.637	114.189	1
22.638	113.822	1
22.638	113.831	1
22.638	113.839	2
22.638	114.013	1
22.638	114.016	1
22.638	114.022	1
22.638	114.024	1
22.638	114.027	2
22.638	114.028	1
22.638	114.03	3
22.638	114.031	3
22.638	114.032	1
22.638	114.039	1
22.638	114.045	1
22.638	114.046	1
22.638	114.051	3
22.638	114.063	1
22.638	114.067	2
22.638	114.069	1
22.638	114.07	1
22.638	114.13	1
22.638	114.188	2
22.638	114.191	1
22.639	114.003	1
22.639	114.01	1
22.639	114.028	1
22.639	114.029	1
22.639	114.031	3
22.639	114.038	2
22.639	114.04	1
22.639	114.043	1
22.639	114.051	1
22.639	114.061	1
22.639	114.063	1
22.639	114.066	1
22.639	114.071	1
22.639	114.177	1
22.64	114.027	2
22.64	114.039	1
22.64	114.041	1
22.64	114.071	2
22.641	114.028	1
22.641	114.039	1
22.641	114.042	2
22.641	114.049	1
22.641	114.05	1
22.641	114.051	1
22.641	114.054	1
22.641	114.059	1
22.641	114.063	1
22.641	114.07	1
22.641	114.197	1
22.641	114.198	1
22.642	114.019	1
22.642	114.031	2
22.642	114.032	1
22.642	114.033	1
22.642	114.044	1
22.642	114.049	1
22.642	114.051	3
22.642	114.07	3
22.642	114.077	2
22.642	114.196	3
22.642	114.197	3
22.642	114.199	3
22.642	114.201	1
22.642	114.209	1
22.642	114.211	1
22.643	114.018	1
22.643	114.019	1
22.643	114.039	1
22.643	114.045	3
22.643	114.046	2
22.643	114.053	1
22.643	114.184	2
22.643	114.196	2
22.643	114.197	1
22.643	114.204	3
22.643	114.216	2
22.643	114.234	1
22.644	113.864	1
22.644	114.042	1
22.644	114.044	1
22.644	114.045	2
22.644	114.067	3
22.644	114.191	1
22.644	114.198	1
22.644	114.211	1
22.644	114.213	1
22.644	114.232	1
22.645	113.826	1
22.645	113.926	1
22.645	113.929	1
22.645	114.021	1
22.645	114.027	1
22.645	114.032	1
22.645	114.037	1
22.645	114.038	1
22.645	114.039	1
22.645	114.042	2
22.645	114.05	1
22.645	114.066	2
22.645	114.067	2
22.645	114.082	1
22.645	114.122	1
22.645	114.196	1
22.645	114.197	1
22.645	114.204	1
22.645	114.211	1
22.645	114.212	1
22.645	114.233	1
22.645	114.239	1
22.646	113.825	1
22.646	114.02	1
22.646	114.021	1
22.646	114.024	2
22.646	114.037	2
22.646	114.041	1
22.646	114.047	1
22.646	114.049	1
22.646	114.064	1
22.646	114.065	1
22.646	114.066	2
22.646	114.067	1
22.646	114.069	3
22.646	114.082	2
22.646	114.189	1
22.646	114.19	1
22.646	114.199	2
22.646	114.204	2
22.646	114.205	1
22.646	114.207	5
22.646	114.208	6
22.646	114.21	1
22.647	113.827	1
22.647	113.864	1
22.647	113.924	1
22.647	114.015	1
22.647	114.036	1
22.647	114.037	5
22.647	114.046	1
22.647	114.087	1
22.647	114.105	1
22.647	114.188	1
22.647	114.19	1
22.647	114.192	1
22.647	114.204	1
22.647	114.206	6
22.647	114.207	3
22.647	114.208	1
22.647	114.246	1
22.648	113.826	1
22.648	113.827	1
22.648	114.016	1
22.648	114.024	6
22.648	114.025	3
22.648	114.036	1
22.648	114.039	1
22.648	114.046	1
22.648	114.048	1
22.648	114.192	5
22.648	114.2	1
22.648	114.203	1
22.648	114.204	1
22.648	114.206	1
22.648	114.212	1
22.649	113.928	1
22.649	114.01	1
22.649	114.018	1
22.649	114.034	2
22.649	114.067	2
22.649	114.126	1
22.649	114.186	1
22.649	114.191	1
22.649	114.192	4
22.649	114.193	1
22.649	114.202	3
22.649	114.21	1
22.649	114.216	1
22.65	113.821	3
22.65	113.825	2
22.65	113.928	3
22.65	114.021	1
22.65	114.022	5
22.65	114.026	1
22.65	114.043	1
22.65	114.067	1
22.65	114.068	3
22.65	114.075	1
22.65	114.081	1
22.65	114.184	1
22.65	114.197	1
22.65	114.204	3
22.65	114.205	1
22.651	113.824	1
22.651	113.825	1
22.651	114.004	1
22.651	114.006	1
22.651	114.017	1
22.651	114.022	2
22.651	114.023	1
22.651	114.026	1
22.651	114.027	1
22.651	114.043	1
22.651	114.066	1
22.651	114.067	1
22.651	114.197	1
22.651	114.203	1
22.651	114.213	1
22.651	114.334	2
22.652	114.011	1
22.652	114.017	1
22.652	114.02	1
22.652	114.021	5
22.652	114.022	6
22.652	114.023	4
22.652	114.028	1
22.652	114.029	1
22.652	114.03	1
22.652	114.031	2
22.652	114.04	1
22.652	114.044	1
22.652	114.067	1
22.652	114.106	1
22.652	114.195	1
22.653	113.821	1
22.653	113.824	1
22.653	113.912	1
22.653	114.003	2
22.653	114.015	1
22.653	114.017	1
22.653	114.021	2
22.653	114.022	1
22.653	114.023	2
22.653	114.024	6
22.653	114.025	3
22.653	114.026	10
22.653	114.03	4
22.653	114.033	1
22.653	114.035	1
22.653	114.069	1
22.653	114.156	1
22.653	114.2	1
22.653	114.214	1
22.654	114.008	1
22.654	114.016	14
22.654	114.019	4
22.654	114.02	4
22.654	114.021	1
22.654	114.022	2
22.654	114.024	2
22.654	114.025	5
22.654	114.026	5
22.654	114.027	1
22.654	114.028	1
22.654	114.029	1
22.654	114.067	1
22.654	114.069	1
22.654	114.078	1
22.655	114.011	1
22.655	114.021	1
22.655	114.022	3
22.655	114.023	1
22.655	114.024	1
22.655	114.025	1
22.655	114.026	3
22.655	114.027	4
22.655	114.028	1
22.655	114.03	2
22.655	114.031	1
22.655	114.033	1
22.655	114.044	1
22.655	114.059	1
22.655	114.202	1
22.656	113.91	2
22.656	113.915	1
22.656	114.017	1
22.656	114.018	1
22.656	114.025	1
22.656	114.028	3
22.656	114.029	1
22.656	114.061	1
22.657	113.865	1
22.657	113.915	1
22.657	114.017	1
22.657	114.019	1
22.657	114.02	2
22.657	114.027	1
22.657	114.029	2
22.657	114.03	2
22.657	114.031	1
22.657	114.065	1
22.657	114.066	1
22.658	113.863	1
22.658	114.002	1
22.658	114.007	1
22.658	114.026	1
22.658	114.027	2
22.658	114.028	6
22.658	114.031	3
22.658	114.032	4
22.658	114.059	1
22.658	114.065	1
22.658	114.066	1
22.658	114.067	1
22.658	114.068	1
22.659	113.862	1
22.659	113.863	1
22.659	113.864	1
22.659	113.916	1
22.659	114.002	1
22.659	114.004	2
22.659	114.005	1
22.659	114.027	2
22.659	114.028	1
22.659	114.033	1
22.659	114.058	1
22.659	114.062	1
22.659	114.064	2
22.659	114.066	1
22.659	114.217	1
22.66	113.824	1
22.66	113.917	1
22.66	114.01	1
22.66	114.017	1
22.66	114.024	1
22.66	114.025	1
22.66	114.028	1
22.66	114.032	2
22.66	114.034	1
22.66	114.054	1
22.66	114.058	1
22.66	114.059	2
22.66	114.062	1
22.66	114.146	1
22.661	113.818	1
22.661	113.819	1
22.661	113.824	1
22.661	114.016	1
22.661	114.017	1
22.661	114.018	1
22.661	114.023	2
22.661	114.026	2
22.661	114.031	1
22.661	114.036	1
22.661	114.063	1
22.661	114.219	1
22.662	113.818	1
22.662	113.866	1
22.662	113.917	2
22.662	114.015	1
22.662	114.018	2
22.662	114.026	1
22.662	114.029	1
22.662	114.03	2
22.662	114.035	2
22.662	114.061	1
22.662	114.062	1
22.662	114.065	1
22.663	113.817	1
22.663	113.864	1
22.663	113.916	2
22.663	114.006	2
22.663	114.021	1
22.663	114.024	1
22.663	114.029	2
22.663	114.03	1
22.663	114.032	1
22.663	114.034	1
22.663	114.035	2
22.663	114.036	1
22.663	114.037	1
22.663	114.038	1
22.663	114.061	3
22.664	114.021	2
22.664	114.03	1
22.664	114.034	5
22.664	114.035	8
22.664	114.036	2
22.664	114.037	1
22.664	114.059	1
22.665	113.917	1
22.665	114.0	1
22.665	114.003	1
22.665	114.019	2
22.665	114.033	1
22.665	114.034	3
22.665	114.035	1
22.665	114.279	1
22.666	114.004	1
22.666	114.02	1
22.666	114.025	1
22.666	114.028	1
22.666	114.033	3
22.666	114.034	5
22.666	114.035	1
22.666	114.037	1
22.666	114.044	1
22.667	113.807	1
22.667	113.814	1
22.667	113.815	1
22.667	113.946	1
22.667	113.992	1
22.667	114.027	1
22.667	114.034	2
22.667	114.043	1
22.667	114.052	2
22.667	114.144	1
22.668	113.803	2
22.668	113.815	1
22.668	113.817	1
22.668	113.818	1
22.668	113.824	2
22.668	113.825	1
22.668	113.994	1
22.668	113.996	2
22.668	114.019	1
22.668	114.039	1
22.668	114.048	1
22.668	114.21	1
22.668	114.217	1
22.668	114.293	1
22.669	113.801	1
22.669	113.803	1
22.669	113.804	2
22.669	113.805	1
22.669	113.816	1
22.669	113.818	2
22.669	113.819	2
22.669	113.82	3
22.669	113.821	1
22.669	113.824	1
22.669	113.825	1
22.669	113.994	1
22.669	113.998	1
22.669	114.0	1
22.669	114.029	1
22.669	114.039	1
22.669	114.044	1
22.669	114.048	1
22.669	114.128	1
22.669	114.224	1
22.67	113.8	1
22.67	113.814	1
22.67	113.818	2
22.67	113.823	1
22.67	113.824	1
22.67	114.017	1
22.67	114.029	1
22.67	114.047	2
22.67	114.129	1
22.671	113.82	1
22.671	113.821	1
22.671	113.823	6
22.671	113.826	3
22.671	113.827	1
22.671	113.987	1
22.671	114.013	1
22.671	114.027	1
22.671	114.028	1
22.671	114.034	1
22.671	114.044	1
22.671	114.049	1
22.672	113.802	2
22.672	113.82	1
22.672	113.821	3
22.672	113.824	4
22.672	113.827	1
22.672	113.997	2
22.672	113.998	1
22.672	114.037	1
22.672	114.049	1
22.672	114.05	1
22.672	114.141	2
22.673	113.802	1
22.673	113.821	2
22.673	113.822	1
22.673	113.823	4
22.673	113.924	1
22.673	113.925	1
22.673	113.928	1
22.673	113.937	1
22.673	113.999	1
22.673	114.002	1
22.673	114.04	1
22.673	114.048	2
22.674	113.797	1
22.674	113.82	3
22.674	113.822	1
22.674	113.826	2
22.674	113.83	1
22.674	113.835	1
22.674	113.901	1
22.674	113.925	2
22.674	113.926	1
22.674	113.927	1
22.674	113.928	10
22.674	113.929	2
22.674	113.933	2
22.674	113.939	1
22.674	113.993	2
22.674	113.994	4
22.674	113.995	8
22.674	114.002	1
22.674	114.003	1
22.675	113.798	1
22.675	113.811	1
22.675	113.813	1
22.675	113.819	4
22.675	113.821	1
22.675	113.823	4
22.675	113.828	1
22.675	113.832	1
22.675	113.929	3
22.675	113.93	8
22.675	113.931	1
22.675	113.938	1
22.675	113.94	3
22.675	113.941	1
22.675	113.97	1
22.675	113.992	2
22.675	113.994	1
22.675	113.995	10
22.675	113.996	3
22.675	113.998	1
22.675	114.001	1
22.675	114.018	1
22.675	114.122	1
22.675	114.126	1
22.675	115.664	1
22.676	113.819	1
22.676	113.82	2
22.676	113.821	1
22.676	113.931	4
22.676	113.932	1
22.676	113.938	2
22.676	113.94	1
22.676	113.943	1
22.676	113.992	1
22.676	113.995	1
22.676	113.996	1
22.676	114.005	1
22.676	114.007	1
22.676	114.125	1
22.677	113.806	1
22.677	113.826	1
22.677	113.93	1
22.677	113.931	1
22.677	113.932	2
22.677	113.938	1
22.677	113.939	2
22.677	113.979	3
22.677	113.992	2
22.677	113.994	2
22.677	114.0	1
22.677	114.005	5
22.677	114.01	1
22.677	114.121	1
22.677	114.126	2
22.677	114.127	1
22.677	114.128	2
22.677	114.151	1
22.677	114.157	1
22.678	113.802	1
22.678	113.828	1
22.678	113.93	2
22.678	113.938	1
22.678	113.942	1
22.678	113.986	1
22.678	113.99	1
22.678	113.991	1
22.678	114.0	1
22.678	114.122	1
22.678	114.129	1
22.678	114.328	1
22.679	113.794	2
22.679	113.802	1
22.679	113.938	1
22.679	113.95	1
22.679	113.984	2
22.679	113.986	1
22.679	113.987	1
22.679	113.993	1
22.679	114.003	1
22.679	114.004	1
22.679	114.123	4
22.679	114.124	2
22.679	114.202	1
22.68	113.796	1
22.68	113.799	1
22.68	113.8	1
22.68	113.801	1
22.68	113.93	1
22.68	113.934	3
22.68	113.939	1
22.68	113.94	2
22.68	113.996	1
22.68	114.007	1
22.68	114.124	1
22.68	114.155	1
22.68	114.223	1
22.68	114.328	1
22.68	114.335	1
22.681	113.831	1
22.681	113.924	2
22.681	113.931	1
22.681	113.933	1
22.681	113.934	2
22.681	113.939	1
22.681	113.948	1
22.681	114.002	1
22.681	114.006	1
22.681	114.08	2
22.681	114.081	1
22.681	114.125	1
22.681	114.201	1
22.681	114.222	1
22.681	114.223	2
22.682	113.931	2
22.682	113.933	2
22.682	113.939	6
22.682	113.994	1
22.682	114.038	1
22.682	114.043	1
22.682	114.353	1
22.683	113.807	1
22.683	113.928	8
22.683	113.934	1
22.683	114.002	1
22.683	114.223	1
22.683	114.341	1
22.683	114.348	1
22.683	114.355	1
22.684	113.808	2
22.684	113.846	1
22.684	113.926	1
22.684	113.936	1
22.684	113.937	1
22.684	113.962	1
22.684	113.997	1
22.684	113.998	1
22.684	114.048	1
22.684	114.077	1
22.684	114.121	1
22.684	114.354	1
22.685	113.802	1
22.685	113.808	1
22.685	113.81	1
22.685	113.844	1
22.685	113.845	1
22.685	113.93	1
22.685	113.959	2
22.685	113.993	1
22.685	114.01	2
22.685	114.146	1
22.685	114.242	1
22.685	114.351	2
22.685	114.355	2
22.686	113.842	1
22.686	113.843	1
22.686	113.956	1
22.686	113.999	1
22.686	114.141	1
22.686	114.354	1
22.686	114.369	1
22.687	113.8	1
22.687	113.957	1
22.687	114.042	1
22.687	114.051	1
22.687	114.141	1
22.687	114.25	1
22.687	114.347	1
22.688	113.786	2
22.688	113.788	2
22.688	113.794	1
22.688	113.797	1
22.688	113.805	2
22.688	113.81	1
22.688	113.84	1
22.688	113.94	1
22.688	114.137	1
22.688	114.266	1
22.688	114.268	1
22.688	114.345	1
22.689	113.786	1
22.689	113.794	1
22.689	113.795	1
22.689	113.802	1
22.689	113.803	2
22.689	113.804	2
22.689	113.805	1
22.689	113.81	1
22.689	113.826	1
22.689	113.83	1
22.689	113.839	1
22.689	113.94	1
22.689	114.03	1
22.689	114.119	1
22.689	114.121	1
22.689	114.253	1
22.689	114.267	2
22.689	114.278	3
22.689	114.345	1
22.689	114.349	1
22.69	113.787	1
22.69	113.789	1
22.69	113.807	1
22.69	113.81	1
22.69	113.835	1
22.69	113.935	1
22.69	113.984	1
22.69	114.102	1
22.69	114.23	1
22.69	114.314	1
22.69	114.346	10
22.69	114.347	2
22.691	113.82	1
22.691	113.835	1
22.691	113.938	1
22.691	113.942	2
22.691	113.992	2
22.691	113.998	2
22.691	114.042	1
22.691	114.114	1
22.691	114.133	2
22.691	114.226	6
22.691	114.228	1
22.691	114.23	4
22.691	114.346	1
22.692	113.809	1
22.692	113.813	1
22.692	114.041	2
22.692	114.043	1
22.692	114.122	1
22.692	114.127	1
22.692	114.134	1
22.692	114.137	1
22.692	114.217	2
22.692	114.221	1
22.692	114.238	1
22.692	114.257	1
22.692	114.327	1
22.692	114.366	1
22.692	114.383	1
22.693	113.793	1
22.693	113.795	2
22.693	113.806	1
22.693	114.04	1
22.693	114.041	6
22.693	114.043	1
22.693	114.114	1
22.693	114.128	1
22.693	114.13	1
22.694	113.821	3
22.694	113.832	1
22.694	113.961	1
22.694	114.105	1
22.694	114.13	1
22.694	114.132	3
22.694	114.133	1
22.694	114.224	1
22.694	114.23	1
22.694	114.235	1
22.694	114.259	3
22.694	114.261	2
22.694	114.285	1
22.694	114.336	1
22.694	114.345	1
22.695	113.79	1
22.695	113.793	1
22.695	113.807	1
22.695	113.822	1
22.695	113.824	3
22.695	113.83	1
22.695	113.838	2
22.695	113.992	1
22.695	114.048	2
22.695	114.05	1
22.695	114.114	1
22.695	114.121	1
22.695	114.122	1
22.695	114.129	2
22.695	114.132	1
22.695	114.231	1
22.695	114.341	1
22.696	113.838	1
22.696	113.841	1
22.696	114.002	1
22.696	114.048	1
22.696	114.125	1
22.696	114.129	1
22.696	114.228	1
22.696	114.231	1
22.696	114.233	1
22.696	114.338	1
22.697	113.8	1
22.697	113.805	1
22.697	113.83	1
22.697	114.045	4
22.697	114.049	1
22.697	114.131	2
22.697	114.133	1
22.697	114.135	1
22.697	114.229	1
22.697	114.244	1
22.697	114.275	1
22.697	114.335	1
22.698	113.804	1
22.698	113.817	1
22.698	113.968	1
22.698	113.987	1
22.698	114.05	1
22.698	114.134	1
22.698	114.136	3
22.698	114.137	1
22.698	114.144	1
22.698	114.229	1
22.698	114.231	2
22.699	113.805	1
22.699	113.81	1
22.699	113.836	1
22.699	113.966	1
22.699	114.05	4
22.699	114.091	1
22.699	114.134	1
22.699	114.139	3
22.699	114.231	1
22.699	114.273	1
22.699	114.274	1
22.699	114.331	1
22.699	114.385	1
22.7	113.818	5
22.7	113.839	1
22.7	114.048	1
22.7	114.09	1
22.7	114.135	2
22.7	114.221	4
22.7	114.224	1
22.7	114.229	2
22.7	114.23	3
22.7	114.231	1
22.7	114.237	1
22.7	114.319	1
22.701	113.801	3
22.701	113.804	1
22.701	113.809	1
22.701	113.815	1
22.701	113.824	2
22.701	113.833	1
22.701	114.049	1
22.701	114.088	3
22.701	114.091	2
22.701	114.099	1
22.701	114.219	3
22.701	114.273	1
22.702	113.804	3
22.702	113.805	1
22.702	113.833	4
22.702	113.841	1
22.702	113.916	3
22.702	113.923	4
22.702	114.04	1
22.702	114.041	1
22.702	114.043	1
22.702	114.045	1
22.702	114.048	2
22.702	114.126	1
22.702	114.223	4
22.702	114.226	1
22.702	114.231	1
22.702	114.232	1
22.702	114.237	1
22.703	114.043	1
22.703	114.086	1
22.703	114.215	1
22.703	114.224	1
22.703	114.23	1
22.704	113.787	1
22.704	113.801	1
22.704	113.805	3
22.704	113.809	1
22.704	114.042	1
22.704	114.167	2
22.704	114.215	1
22.704	114.224	1
22.704	114.369	2
22.705	113.81	1
22.705	113.812	1
22.705	113.828	1
22.705	114.239	1
22.706	113.8	1
22.706	113.812	1
22.706	113.825	1
22.706	113.827	1
22.706	114.236	1
22.706	114.24	1
22.707	113.806	1
22.707	113.967	1
22.707	114.047	1
22.707	114.208	1
22.707	114.234	1
22.707	114.236	1
22.707	114.242	1
22.708	114.052	1
22.708	114.122	1
22.708	114.207	2
22.708	114.213	1
22.708	114.26	1
22.709	113.841	1
22.709	113.855	1
22.709	113.965	1
22.709	114.048	2
22.709	114.235	1
22.709	114.236	1
22.709	114.241	1
22.709	114.256	1
22.71	113.826	1
22.71	113.827	1
22.71	113.829	1
22.71	113.83	1
22.71	114.207	1
22.71	114.209	1
22.71	114.237	1
22.71	114.241	1
22.71	114.242	1
22.71	114.244	1
22.711	113.784	1
22.711	113.806	1
22.711	114.03	1
22.711	114.241	1
22.711	114.242	1
22.711	114.248	1
22.712	113.794	1
22.712	113.815	1
22.712	113.837	7
22.712	114.041	1
22.712	114.042	1
22.712	114.076	1
22.712	114.242	1
22.712	114.243	2
22.712	114.258	1
22.712	114.267	1
22.712	114.308	1
22.713	113.804	1
22.713	113.805	1
22.713	113.847	2
22.713	114.044	1
22.713	114.071	1
22.713	114.216	1
22.713	114.218	1
22.713	114.243	4
22.713	114.257	1
22.713	114.258	1
22.714	113.806	1
22.714	113.809	1
22.714	113.819	1
22.714	114.045	1
22.714	114.052	1
22.714	114.053	1
22.714	114.055	2
22.714	114.068	1
22.714	114.241	2
22.714	114.242	13
22.714	114.243	4
22.714	114.26	1
22.714	114.262	1
22.715	113.785	1
22.715	113.79	1
22.715	113.807	1
22.715	114.053	1
22.715	114.241	2
22.715	114.243	1
22.715	114.244	2
22.715	114.245	1
22.715	114.253	1
22.715	114.257	1
22.716	113.787	1
22.716	113.791	1
22.716	113.808	1
22.716	113.814	1
22.716	113.827	1
22.716	114.055	1
22.716	114.067	1
22.716	114.26	2
22.716	114.268	1
22.717	113.82	1
22.717	113.829	1
22.717	113.843	6
22.717	113.844	2
22.717	114.056	1
22.717	114.238	1
22.717	114.239	4
22.717	114.242	4
22.717	114.245	1
22.717	114.246	3
22.717	114.255	1
22.717	114.257	1
22.717	114.259	3
22.717	114.263	1
22.717	114.266	2
22.717	114.268	2
22.718	113.825	1
22.718	113.85	1
22.718	113.911	1
22.718	114.054	1
22.718	114.055	1
22.718	114.056	1
22.718	114.239	1
22.718	114.247	1
22.718	114.25	4
22.718	114.254	1
22.718	114.255	3
22.718	114.265	1
22.718	114.27	1
22.718	114.309	1
22.719	113.816	1
22.719	113.825	1
22.719	113.828	1
22.719	113.829	2
22.719	113.835	1
22.719	113.838	1
22.719	113.842	2
22.719	114.052	1
22.719	114.058	1
22.719	114.059	2
22.719	114.207	4
22.719	114.215	3
22.719	114.221	1
22.719	114.239	1
22.719	114.24	3
22.719	114.243	1
22.719	114.254	3
22.719	114.255	4
22.719	114.26	1
22.719	114.267	2
22.72	113.8	1
22.72	113.817	1
22.72	113.832	1
22.72	113.833	1
22.72	113.834	2
22.72	114.056	2
22.72	114.058	1
22.72	114.059	2
22.72	114.061	1
22.72	114.217	2
22.72	114.22	1
22.72	114.221	1
22.72	114.223	2
22.72	114.224	1
22.72	114.227	1
22.72	114.229	1
22.72	114.237	1
22.72	114.238	1
22.72	114.24	4
22.72	114.241	4
22.72	114.243	1
22.72	114.248	1
22.72	114.255	1
22.72	114.256	1
22.72	114.272	1
22.721	113.828	2
22.721	113.829	3
22.721	113.83	3
22.721	113.832	1
22.721	113.9	1
22.721	114.056	1
22.721	114.06	1
22.721	114.061	1
22.721	114.063	4
22.721	114.064	1
22.721	114.224	1
22.721	114.232	1
22.721	114.237	1
22.721	114.238	1
22.721	114.251	3
22.721	114.256	1
22.721	114.258	1
22.721	114.263	1
22.721	114.285	1
22.721	114.292	1
22.722	113.799	1
22.722	113.822	1
22.722	113.827	1
22.722	113.828	3
22.722	113.829	4
22.722	113.83	2
22.722	113.833	1
22.722	113.84	4
22.722	114.06	1
22.722	114.071	1
22.722	114.207	1
22.722	114.218	2
22.722	114.223	1
22.722	114.232	1
22.722	114.233	2
22.722	114.238	1
22.722	114.24	3
22.722	114.251	1
22.722	114.256	2
22.722	114.27	1
22.722	114.297	5
22.723	113.8	1
22.723	113.807	1
22.723	113.822	1
22.723	113.833	1
22.723	114.063	1
22.723	114.219	2
22.723	114.223	1
22.723	114.231	2
22.723	114.232	1
22.723	114.234	2
22.723	114.238	3
22.723	114.239	2
22.723	114.264	1
22.723	114.268	6
22.723	114.269	2
22.724	113.8	3
22.724	113.806	3
22.724	113.819	1
22.724	113.826	1
22.724	113.829	2
22.724	113.833	2
22.724	114.058	1
22.724	114.059	1
22.724	114.06	2
22.724	114.088	1
22.724	114.216	1
22.724	114.223	2
22.724	114.234	3
22.724	114.235	1
22.724	114.238	1
22.724	114.239	3
22.724	114.24	2
22.724	114.248	2
22.724	114.249	1
22.724	114.258	6
22.724	114.29	1
22.725	113.784	1
22.725	113.805	1
22.725	113.806	3
22.725	113.807	1
22.725	113.823	1
22.725	113.828	1
22.725	113.83	1
22.725	113.905	1
22.725	114.061	1
22.725	114.062	2
22.725	114.222	1
22.725	114.235	2
22.725	114.236	1
22.725	114.237	2
22.725	114.239	2
22.725	114.245	1
22.725	114.247	1
22.725	114.248	1
22.725	114.249	4
22.725	114.251	2
22.725	114.254	1
22.725	114.255	1
22.725	114.259	6
22.725	114.357	1
22.726	113.807	1
22.726	113.808	1
22.726	113.824	1
22.726	113.825	4
22.726	113.829	1
22.726	113.834	1
22.726	113.835	1
22.726	113.904	1
22.726	114.065	1
22.726	114.223	1
22.726	114.241	1
22.726	114.242	1
22.726	114.247	1
22.726	114.25	2
22.726	114.251	2
22.726	114.255	1
22.726	114.26	1
22.726	114.268	2
22.726	114.269	2
22.726	114.284	2
22.726	114.291	2
22.726	114.296	1
22.727	113.782	1
22.727	113.8	2
22.727	113.804	2
22.727	113.805	3
22.727	113.806	3
22.727	113.807	7
22.727	113.821	1
22.727	113.822	1
22.727	113.824	1
22.727	113.827	2
22.727	113.829	2
22.727	113.833	1
22.727	113.842	1
22.727	113.952	1
22.727	114.227	1
22.727	114.229	1
22.727	114.23	2
22.727	114.233	1
22.727	114.244	1
22.727	114.245	1
22.727	114.248	1
22.727	114.25	1
22.727	114.252	1
22.727	114.256	1
22.727	114.26	1
22.727	114.267	1
22.727	114.27	3
22.727	114.274	1
22.728	113.805	1
22.728	113.807	20
22.728	113.817	3
22.728	113.822	1
22.728	113.824	1
22.728	113.825	10
22.728	113.828	7
22.728	113.829	1
22.728	113.83	1
22.728	113.832	1
22.728	113.833	4
22.728	113.837	1
22.728	114.229	1
22.728	114.233	4
22.728	114.239	1
22.728	114.25	1
22.728	114.252	1
22.728	114.253	2
22.728	114.257	1
22.728	114.275	1
22.728	114.276	2
22.728	114.277	3
22.728	114.291	1
22.729	113.801	2
22.729	113.805	2
22.729	113.806	1
22.729	113.807	2
22.729	113.808	6
22.729	113.822	2
22.729	113.828	1
22.729	113.829	1
22.729	113.83	1
22.729	113.833	1
22.729	113.834	4
22.729	113.835	1
22.729	113.836	2
22.729	113.904	1
22.729	114.229	2
22.729	114.23	4
22.729	114.231	3
22.729	114.232	4
22.729	114.233	1
22.729	114.234	1
22.729	114.237	1
22.729	114.238	1
22.729	114.265	1
22.729	114.27	2
22.729	114.271	2
22.729	114.275	1
22.729	114.276	1
22.729	114.277	2
22.729	114.278	1
22.729	114.279	1
22.729	114.286	1
22.73	113.801	2
22.73	113.807	2
22.73	113.809	1
22.73	113.82	3
22.73	113.822	1
22.73	113.823	7
22.73	113.837	1
22.73	113.903	1
22.73	114.01	1
22.73	114.015	1
22.73	114.253	1
22.73	114.263	2
22.73	114.268	2
22.73	114.269	9
22.73	114.27	5
22.73	114.271	2
22.73	114.273	2
22.73	114.274	1
22.73	114.275	1
22.73	114.277	1
22.73	114.278	1
22.731	113.786	1
22.731	113.801	2
22.731	113.802	1
22.731	113.803	1
22.731	113.804	1
22.731	113.809	1
22.731	113.817	1
22.731	113.824	1
22.731	113.834	1
22.731	113.836	1
22.731	113.919	1
22.731	114.012	1
22.731	114.018	1
22.731	114.059	1
22.731	114.237	1
22.731	114.246	1
22.731	114.255	2
22.731	114.275	1
22.731	114.279	1
22.731	114.29	1
22.732	113.786	1
22.732	113.801	1
22.732	113.802	1
22.732	113.805	1
22.732	113.807	1
22.732	113.808	1
22.732	113.809	1
22.732	113.811	1
22.732	113.816	1
22.732	113.817	5
22.732	113.818	1
22.732	113.822	1
22.732	113.837	2
22.732	113.899	1
22.732	113.902	1
22.732	114.01	1
22.732	114.238	1
22.732	114.263	1
22.732	114.271	1
22.732	114.275	1
22.732	114.277	1
22.733	113.786	1
22.733	113.807	2
22.733	113.814	2
22.733	113.815	1
22.733	114.255	1
22.733	114.263	1
22.733	114.282	3
22.733	114.285	1
22.734	113.775	1
22.734	113.786	1
22.734	113.834	1
22.734	113.893	1
22.734	114.06	1
22.734	114.248	1
22.734	114.258	1
22.734	114.271	1
22.734	114.272	1
22.735	113.801	1
22.735	113.829	1
22.735	113.83	1
22.735	113.842	2
22.735	114.013	1
22.735	114.089	1
22.735	114.244	1
22.735	114.27	1
22.735	114.273	1
22.735	114.282	1
22.736	113.793	1
22.736	113.803	1
22.736	113.809	1
22.736	113.838	3
22.736	113.839	1
22.736	113.84	2
22.736	113.843	1
22.736	114.27	1
22.737	113.837	1
22.737	114.06	1
22.737	114.253	1
22.738	113.81	2
22.738	113.811	1
22.738	113.812	1
22.738	113.83	1
22.738	113.837	2
22.738	113.839	1
22.738	113.842	1
22.739	113.812	1
22.739	114.282	2
22.74	113.797	1
22.74	113.831	1
22.74	113.84	1
22.74	113.85	1
22.74	114.371	2
22.74	114.401	1
22.741	114.252	1
22.741	114.277	1
22.742	113.821	1
22.742	114.016	1
22.742	114.374	1
22.743	114.264	2
22.743	114.37	1
22.743	114.372	1
22.743	114.375	1
22.744	113.802	1
22.744	113.806	1
22.744	113.813	1
22.744	113.826	1
22.744	114.017	1
22.744	114.019	1
22.744	114.057	1
22.744	114.256	1
22.744	114.374	2
22.745	113.79	1
22.745	113.791	1
22.745	113.813	1
22.745	114.021	1
22.745	114.23	1
22.745	114.373	1
22.745	114.375	1
22.746	114.02	1
22.746	114.377	1
22.747	113.791	1
22.747	113.818	1
22.747	114.233	2
22.747	114.374	1
22.748	113.805	1
22.748	113.847	1
22.75	113.815	1
22.75	113.844	1
22.75	114.381	1
22.751	113.825	1
22.751	113.846	1
22.752	113.802	1
22.752	113.81	1
22.752	113.905	2
22.754	113.813	1
22.754	113.817	1
22.754	113.901	1
22.754	113.903	1
22.754	114.244	1
22.755	113.797	2
22.755	113.802	1
22.755	113.821	1
22.755	113.854	1
22.755	113.908	1
22.755	113.957	1
22.755	114.364	1
22.756	113.8	1
22.756	113.801	1
22.756	113.821	1
22.756	113.838	1
22.757	113.795	1
22.757	113.8	1
22.757	113.803	1
22.757	113.825	1
22.757	113.946	1
22.757	113.951	1
22.758	113.803	1
22.758	113.811	1
22.758	114.166	1
22.758	114.356	1
22.759	113.803	1
22.759	113.81	1
22.759	113.812	1
22.759	113.821	1
22.759	113.946	1
22.759	113.948	1
22.759	113.956	1
22.759	114.402	2
22.76	113.838	1
22.76	113.857	1
22.76	113.868	1
22.76	113.945	1
22.76	114.128	1
22.761	113.838	1
22.761	114.32	1
22.762	113.833	1
22.762	113.841	1
22.762	113.853	1
22.762	113.945	1
22.762	114.314	2
22.763	113.796	1
22.763	113.836	1
22.763	113.846	1
22.763	113.848	1
22.763	113.852	2
22.763	113.854	2
22.763	113.91	2
22.763	113.947	1
22.763	114.287	1
22.764	113.832	3
22.764	113.842	3
22.764	113.843	1
22.764	113.845	1
22.764	113.849	1
22.764	113.851	1
22.764	113.852	1
22.764	113.854	1
22.764	113.94	4
22.765	113.809	1
22.765	113.833	1
22.765	113.834	1
22.765	113.837	1
22.765	113.842	1
22.765	113.843	1
22.765	113.844	1
22.765	113.845	2
22.765	113.847	1
22.765	113.85	1
22.765	113.851	6
22.765	113.852	2
22.766	113.84	1
22.766	113.842	1
22.766	113.851	1
22.766	113.859	2
22.766	114.298	1
22.766	114.305	1
22.766	114.328	1
22.767	113.84	3
22.767	113.841	1
22.767	113.843	1
22.767	113.844	1
22.767	113.847	1
22.767	113.849	1
22.767	113.851	1
22.767	113.903	1
22.767	113.909	2
22.768	113.845	1
22.768	113.846	1
22.768	113.847	1
22.768	113.852	1
22.768	113.909	1
22.768	113.985	1
22.768	114.303	1
22.768	114.306	1
22.769	113.837	1
22.769	113.846	1
22.769	113.847	4
22.769	113.848	1
22.769	113.851	1
22.769	113.853	1
22.769	114.305	1
22.769	114.307	1
22.769	114.31	1
22.77	113.844	1
22.77	113.846	1
22.77	113.847	2
22.77	113.853	1
22.77	113.859	1
22.77	113.907	1
22.77	114.301	1
22.77	114.304	1
22.771	113.836	1
22.771	113.853	1
22.771	113.854	1
22.772	113.82	1
22.772	113.852	1
22.772	113.853	1
22.772	114.308	1
22.773	113.832	1
22.773	113.834	1
22.774	113.822	2
22.774	113.834	1
22.774	113.835	2
22.774	113.853	1
22.774	113.877	1
22.775	113.838	2
22.775	113.839	1
22.775	113.884	1
22.775	113.909	1
22.776	113.84	1
22.776	113.902	1
22.777	113.85	1
22.777	113.876	1
22.777	113.89	1
22.777	113.892	1
22.777	114.3	1
22.778	113.89	4
22.778	113.891	1
22.778	113.893	1
22.778	113.9	2
22.779	113.881	1
22.779	113.888	1
22.779	113.895	1
22.779	113.896	1
22.78	113.88	1
22.78	113.889	1
22.78	113.894	1
22.78	113.896	1
22.78	113.904	1
22.781	113.886	1
22.781	113.891	1
22.781	113.892	2
22.781	113.908	1
22.782	113.89	2
22.782	113.891	4
22.782	113.893	2
22.782	113.894	2
22.782	113.909	2
22.782	114.3	1
22.783	113.876	1
22.784	113.89	1
22.784	113.893	3
22.785	113.891	1
22.785	113.893	1
22.786	113.838	1
22.786	113.892	1
22.789	113.881	1
22.791	113.836	1
22.795	113.869	1
22.796	113.866	1
22.797	113.844	1
22.797	113.861	1
22.799	113.843	1
22.799	113.892	1
22.802	113.863	1
22.803	113.841	1
22.814	113.866	1
22.82	113.879	1
22.826	113.923	1
22.838	113.949	1
23.471	114.513	1
25.65	115.47	1
27.632	115.412	1
29.438	113.004	1
31.391	100.681	1
33.255	113.011	1
35.018	108.997	1
39.93	116.394	1
41.747	123.576	1
45.087	126.37	1
360.0	360.0	4
