20.031	110.329	1
22.106	113.818	2
22.333	114.182	1
22.468	114.53	1
22.473	114.535	1
22.475	113.907	1
22.478	114.533	1
22.479	113.913	2
22.479	113.93	1
22.479	113.932	1
22.48	113.889	1
22.481	113.916	1
22.482	113.917	1
22.482	114.551	1
22.483	113.914	2
22.483	113.915	1
22.483	113.916	4
22.483	113.917	4
22.484	113.914	2
22.484	113.915	3
22.484	113.916	18
22.484	113.917	1
22.484	113.92	1
22.484	113.932	2
22.485	113.912	1
22.485	113.915	1
22.485	113.916	1
22.485	113.922	3
22.485	113.923	2
22.485	113.924	1
22.485	113.926	1
22.485	114.539	2
22.486	113.912	1
22.486	113.916	2
22.486	113.917	1
22.486	113.918	1
22.486	113.924	1
22.486	113.925	2
22.486	113.926	1
22.486	113.927	1
22.486	113.928	1
22.486	113.931	1
22.486	114.538	1
22.487	113.915	1
22.487	113.916	1
22.487	113.917	1
22.487	113.918	3
22.487	113.919	1
22.487	113.92	1
22.487	113.921	2
22.487	113.922	1
22.487	113.923	2
22.487	113.924	3
22.487	113.925	1
22.487	113.926	4
22.487	113.929	1
22.487	113.93	2
22.488	113.918	1
22.488	113.919	3
22.488	113.92	2
22.488	113.921	2
22.488	113.925	4
22.488	113.927	1
22.488	113.928	1
22.488	113.93	1
22.488	113.935	1
22.489	113.918	1
22.489	113.921	2
22.489	113.924	1
22.489	113.925	1
22.489	113.93	1
22.489	113.943	1
22.49	113.913	1
22.49	113.916	1
22.49	113.92	1
22.49	113.921	2
22.49	113.922	2
22.49	113.923	1
22.49	113.925	5
22.49	113.928	1
22.49	113.931	2
22.491	113.927	4
22.491	113.928	1
22.491	113.929	2
22.491	113.93	2
22.492	113.926	1
22.492	113.942	1
22.493	113.915	1
22.493	113.923	1
22.493	113.925	3
22.493	113.926	1
22.493	113.928	5
22.493	113.93	1
22.493	113.931	1
22.493	113.937	1
22.494	113.888	1
22.494	113.889	1
22.494	113.923	2
22.494	113.924	1
22.494	113.925	1
22.494	113.926	2
22.494	113.93	1
22.494	113.932	2
22.495	113.918	1
22.495	113.919	2
22.495	113.927	1
22.495	113.933	1
22.495	113.935	1
22.496	113.892	2
22.496	113.918	2
22.496	113.93	1
22.496	113.937	1
22.497	113.92	1
22.498	113.893	1
22.498	113.924	1
22.498	113.935	1
22.498	113.936	1
22.498	113.941	1
22.499	113.919	1
22.499	113.92	1
22.499	113.921	1
22.499	113.927	1
22.499	113.935	1
22.5	113.901	2
22.5	113.923	1
22.5	113.939	16
22.5	113.941	1
22.501	113.881	1
22.501	113.919	1
22.501	113.92	2
22.501	113.922	1
22.501	113.923	2
22.501	113.931	2
22.501	113.935	3
22.501	113.939	4
22.501	113.94	5
22.501	113.941	1
22.502	113.897	1
22.502	113.921	4
22.502	113.922	1
22.502	113.923	5
22.502	113.927	1
22.502	113.928	1
22.502	113.932	2
22.502	113.933	1
22.502	113.935	1
22.502	113.936	1
22.502	113.94	1
22.503	113.923	8
22.503	113.924	2
22.503	113.931	1
22.503	113.934	1
22.504	113.922	1
22.504	113.924	1
22.504	113.928	4
22.504	113.931	2
22.504	113.932	1
22.505	113.92	1
22.505	113.926	1
22.505	113.927	1
22.505	113.928	4
22.505	113.929	4
22.505	113.93	1
22.505	114.049	1
22.506	113.92	1
22.506	113.922	1
22.506	113.925	8
22.506	113.927	1
22.506	114.054	1
22.507	113.92	1
22.507	113.921	1
22.507	113.924	1
22.507	113.925	1
22.508	113.92	1
22.508	113.924	2
22.508	113.925	5
22.508	113.926	4
22.508	113.929	1
22.508	113.932	1
22.508	113.935	1
22.508	114.049	1
22.508	114.056	2
22.508	114.057	1
22.509	113.886	1
22.509	113.923	1
22.509	113.925	2
22.509	113.926	1
22.509	113.927	1
22.509	113.928	1
22.509	113.93	2
22.509	114.047	1
22.509	114.048	1
22.509	114.052	3
22.509	114.054	1
22.509	114.058	2
22.509	114.059	2
22.509	114.06	1
22.51	113.904	2
22.51	113.924	2
22.51	113.925	4
22.51	113.928	2
22.51	113.929	1
22.51	113.93	2
22.51	113.931	2
22.51	113.932	3
22.51	113.936	7
22.51	114.054	1
22.511	113.904	1
22.511	113.906	4
22.511	113.907	1
22.511	113.924	1
22.511	113.925	1
22.511	113.926	1
22.511	113.929	2
22.511	113.932	3
22.511	113.933	1
22.512	113.911	1
22.512	113.913	3
22.512	113.921	1
22.512	113.924	4
22.512	113.931	2
22.513	113.913	3
22.513	113.922	5
22.513	113.923	1
22.513	113.927	1
22.513	113.928	1
22.513	113.929	4
22.513	113.93	1
22.513	113.931	1
22.513	113.935	1
22.514	113.908	1
22.514	113.911	1
22.514	113.912	1
22.514	113.913	1
22.514	113.918	2
22.514	113.921	3
22.514	113.922	4
22.514	113.93	2
22.514	113.932	1
22.514	113.935	3
22.514	113.936	1
22.514	114.051	2
22.514	114.052	1
22.514	114.063	1
22.515	113.912	1
22.515	113.914	2
22.515	113.915	1
22.515	113.928	4
22.515	113.931	6
22.515	113.932	2
22.515	113.939	1
22.515	114.047	2
22.515	114.051	1
22.515	114.053	1
22.515	114.06	2
22.516	113.924	5
22.516	113.925	1
22.516	113.927	1
22.516	113.928	2
22.516	113.929	1
22.516	113.938	3
22.516	113.939	3
22.516	114.041	1
22.516	114.052	1
22.516	114.053	1
22.516	114.063	1
22.516	114.064	1
22.516	114.069	1
22.516	114.07	1
22.516	114.073	3
22.516	114.074	1
22.517	113.915	2
22.517	113.916	2
22.517	113.918	1
22.517	113.92	2
22.517	113.922	1
22.517	113.923	1
22.517	113.924	1
22.517	113.925	12
22.517	113.926	2
22.517	113.928	3
22.517	113.936	47
22.517	113.937	15
22.517	113.938	4
22.517	113.939	8
22.517	113.94	1
22.517	114.037	1
22.517	114.038	1
22.517	114.041	1
22.517	114.042	2
22.517	114.045	1
22.517	114.046	1
22.517	114.048	1
22.517	114.051	1
22.517	114.053	1
22.517	114.061	2
22.517	114.071	1
22.518	113.913	2
22.518	113.917	2
22.518	113.918	1
22.518	113.924	1
22.518	113.928	1
22.518	113.929	5
22.518	113.93	1
22.518	113.931	2
22.518	113.934	4
22.518	113.935	9
22.518	113.936	4
22.518	113.937	11
22.518	113.938	13
22.518	113.939	5
22.518	113.94	4
22.518	113.949	1
22.518	113.95	1
22.518	114.037	2
22.518	114.038	3
22.518	114.039	1
22.518	114.04	1
22.518	114.044	1
22.518	114.045	1
22.518	114.046	2
22.518	114.053	1
22.518	114.061	2
22.518	114.063	1
22.518	114.064	2
22.519	113.918	1
22.519	113.922	1
22.519	113.923	2
22.519	113.924	3
22.519	113.925	3
22.519	113.929	2
22.519	113.93	7
22.519	113.932	2
22.519	113.933	3
22.519	113.934	6
22.519	113.935	3
22.519	113.936	2
22.519	113.937	2
22.519	113.95	2
22.519	114.032	1
22.519	114.033	1
22.519	114.036	2
22.519	114.037	1
22.519	114.039	1
22.519	114.041	1
22.519	114.043	1
22.519	114.045	1
22.519	114.05	1
22.519	114.051	1
22.519	114.053	2
22.519	114.06	1
22.519	114.063	4
22.519	114.064	1
22.519	114.066	5
22.52	113.922	4
22.52	113.923	1
22.52	113.925	1
22.52	113.926	1
22.52	113.927	1
22.52	113.928	4
22.52	113.929	3
22.52	113.93	1
22.52	113.936	1
22.52	114.031	1
22.52	114.041	1
22.52	114.042	2
22.52	114.043	1
22.52	114.045	1
22.52	114.051	1
22.52	114.053	1
22.52	114.059	1
22.52	114.062	6
22.52	114.063	6
22.52	114.064	1
22.52	114.065	4
22.521	113.915	4
22.521	113.92	1
22.521	113.923	1
22.521	113.925	1
22.521	113.926	1
22.521	113.927	2
22.521	113.928	2
22.521	113.929	2
22.521	114.035	1
22.521	114.039	1
22.521	114.042	2
22.521	114.043	1
22.521	114.044	1
22.521	114.047	2
22.521	114.048	4
22.521	114.05	1
22.521	114.052	1
22.521	114.062	1
22.521	114.063	10
22.521	114.064	1
22.522	113.917	1
22.522	113.919	1
22.522	113.92	1
22.522	113.922	1
22.522	113.923	2
22.522	113.927	1
22.522	113.928	1
22.522	113.937	1
22.522	113.942	1
22.522	113.991	2
22.522	113.993	4
22.522	114.031	1
22.522	114.037	1
22.522	114.038	1
22.522	114.039	1
22.522	114.044	1
22.522	114.045	2
22.522	114.046	2
22.522	114.047	3
22.522	114.048	3
22.522	114.052	3
22.522	114.055	1
22.522	114.059	1
22.522	114.061	1
22.522	114.062	2
22.522	114.064	1
22.522	114.066	2
22.523	113.917	1
22.523	113.919	4
22.523	113.923	3
22.523	113.924	2
22.523	113.925	1
22.523	113.93	1
22.523	113.933	1
22.523	113.939	1
22.523	113.949	2
22.523	113.965	1
22.523	113.993	2
22.523	114.023	1
22.523	114.03	1
22.523	114.031	1
22.523	114.032	3
22.523	114.033	1
22.523	114.034	1
22.523	114.037	1
22.523	114.045	1
22.523	114.046	7
22.523	114.05	5
22.523	114.051	1
22.523	114.054	1
22.523	114.055	1
22.523	114.057	1
22.523	114.058	2
22.523	114.06	1
22.523	114.061	1
22.523	114.063	3
22.523	114.064	3
22.523	114.065	3
22.523	114.066	4
22.523	114.069	5
22.524	113.916	2
22.524	113.92	1
22.524	113.921	3
22.524	113.924	1
22.524	113.926	8
22.524	113.927	3
22.524	113.928	4
22.524	113.991	1
22.524	113.992	4
22.524	114.025	1
22.524	114.028	1
22.524	114.029	2
22.524	114.03	7
22.524	114.031	3
22.524	114.032	2
22.524	114.033	5
22.524	114.035	4
22.524	114.039	2
22.524	114.04	1
22.524	114.043	1
22.524	114.046	2
22.524	114.047	5
22.524	114.048	11
22.524	114.05	2
22.524	114.052	1
22.524	114.053	2
22.524	114.055	1
22.524	114.057	2
22.524	114.058	1
22.524	114.062	2
22.524	114.063	1
22.524	114.064	1
22.524	114.065	1
22.524	114.07	1
22.524	114.071	1
22.525	113.918	1
22.525	113.919	1
22.525	113.92	1
22.525	113.923	4
22.525	113.928	4
22.525	113.932	1
22.525	113.942	1
22.525	113.948	2
22.525	113.949	2
22.525	113.95	3
22.525	113.951	1
22.525	113.953	1
22.525	113.991	1
22.525	113.992	4
22.525	113.993	5
22.525	114.025	2
22.525	114.027	2
22.525	114.028	1
22.525	114.029	1
22.525	114.03	9
22.525	114.04	1
22.525	114.044	3
22.525	114.045	2
22.525	114.046	3
22.525	114.047	2
22.525	114.048	4
22.525	114.051	1
22.525	114.052	2
22.525	114.054	1
22.525	114.057	1
22.525	114.062	2
22.525	114.065	5
22.525	114.076	1
22.526	113.915	1
22.526	113.924	4
22.526	113.925	1
22.526	113.928	4
22.526	113.929	2
22.526	113.93	4
22.526	113.931	4
22.526	113.932	2
22.526	113.933	8
22.526	113.934	4
22.526	113.935	1
22.526	113.948	1
22.526	113.951	1
22.526	113.99	1
22.526	114.02	1
22.526	114.024	3
22.526	114.025	1
22.526	114.026	1
22.526	114.027	4
22.526	114.028	3
22.526	114.03	4
22.526	114.032	2
22.526	114.034	1
22.526	114.039	1
22.526	114.042	1
22.526	114.045	1
22.526	114.046	2
22.526	114.047	1
22.526	114.048	1
22.526	114.052	3
22.526	114.062	1
22.526	114.066	2
22.527	113.908	1
22.527	113.92	1
22.527	113.923	4
22.527	113.924	7
22.527	113.925	1
22.527	113.926	3
22.527	113.927	3
22.527	113.929	1
22.527	113.933	1
22.527	113.934	2
22.527	113.935	1
22.527	113.944	1
22.527	113.992	1
22.527	114.021	1
22.527	114.024	2
22.527	114.026	1
22.527	114.027	1
22.527	114.029	1
22.527	114.04	1
22.527	114.046	7
22.527	114.047	1
22.527	114.062	6
22.527	114.063	2
22.527	114.064	2
22.527	114.065	3
22.527	114.066	1
22.527	114.067	2
22.527	114.068	3
22.527	114.077	1
22.528	113.908	1
22.528	113.912	4
22.528	113.914	2
22.528	113.917	3
22.528	113.918	2
22.528	113.919	2
22.528	113.92	3
22.528	113.922	1
22.528	113.923	8
22.528	113.924	3
22.528	113.925	1
22.528	113.984	1
22.528	113.996	2
22.528	113.998	2
22.528	114.024	1
22.528	114.025	6
22.528	114.026	3
22.528	114.027	1
22.528	114.028	1
22.528	114.03	1
22.528	114.046	4
22.528	114.047	1
22.528	114.052	6
22.528	114.062	1
22.528	114.067	1
22.528	114.078	1
22.528	114.079	1
22.529	113.912	1
22.529	113.915	4
22.529	113.916	6
22.529	113.918	1
22.529	113.919	2
22.529	113.92	2
22.529	113.921	2
22.529	113.924	3
22.529	113.925	3
22.529	113.973	1
22.529	114.026	2
22.529	114.031	1
22.529	114.032	1
22.529	114.033	3
22.529	114.043	1
22.529	114.119	1
22.53	113.912	2
22.53	113.914	4
22.53	113.915	3
22.53	113.919	2
22.53	113.925	4
22.53	113.93	1
22.53	113.969	11
22.53	113.97	7
22.53	113.971	1
22.53	114.024	1
22.53	114.025	3
22.53	114.052	1
22.53	114.069	2
22.53	114.071	1
22.53	114.118	8
22.531	113.915	1
22.531	113.916	2
22.531	113.919	2
22.531	113.92	2
22.531	113.927	1
22.531	113.928	1
22.531	113.931	1
22.531	113.967	3
22.531	113.968	5
22.531	113.969	7
22.531	114.021	1
22.531	114.022	2
22.531	114.023	1
22.531	114.024	3
22.531	114.025	2
22.531	114.027	1
22.531	114.046	1
22.531	114.064	4
22.531	114.066	1
22.531	114.069	2
22.531	114.081	7
22.531	114.085	1
22.531	114.086	2
22.531	114.087	3
22.531	114.116	3
22.531	114.118	1
22.531	114.119	1
22.532	113.913	1
22.532	113.914	2
22.532	113.916	1
22.532	113.919	2
22.532	113.921	2
22.532	113.922	1
22.532	113.928	1
22.532	113.929	1
22.532	113.931	1
22.532	113.932	1
22.532	113.968	1
22.532	113.969	3
22.532	113.971	1
22.532	114.008	1
22.532	114.009	1
22.532	114.023	1
22.532	114.024	2
22.532	114.025	2
22.532	114.026	1
22.532	114.048	1
22.532	114.055	1
22.532	114.064	6
22.532	114.065	9
22.532	114.067	1
22.532	114.069	6
22.532	114.07	2
22.532	114.078	1
22.532	114.079	1
22.532	114.08	3
22.532	114.084	2
22.532	114.086	2
22.532	114.118	1
22.532	114.492	1
22.533	113.914	1
22.533	113.916	3
22.533	113.919	1
22.533	113.92	1
22.533	113.921	4
22.533	113.922	11
22.533	113.923	1
22.533	113.926	1
22.533	113.927	1
22.533	113.93	3
22.533	113.933	1
22.533	113.942	2
22.533	113.943	1
22.533	113.967	5
22.533	113.975	1
22.533	114.014	1
22.533	114.023	1
22.533	114.025	2
22.533	114.026	3
22.533	114.027	9
22.533	114.028	2
22.533	114.03	1
22.533	114.031	1
22.533	114.051	1
22.533	114.054	4
22.533	114.055	21
22.533	114.06	9
22.533	114.061	2
22.533	114.064	2
22.533	114.066	1
22.533	114.071	2
22.533	114.079	1
22.533	114.082	4
22.533	114.083	1
22.533	114.085	2
22.533	114.086	2
22.533	114.119	4
22.534	113.91	1
22.534	113.912	1
22.534	113.914	1
22.534	113.915	3
22.534	113.916	3
22.534	113.917	1
22.534	113.919	1
22.534	113.92	1
22.534	113.921	1
22.534	113.922	3
22.534	113.923	1
22.534	113.927	1
22.534	113.941	2
22.534	113.967	3
22.534	113.968	7
22.534	113.974	3
22.534	113.98	1
22.534	113.986	2
22.534	113.987	1
22.534	113.988	1
22.534	113.99	1
22.534	113.993	1
22.534	114.005	1
22.534	114.006	3
22.534	114.009	1
22.534	114.019	5
22.534	114.024	2
22.534	114.025	2
22.534	114.026	4
22.534	114.027	6
22.534	114.028	4
22.534	114.03	2
22.534	114.031	2
22.534	114.032	10
22.534	114.053	5
22.534	114.054	7
22.534	114.055	2
22.534	114.057	5
22.534	114.058	2
22.534	114.059	1
22.534	114.061	1
22.534	114.062	1
22.534	114.063	4
22.534	114.069	11
22.534	114.082	2
22.534	114.087	2
22.534	114.113	1
22.534	114.118	6
22.534	114.12	2
22.534	114.121	1
22.534	114.122	1
22.535	113.914	2
22.535	113.916	1
22.535	113.919	2
22.535	113.92	16
22.535	113.967	2
22.535	113.985	1
22.535	113.986	6
22.535	113.987	4
22.535	113.995	1
22.535	114.006	1
22.535	114.008	1
22.535	114.011	3
22.535	114.012	3
22.535	114.013	4
22.535	114.022	2
22.535	114.023	1
22.535	114.024	9
22.535	114.025	4
22.535	114.026	3
22.535	114.027	2
22.535	114.028	9
22.535	114.03	1
22.535	114.031	2
22.535	114.032	3
22.535	114.053	2
22.535	114.054	3
22.535	114.055	1
22.535	114.056	1
22.535	114.057	1
22.535	114.059	19
22.535	114.06	9
22.535	114.062	2
22.535	114.063	1
22.535	114.067	2
22.535	114.068	2
22.535	114.069	2
22.535	114.07	2
22.535	114.079	2
22.535	114.08	1
22.535	114.082	1
22.535	114.083	1
22.535	114.109	1
22.535	114.113	1
22.535	114.114	1
22.535	114.115	1
22.535	114.117	1
22.535	114.118	1
22.535	114.12	1
22.535	114.121	4
22.535	114.124	2
22.536	113.915	1
22.536	113.917	2
22.536	113.918	8
22.536	113.919	5
22.536	113.921	1
22.536	113.927	1
22.536	113.949	1
22.536	113.95	1
22.536	113.967	4
22.536	113.973	2
22.536	113.983	3
22.536	113.984	1
22.536	113.993	2
22.536	113.996	2
22.536	114.011	1
22.536	114.012	1
22.536	114.013	2
22.536	114.02	2
22.536	114.024	7
22.536	114.025	11
22.536	114.026	9
22.536	114.03	2
22.536	114.031	2
22.536	114.032	4
22.536	114.053	1
22.536	114.054	4
22.536	114.055	2
22.536	114.059	4
22.536	114.06	6
22.536	114.061	1
22.536	114.063	1
22.536	114.067	1
22.536	114.068	2
22.536	114.069	4
22.536	114.07	1
22.536	114.071	1
22.536	114.072	3
22.536	114.074	3
22.536	114.077	1
22.536	114.078	1
22.536	114.079	1
22.536	114.08	2
22.536	114.081	1
22.536	114.084	1
22.536	114.092	2
22.536	114.109	1
22.536	114.118	1
22.536	114.12	2
22.536	114.122	1
22.536	114.125	2
22.537	113.919	1
22.537	113.945	3
22.537	113.952	2
22.537	113.953	2
22.537	113.954	3
22.537	113.956	2
22.537	113.967	1
22.537	113.973	4
22.537	113.974	6
22.537	113.975	3
22.537	113.976	16
22.537	113.977	3
22.537	113.982	1
22.537	113.991	1
22.537	113.992	1
22.537	113.993	4
22.537	113.994	1
22.537	113.996	1
22.537	114.002	1
22.537	114.008	1
22.537	114.019	1
22.537	114.024	2
22.537	114.025	1
22.537	114.026	3
22.537	114.032	4
22.537	114.05	2
22.537	114.051	5
22.537	114.052	2
22.537	114.053	2
22.537	114.054	1
22.537	114.055	1
22.537	114.056	2
22.537	114.059	1
22.537	114.06	2
22.537	114.061	1
22.537	114.067	1
22.537	114.068	6
22.537	114.069	1
22.537	114.07	1
22.537	114.071	1
22.537	114.073	1
22.537	114.08	4
22.537	114.081	1
22.537	114.082	1
22.537	114.083	4
22.537	114.084	1
22.537	114.087	3
22.537	114.092	4
22.537	114.093	1
22.537	114.096	2
22.537	114.097	3
22.537	114.1	1
22.537	114.101	4
22.537	114.103	4
22.537	114.104	2
22.537	114.105	1
22.537	114.108	3
22.537	114.109	1
22.537	114.111	3
22.537	114.114	1
22.537	114.117	1
22.537	114.119	3
22.537	114.12	9
22.537	114.121	3
22.537	114.124	2
22.537	114.126	2
22.537	114.127	1
22.538	113.909	1
22.538	113.913	2
22.538	113.914	1
22.538	113.915	1
22.538	113.92	6
22.538	113.921	1
22.538	113.922	1
22.538	113.923	2
22.538	113.946	1
22.538	113.948	1
22.538	113.952	2
22.538	113.953	1
22.538	113.967	1
22.538	113.972	1
22.538	113.973	3
22.538	113.974	2
22.538	113.976	5
22.538	113.978	2
22.538	113.983	3
22.538	113.984	1
22.538	113.985	1
22.538	113.99	3
22.538	113.992	4
22.538	113.993	1
22.538	114.006	1
22.538	114.007	5
22.538	114.017	1
22.538	114.022	1
22.538	114.023	1
22.538	114.026	4
22.538	114.027	3
22.538	114.031	1
22.538	114.036	2
22.538	114.047	1
22.538	114.053	3
22.538	114.054	1
22.538	114.069	1
22.538	114.071	2
22.538	114.08	1
22.538	114.081	2
22.538	114.083	1
22.538	114.084	2
22.538	114.086	3
22.538	114.089	4
22.538	114.09	4
22.538	114.091	5
22.538	114.092	4
22.538	114.093	2
22.538	114.094	1
22.538	114.095	1
22.538	114.097	2
22.538	114.099	2
22.538	114.1	4
22.538	114.101	6
22.538	114.102	3
22.538	114.104	1
22.538	114.105	1
22.538	114.107	4
22.538	114.108	2
22.538	114.109	3
22.538	114.11	1
22.538	114.113	2
22.538	114.114	2
22.538	114.116	1
22.538	114.117	3
22.538	114.118	5
22.538	114.119	3
22.538	114.12	7
22.538	114.121	3
22.538	114.123	1
22.538	114.124	3
22.538	114.125	4
22.538	114.126	1
22.538	114.127	6
22.539	113.912	2
22.539	113.914	1
22.539	113.915	3
22.539	113.92	2
22.539	113.921	2
22.539	113.944	1
22.539	113.951	1
22.539	113.953	2
22.539	113.954	2
22.539	113.956	1
22.539	113.957	1
22.539	113.966	1
22.539	113.967	4
22.539	113.968	1
22.539	113.969	4
22.539	113.97	1
22.539	113.971	1
22.539	113.972	2
22.539	113.993	1
22.539	113.994	1
22.539	113.998	1
22.539	113.999	2
22.539	114.015	1
22.539	114.025	1
22.539	114.026	1
22.539	114.037	1
22.539	114.039	1
22.539	114.04	1
22.539	114.045	1
22.539	114.054	1
22.539	114.07	1
22.539	114.081	4
22.539	114.083	1
22.539	114.084	1
22.539	114.087	1
22.539	114.089	4
22.539	114.09	1
22.539	114.092	2
22.539	114.093	2
22.539	114.094	10
22.539	114.095	1
22.539	114.097	5
22.539	114.098	8
22.539	114.099	9
22.539	114.1	3
22.539	114.101	3
22.539	114.102	7
22.539	114.103	2
22.539	114.104	2
22.539	114.106	2
22.539	114.107	1
22.539	114.108	3
22.539	114.109	1
22.539	114.11	4
22.539	114.111	1
22.539	114.113	1
22.539	114.114	1
22.539	114.115	3
22.539	114.117	1
22.539	114.118	5
22.539	114.119	2
22.539	114.12	6
22.539	114.123	2
22.539	114.124	3
22.539	114.125	1
22.539	114.126	1
22.54	113.912	2
22.54	113.914	1
22.54	113.915	2
22.54	113.917	1
22.54	113.928	1
22.54	113.94	1
22.54	113.944	2
22.54	113.955	1
22.54	113.968	1
22.54	113.97	2
22.54	113.971	1
22.54	113.973	2
22.54	113.979	1
22.54	114.016	1
22.54	114.019	1
22.54	114.021	1
22.54	114.026	1
22.54	114.036	1
22.54	114.04	13
22.54	114.042	1
22.54	114.078	1
22.54	114.083	4
22.54	114.084	4
22.54	114.085	4
22.54	114.086	2
22.54	114.088	2
22.54	114.089	1
22.54	114.091	1
22.54	114.093	1
22.54	114.096	6
22.54	114.097	2
22.54	114.098	2
22.54	114.099	6
22.54	114.101	1
22.54	114.103	5
22.54	114.104	4
22.54	114.108	4
22.54	114.109	3
22.54	114.11	9
22.54	114.111	11
22.54	114.112	2
22.54	114.115	2
22.54	114.119	1
22.54	114.12	20
22.54	114.123	7
22.54	114.124	1
22.54	114.125	1
22.54	114.126	1
22.54	114.127	4
22.54	114.128	2
22.54	114.129	2
22.541	113.914	5
22.541	113.915	1
22.541	113.916	2
22.541	113.917	2
22.541	113.924	1
22.541	113.928	1
22.541	113.936	1
22.541	113.939	1
22.541	113.942	2
22.541	113.943	5
22.541	113.944	1
22.541	113.945	5
22.541	113.947	1
22.541	113.95	1
22.541	113.951	4
22.541	113.969	5
22.541	113.97	1
22.541	113.971	1
22.541	113.972	2
22.541	113.974	1
22.541	113.977	1
22.541	113.997	1
22.541	114.017	2
22.541	114.018	2
22.541	114.022	4
22.541	114.025	1
22.541	114.027	1
22.541	114.032	1
22.541	114.033	4
22.541	114.034	1
22.541	114.035	2
22.541	114.036	3
22.541	114.037	1
22.541	114.042	2
22.541	114.045	2
22.541	114.047	1
22.541	114.048	5
22.541	114.051	1
22.541	114.065	3
22.541	114.07	1
22.541	114.076	2
22.541	114.083	3
22.541	114.084	10
22.541	114.085	1
22.541	114.086	1
22.541	114.087	1
22.541	114.088	2
22.541	114.09	2
22.541	114.091	2
22.541	114.092	3
22.541	114.093	6
22.541	114.094	1
22.541	114.096	1
22.541	114.101	1
22.541	114.102	1
22.541	114.105	1
22.541	114.109	6
22.541	114.11	7
22.541	114.111	2
22.541	114.112	2
22.541	114.115	1
22.541	114.118	5
22.541	114.119	4
22.541	114.12	4
22.541	114.122	3
22.541	114.123	3
22.541	114.124	5
22.541	114.125	2
22.541	114.126	1
22.541	114.127	1
22.541	114.132	5
22.541	114.136	1
22.542	113.921	2
22.542	113.928	1
22.542	113.929	1
22.542	113.938	1
22.542	113.94	1
22.542	113.945	2
22.542	113.955	1
22.542	113.961	1
22.542	113.97	1
22.542	113.972	1
22.542	114.009	1
22.542	114.016	1
22.542	114.017	1
22.542	114.034	2
22.542	114.035	3
22.542	114.036	6
22.542	114.04	1
22.542	114.044	3
22.542	114.045	4
22.542	114.046	2
22.542	114.047	3
22.542	114.061	1
22.542	114.064	1
22.542	114.065	2
22.542	114.076	1
22.542	114.077	3
22.542	114.086	5
22.542	114.087	2
22.542	114.089	3
22.542	114.091	1
22.542	114.093	2
22.542	114.094	1
22.542	114.095	1
22.542	114.109	1
22.542	114.114	2
22.542	114.115	3
22.542	114.116	1
22.542	114.117	1
22.542	114.118	2
22.542	114.119	4
22.542	114.12	11
22.542	114.121	4
22.542	114.122	5
22.542	114.123	2
22.542	114.124	1
22.542	114.125	3
22.542	114.126	2
22.542	114.128	4
22.542	114.129	4
22.542	114.132	2
22.542	114.133	1
22.542	114.136	1
22.542	114.143	3
22.542	114.151	1
22.542	114.152	1
22.543	113.92	1
22.543	113.923	1
22.543	113.924	1
22.543	113.928	1
22.543	113.931	1
22.543	113.933	2
22.543	113.934	1
22.543	113.939	1
22.543	113.945	3
22.543	113.946	1
22.543	113.947	1
22.543	113.951	2
22.543	113.968	2
22.543	113.969	1
22.543	114.033	2
22.543	114.034	5
22.543	114.035	3
22.543	114.045	2
22.543	114.047	1
22.543	114.054	1
22.543	114.058	9
22.543	114.069	10
22.543	114.07	8
22.543	114.082	1
22.543	114.084	4
22.543	114.086	5
22.543	114.087	2
22.543	114.088	1
22.543	114.089	6
22.543	114.09	1
22.543	114.091	2
22.543	114.092	3
22.543	114.093	3
22.543	114.096	2
22.543	114.106	1
22.543	114.107	5
22.543	114.11	3
22.543	114.111	6
22.543	114.114	2
22.543	114.116	2
22.543	114.118	2
22.543	114.119	1
22.543	114.121	2
22.543	114.122	4
22.543	114.123	1
22.543	114.124	1
22.543	114.125	2
22.543	114.126	2
22.543	114.127	2
22.543	114.128	2
22.543	114.129	1
22.543	114.131	1
22.544	113.914	3
22.544	113.923	1
22.544	113.924	4
22.544	113.933	2
22.544	113.947	2
22.544	113.949	1
22.544	113.95	3
22.544	113.967	1
22.544	113.968	4
22.544	113.969	1
22.544	114.012	6
22.544	114.017	1
22.544	114.02	1
22.544	114.028	2
22.544	114.031	1
22.544	114.045	2
22.544	114.046	1
22.544	114.051	1
22.544	114.052	1
22.544	114.053	1
22.544	114.058	1
22.544	114.064	1
22.544	114.069	2
22.544	114.07	1
22.544	114.071	1
22.544	114.076	5
22.544	114.077	1
22.544	114.083	5
22.544	114.084	6
22.544	114.085	4
22.544	114.086	4
22.544	114.087	1
22.544	114.088	5
22.544	114.089	5
22.544	114.09	3
22.544	114.091	1
22.544	114.092	3
22.544	114.093	6
22.544	114.097	1
22.544	114.102	1
22.544	114.105	1
22.544	114.106	3
22.544	114.107	10
22.544	114.11	2
22.544	114.112	3
22.544	114.113	2
22.544	114.114	6
22.544	114.116	4
22.544	114.117	3
22.544	114.118	10
22.544	114.119	39
22.544	114.12	2
22.544	114.121	1
22.544	114.122	1
22.544	114.123	1
22.544	114.124	1
22.544	114.125	4
22.544	114.127	4
22.544	114.128	2
22.544	114.131	1
22.544	114.136	3
22.544	114.146	1
22.545	113.934	2
22.545	113.943	1
22.545	113.946	1
22.545	113.969	2
22.545	114.011	4
22.545	114.012	14
22.545	114.04	1
22.545	114.045	2
22.545	114.05	1
22.545	114.056	1
22.545	114.068	2
22.545	114.07	2
22.545	114.071	1
22.545	114.075	1
22.545	114.076	10
22.545	114.082	1
22.545	114.083	5
22.545	114.084	6
22.545	114.085	1
22.545	114.086	9
22.545	114.087	9
22.545	114.088	1
22.545	114.09	5
22.545	114.091	2
22.545	114.092	2
22.545	114.093	1
22.545	114.094	1
22.545	114.105	3
22.545	114.106	1
22.545	114.107	1
22.545	114.11	10
22.545	114.111	1
22.545	114.113	1
22.545	114.116	3
22.545	114.117	8
22.545	114.118	7
22.545	114.119	9
22.545	114.12	4
22.545	114.121	2
22.545	114.122	1
22.545	114.127	1
22.545	114.129	4
22.545	114.13	3
22.545	114.135	1
22.545	114.137	1
22.545	114.139	3
22.546	113.896	1
22.546	113.921	1
22.546	113.928	1
22.546	113.932	5
22.546	113.935	1
22.546	113.944	1
22.546	113.945	1
22.546	113.967	1
22.546	113.968	3
22.546	113.969	7
22.546	113.975	5
22.546	114.045	3
22.546	114.046	1
22.546	114.049	1
22.546	114.058	1
22.546	114.06	1
22.546	114.072	1
22.546	114.078	4
22.546	114.082	6
22.546	114.083	4
22.546	114.085	1
22.546	114.086	5
22.546	114.087	2
22.546	114.088	3
22.546	114.089	8
22.546	114.09	11
22.546	114.091	12
22.546	114.092	6
22.546	114.093	1
22.546	114.094	1
22.546	114.107	3
22.546	114.108	3
22.546	114.109	5
22.546	114.11	2
22.546	114.113	4
22.546	114.116	6
22.546	114.117	13
22.546	114.118	7
22.546	114.119	5
22.546	114.12	6
22.546	114.121	18
22.546	114.122	5
22.546	114.123	2
22.546	114.124	1
22.546	114.128	2
22.546	114.129	3
22.546	114.13	1
22.546	114.135	2
22.546	114.137	1
22.546	114.138	1
22.546	114.14	2
22.546	114.144	1
22.546	114.232	2
22.546	114.233	1
22.546	114.234	1
22.547	113.923	1
22.547	113.945	1
22.547	113.969	1
22.547	114.041	1
22.547	114.044	3
22.547	114.045	2
22.547	114.047	1
22.547	114.048	1
22.547	114.049	1
22.547	114.057	4
22.547	114.059	2
22.547	114.06	5
22.547	114.064	1
22.547	114.083	7
22.547	114.084	3
22.547	114.085	5
22.547	114.086	41
22.547	114.087	3
22.547	114.088	3
22.547	114.089	15
22.547	114.091	1
22.547	114.093	1
22.547	114.095	1
22.547	114.105	3
22.547	114.109	1
22.547	114.11	1
22.547	114.113	1
22.547	114.114	1
22.547	114.117	1
22.547	114.118	1
22.547	114.119	1
22.547	114.12	6
22.547	114.121	12
22.547	114.122	1
22.547	114.123	1
22.547	114.131	5
22.547	114.132	1
22.547	114.133	7
22.547	114.134	9
22.547	114.136	1
22.547	114.142	2
22.547	114.146	1
22.547	114.23	2
22.547	114.231	1
22.547	114.234	3
22.548	113.923	1
22.548	113.927	1
22.548	113.932	1
22.548	113.944	1
22.548	113.945	2
22.548	113.967	1
22.548	113.969	1
22.548	113.97	1
22.548	114.012	1
22.548	114.016	1
22.548	114.046	1
22.548	114.047	5
22.548	114.06	1
22.548	114.069	2
22.548	114.07	3
22.548	114.085	4
22.548	114.086	2
22.548	114.087	4
22.548	114.088	1
22.548	114.089	10
22.548	114.11	1
22.548	114.116	1
22.548	114.118	1
22.548	114.119	3
22.548	114.121	1
22.548	114.122	9
22.548	114.125	1
22.548	114.127	2
22.548	114.128	2
22.548	114.129	2
22.548	114.132	4
22.548	114.133	5
22.548	114.134	9
22.548	114.135	2
22.548	114.136	3
22.548	114.137	1
22.548	114.139	2
22.548	114.146	2
22.548	114.148	2
22.548	114.149	1
22.548	114.15	1
22.548	114.151	1
22.549	113.879	2
22.549	113.886	3
22.549	113.888	2
22.549	113.898	1
22.549	113.9	1
22.549	113.904	1
22.549	113.923	2
22.549	113.927	2
22.549	113.928	2
22.549	113.942	10
22.549	113.945	1
22.549	113.968	1
22.549	113.971	1
22.549	114.016	1
22.549	114.017	1
22.549	114.037	1
22.549	114.046	1
22.549	114.048	4
22.549	114.068	2
22.549	114.07	1
22.549	114.073	1
22.549	114.082	2
22.549	114.084	2
22.549	114.085	1
22.549	114.086	2
22.549	114.087	2
22.549	114.092	2
22.549	114.096	2
22.549	114.097	2
22.549	114.098	1
22.549	114.1	1
22.549	114.103	1
22.549	114.104	1
22.549	114.105	2
22.549	114.106	1
22.549	114.107	1
22.549	114.11	3
22.549	114.111	1
22.549	114.112	1
22.549	114.113	2
22.549	114.12	1
22.549	114.122	4
22.549	114.123	2
22.549	114.124	2
22.549	114.126	1
22.549	114.127	5
22.549	114.128	2
22.549	114.129	1
22.549	114.13	1
22.549	114.131	1
22.549	114.135	4
22.549	114.141	1
22.549	114.229	1
22.549	114.23	1
22.549	114.231	1
22.549	114.232	1
22.549	114.233	1
22.55	113.924	1
22.55	113.926	1
22.55	113.945	1
22.55	113.982	1
22.55	114.023	1
22.55	114.025	1
22.55	114.047	2
22.55	114.077	1
22.55	114.088	5
22.55	114.101	1
22.55	114.102	3
22.55	114.106	2
22.55	114.107	4
22.55	114.108	1
22.55	114.109	1
22.55	114.11	1
22.55	114.111	1
22.55	114.112	2
22.55	114.118	1
22.55	114.119	1
22.55	114.12	1
22.55	114.122	1
22.55	114.123	3
22.55	114.129	2
22.55	114.13	3
22.55	114.131	1
22.55	114.135	4
22.55	114.148	2
22.55	114.229	6
22.55	114.23	2
22.55	114.231	1
22.55	114.233	1
22.55	114.482	1
22.551	113.903	1
22.551	113.906	1
22.551	113.908	1
22.551	113.923	1
22.551	113.924	2
22.551	113.958	1
22.551	114.023	1
22.551	114.038	2
22.551	114.044	1
22.551	114.045	1
22.551	114.046	3
22.551	114.048	1
22.551	114.071	1
22.551	114.092	2
22.551	114.1	1
22.551	114.104	2
22.551	114.11	1
22.551	114.111	2
22.551	114.112	1
22.551	114.125	1
22.551	114.129	1
22.551	114.13	2
22.551	114.131	1
22.551	114.135	1
22.551	114.136	1
22.551	114.227	1
22.551	114.228	1
22.551	114.229	1
22.551	114.23	1
22.551	114.231	2
22.551	114.232	1
22.551	114.234	1
22.551	114.237	1
22.551	114.484	1
22.552	113.923	1
22.552	114.044	1
22.552	114.047	1
22.552	114.071	3
22.552	114.085	1
22.552	114.09	1
22.552	114.092	1
22.552	114.094	2
22.552	114.095	1
22.552	114.1	1
22.552	114.101	2
22.552	114.105	1
22.552	114.106	1
22.552	114.107	1
22.552	114.108	2
22.552	114.109	2
22.552	114.113	1
22.552	114.129	1
22.552	114.13	1
22.552	114.135	1
22.552	114.136	1
22.552	114.149	1
22.552	114.226	3
22.552	114.227	4
22.552	114.23	1
22.553	113.344	1
22.553	113.872	1
22.553	113.884	1
22.553	113.904	2
22.553	113.905	1
22.553	113.923	1
22.553	113.944	3
22.553	114.016	2
22.553	114.018	1
22.553	114.036	1
22.553	114.069	1
22.553	114.087	1
22.553	114.09	3
22.553	114.092	1
22.553	114.093	1
22.553	114.096	1
22.553	114.1	1
22.553	114.103	1
22.553	114.105	1
22.553	114.106	3
22.553	114.107	3
22.553	114.108	2
22.553	114.109	10
22.553	114.11	3
22.553	114.121	1
22.553	114.128	1
22.553	114.135	1
22.553	114.151	1
22.553	114.234	1
22.553	114.235	3
22.554	113.879	3
22.554	113.889	2
22.554	113.896	1
22.554	113.941	2
22.554	113.944	1
22.554	113.992	2
22.554	114.032	1
22.554	114.034	1
22.554	114.038	1
22.554	114.043	2
22.554	114.044	5
22.554	114.045	1
22.554	114.046	1
22.554	114.047	3
22.554	114.086	1
22.554	114.095	2
22.554	114.1	1
22.554	114.106	1
22.554	114.11	3
22.554	114.111	1
22.554	114.14	1
22.554	114.142	1
22.554	114.148	1
22.554	114.152	1
22.554	114.231	1
22.554	114.233	1
22.554	114.235	2
22.554	114.238	3
22.554	114.239	1
22.554	114.24	2
22.555	113.876	1
22.555	113.88	3
22.555	113.888	1
22.555	113.889	1
22.555	113.89	1
22.555	113.923	1
22.555	114.03	1
22.555	114.036	1
22.555	114.039	1
22.555	114.041	1
22.555	114.042	1
22.555	114.044	1
22.555	114.045	1
22.555	114.046	2
22.555	114.047	1
22.555	114.07	1
22.555	114.095	1
22.555	114.107	2
22.555	114.109	3
22.555	114.12	1
22.555	114.121	3
22.555	114.127	2
22.555	114.129	7
22.555	114.132	4
22.555	114.139	2
22.555	114.14	1
22.555	114.184	1
22.555	114.235	2
22.555	114.238	2
22.555	114.239	13
22.556	113.855	1
22.556	113.875	1
22.556	113.879	2
22.556	113.88	1
22.556	113.887	4
22.556	113.892	2
22.556	113.896	2
22.556	113.901	2
22.556	113.908	2
22.556	113.939	1
22.556	113.95	2
22.556	113.951	3
22.556	114.031	1
22.556	114.032	1
22.556	114.036	4
22.556	114.037	1
22.556	114.04	2
22.556	114.041	1
22.556	114.043	1
22.556	114.12	2
22.556	114.129	1
22.556	114.13	3
22.556	114.132	2
22.556	114.186	1
22.556	114.238	1
22.556	114.239	10
22.557	113.876	1
22.557	113.882	1
22.557	113.887	1
22.557	113.891	1
22.557	113.894	3
22.557	113.895	1
22.557	113.896	1
22.557	113.897	1
22.557	113.899	1
22.557	113.908	1
22.557	113.914	1
22.557	113.971	1
22.557	113.983	1
22.557	113.984	3
22.557	114.031	1
22.557	114.036	1
22.557	114.039	7
22.557	114.04	2
22.557	114.046	1
22.557	114.083	1
22.557	114.084	2
22.557	114.097	2
22.557	114.098	1
22.557	114.099	3
22.557	114.1	6
22.557	114.101	9
22.557	114.102	11
22.557	114.103	6
22.557	114.104	2
22.557	114.109	1
22.557	114.112	1
22.557	114.121	5
22.557	114.122	1
22.557	114.123	1
22.557	114.126	1
22.557	114.13	3
22.557	114.131	2
22.557	114.132	1
22.557	114.141	1
22.558	113.873	1
22.558	113.878	2
22.558	113.885	2
22.558	113.886	2
22.558	113.893	1
22.558	113.897	1
22.558	113.898	3
22.558	113.902	1
22.558	113.903	1
22.558	113.944	1
22.558	113.951	1
22.558	113.952	1
22.558	114.033	2
22.558	114.039	1
22.558	114.042	1
22.558	114.049	1
22.558	114.05	1
22.558	114.097	1
22.558	114.099	1
22.558	114.1	4
22.558	114.101	3
22.558	114.102	1
22.558	114.104	3
22.558	114.109	1
22.558	114.121	2
22.558	114.123	4
22.558	114.124	1
22.558	114.125	1
22.558	114.13	7
22.558	114.133	1
22.558	114.142	1
22.558	114.19	1
22.558	114.191	1
22.558	114.238	6
22.559	113.876	2
22.559	113.877	1
22.559	113.879	1
22.559	113.886	4
22.559	113.889	3
22.559	113.895	1
22.559	113.896	4
22.559	113.897	1
22.559	113.898	1
22.559	113.899	2
22.559	113.905	25
22.559	113.906	11
22.559	113.908	1
22.559	113.944	1
22.559	113.951	1
22.559	113.953	1
22.559	113.974	1
22.559	113.981	2
22.559	113.984	1
22.559	113.985	1
22.559	114.038	1
22.559	114.042	1
22.559	114.064	1
22.559	114.093	1
22.559	114.095	1
22.559	114.098	2
22.559	114.1	3
22.559	114.101	5
22.559	114.102	1
22.559	114.103	3
22.559	114.109	2
22.559	114.121	1
22.559	114.13	4
22.559	114.162	1
22.559	114.169	1
22.559	114.17	2
22.559	114.18	1
22.559	114.243	2
22.56	113.867	2
22.56	113.875	2
22.56	113.88	1
22.56	113.884	1
22.56	113.889	3
22.56	113.893	2
22.56	113.894	1
22.56	113.895	1
22.56	113.896	1
22.56	113.898	2
22.56	113.9	1
22.56	113.904	7
22.56	113.905	2
22.56	113.906	2
22.56	113.907	2
22.56	113.908	1
22.56	113.909	2
22.56	113.948	3
22.56	113.95	1
22.56	113.973	1
22.56	113.974	1
22.56	113.984	1
22.56	113.992	1
22.56	114.05	1
22.56	114.051	1
22.56	114.054	1
22.56	114.056	1
22.56	114.063	1
22.56	114.064	1
22.56	114.066	1
22.56	114.1	1
22.56	114.106	1
22.56	114.108	1
22.56	114.121	1
22.56	114.126	1
22.56	114.13	1
22.56	114.143	2
22.56	114.171	1
22.561	113.871	1
22.561	113.877	1
22.561	113.881	5
22.561	113.89	5
22.561	113.891	1
22.561	113.893	1
22.561	113.895	3
22.561	113.899	1
22.561	113.903	10
22.561	113.906	3
22.561	113.907	9
22.561	113.908	1
22.561	113.912	1
22.561	113.975	1
22.561	113.98	1
22.561	113.986	1
22.561	114.038	1
22.561	114.04	1
22.561	114.052	1
22.561	114.063	1
22.561	114.066	1
22.561	114.094	1
22.561	114.095	2
22.561	114.096	1
22.561	114.101	1
22.561	114.108	1
22.561	114.109	4
22.561	114.121	1
22.561	114.123	1
22.561	114.127	1
22.561	114.129	1
22.561	114.13	2
22.561	114.14	3
22.561	114.141	1
22.561	114.17	2
22.561	114.171	2
22.561	114.172	4
22.561	114.174	1
22.561	114.495	1
22.562	113.872	1
22.562	113.878	1
22.562	113.882	1
22.562	113.883	3
22.562	113.889	2
22.562	113.891	2
22.562	113.893	2
22.562	113.894	1
22.562	113.897	1
22.562	113.9	1
22.562	113.903	3
22.562	113.904	2
22.562	113.906	4
22.562	113.908	1
22.562	113.963	2
22.562	114.037	5
22.562	114.038	2
22.562	114.041	4
22.562	114.06	1
22.562	114.094	1
22.562	114.099	1
22.562	114.1	6
22.562	114.101	2
22.562	114.102	2
22.562	114.103	2
22.562	114.105	1
22.562	114.109	1
22.562	114.127	2
22.562	114.13	1
22.562	114.139	2
22.562	114.169	3
22.562	114.17	2
22.562	114.171	2
22.562	114.172	2
22.562	114.496	1
22.563	113.862	1
22.563	113.863	2
22.563	113.865	1
22.563	113.872	1
22.563	113.877	2
22.563	113.878	2
22.563	113.882	1
22.563	113.89	2
22.563	113.892	3
22.563	113.896	2
22.563	113.902	2
22.563	113.903	1
22.563	113.906	1
22.563	113.909	2
22.563	113.963	1
22.563	113.982	1
22.563	114.038	1
22.563	114.041	1
22.563	114.042	1
22.563	114.044	2
22.563	114.045	2
22.563	114.049	1
22.563	114.054	1
22.563	114.097	3
22.563	114.112	2
22.563	114.127	1
22.563	114.14	2
22.563	114.169	1
22.563	114.17	2
22.563	114.173	1
22.563	114.176	1
22.564	113.854	3
22.564	113.86	1
22.564	113.87	1
22.564	113.875	1
22.564	113.882	1
22.564	113.89	1
22.564	113.891	1
22.564	113.892	1
22.564	113.893	1
22.564	113.895	2
22.564	113.9	1
22.564	113.904	3
22.564	113.907	1
22.564	113.908	1
22.564	114.041	1
22.564	114.042	1
22.564	114.045	2
22.564	114.046	1
22.564	114.049	1
22.564	114.054	4
22.564	114.055	8
22.564	114.06	1
22.564	114.1	1
22.564	114.102	1
22.564	114.103	1
22.564	114.112	1
22.564	114.126	1
22.564	114.139	1
22.564	114.166	2
22.564	114.168	1
22.564	114.169	3
22.564	114.17	3
22.564	114.171	9
22.564	114.172	5
22.564	114.173	5
22.564	114.174	2
22.564	114.175	1
22.564	114.495	1
22.564	114.496	1
22.565	113.86	6
22.565	113.867	3
22.565	113.869	5
22.565	113.882	2
22.565	113.883	2
22.565	113.888	2
22.565	113.892	2
22.565	113.894	2
22.565	113.899	2
22.565	113.903	2
22.565	113.906	2
22.565	113.909	1
22.565	113.911	1
22.565	113.964	1
22.565	114.033	2
22.565	114.038	1
22.565	114.04	1
22.565	114.041	2
22.565	114.042	2
22.565	114.046	1
22.565	114.048	3
22.565	114.049	6
22.565	114.054	2
22.565	114.055	2
22.565	114.057	3
22.565	114.058	2
22.565	114.059	3
22.565	114.06	3
22.565	114.061	3
22.565	114.113	9
22.565	114.114	2
22.565	114.127	1
22.565	114.128	2
22.565	114.139	1
22.566	113.863	2
22.566	113.868	2
22.566	113.875	1
22.566	113.881	2
22.566	113.883	3
22.566	113.886	2
22.566	113.898	1
22.566	113.9	1
22.566	113.902	1
22.566	113.914	2
22.566	114.041	4
22.566	114.042	2
22.566	114.043	2
22.566	114.048	1
22.566	114.049	2
22.566	114.05	2
22.566	114.054	6
22.566	114.055	2
22.566	114.058	2
22.566	114.059	2
22.566	114.065	2
22.566	114.098	3
22.566	114.099	3
22.566	114.102	1
22.566	114.113	3
22.566	114.123	1
22.566	114.125	1
22.566	114.139	2
22.566	114.142	6
22.566	114.143	1
22.566	114.166	1
22.566	114.168	1
22.566	114.496	2
22.566	114.497	1
22.567	113.854	1
22.567	113.865	1
22.567	113.866	1
22.567	113.867	2
22.567	113.868	7
22.567	113.869	4
22.567	113.872	1
22.567	113.874	3
22.567	113.885	1
22.567	113.887	1
22.567	113.889	1
22.567	113.89	1
22.567	113.897	1
22.567	113.901	4
22.567	113.902	1
22.567	113.905	1
22.567	113.906	1
22.567	113.908	1
22.567	113.91	1
22.567	113.922	1
22.567	113.953	1
22.567	114.042	1
22.567	114.043	1
22.567	114.045	1
22.567	114.048	2
22.567	114.05	1
22.567	114.054	1
22.567	114.059	8
22.567	114.065	1
22.567	114.09	1
22.567	114.097	1
22.567	114.099	1
22.567	114.113	5
22.567	114.115	1
22.567	114.13	3
22.567	114.14	1
22.567	114.142	1
22.567	114.148	1
22.568	113.855	1
22.568	113.856	1
22.568	113.858	2
22.568	113.864	2
22.568	113.865	3
22.568	113.866	1
22.568	113.868	2
22.568	113.869	2
22.568	113.87	10
22.568	113.871	1
22.568	113.883	1
22.568	113.886	1
22.568	113.887	1
22.568	113.888	1
22.568	113.891	3
22.568	113.9	1
22.568	113.902	2
22.568	113.903	1
22.568	113.904	1
22.568	113.909	1
22.568	113.91	1
22.568	113.953	1
22.568	113.967	1
22.568	114.043	1
22.568	114.048	7
22.568	114.049	1
22.568	114.058	1
22.568	114.059	4
22.568	114.06	1
22.568	114.061	3
22.568	114.063	1
22.568	114.064	3
22.568	114.066	2
22.568	114.075	1
22.568	114.093	1
22.568	114.095	1
22.568	114.099	1
22.568	114.112	1
22.568	114.113	1
22.568	114.114	3
22.568	114.115	1
22.568	114.124	1
22.568	114.126	1
22.568	114.139	1
22.568	114.14	2
22.568	114.141	3
22.568	114.143	1
22.569	113.854	2
22.569	113.856	2
22.569	113.857	10
22.569	113.859	1
22.569	113.864	2
22.569	113.866	1
22.569	113.867	1
22.569	113.868	2
22.569	113.87	3
22.569	113.871	1
22.569	113.874	1
22.569	113.886	2
22.569	113.888	3
22.569	113.889	1
22.569	113.89	7
22.569	113.891	1
22.569	113.896	2
22.569	113.897	1
22.569	113.898	1
22.569	113.902	1
22.569	113.904	2
22.569	113.905	3
22.569	113.911	2
22.569	113.912	1
22.569	113.928	1
22.569	113.93	1
22.569	113.951	3
22.569	113.966	1
22.569	113.967	1
22.569	114.103	1
22.569	114.114	2
22.569	114.123	1
22.569	114.138	5
22.569	114.139	7
22.569	114.141	1
22.569	114.451	2
22.57	113.853	2
22.57	113.856	1
22.57	113.861	1
22.57	113.867	1
22.57	113.87	2
22.57	113.871	7
22.57	113.881	1
22.57	113.885	3
22.57	113.889	1
22.57	113.9	2
22.57	113.901	1
22.57	113.902	4
22.57	113.903	1
22.57	113.911	1
22.57	113.951	1
22.57	113.96	1
22.57	113.961	4
22.57	113.962	1
22.57	113.964	2
22.57	114.059	2
22.57	114.06	2
22.57	114.089	1
22.57	114.107	1
22.57	114.124	1
22.57	114.141	1
22.571	113.858	1
22.571	113.859	1
22.571	113.866	2
22.571	113.868	6
22.571	113.884	1
22.571	113.888	2
22.571	113.895	1
22.571	113.896	2
22.571	113.897	1
22.571	113.9	2
22.571	113.901	2
22.571	113.902	1
22.571	113.904	1
22.571	113.959	2
22.571	113.96	3
22.571	114.043	1
22.571	114.059	2
22.571	114.069	1
22.571	114.084	1
22.571	114.096	1
22.571	114.125	1
22.571	114.127	2
22.571	114.129	1
22.571	114.13	3
22.571	114.131	1
22.572	113.849	1
22.572	113.858	6
22.572	113.859	2
22.572	113.86	3
22.572	113.862	5
22.572	113.863	1
22.572	113.867	2
22.572	113.868	1
22.572	113.869	1
22.572	113.877	1
22.572	113.888	1
22.572	113.889	2
22.572	113.892	1
22.572	113.893	2
22.572	113.896	1
22.572	113.901	1
22.572	113.908	1
22.572	113.954	1
22.572	113.958	1
22.572	113.959	1
22.572	113.962	1
22.572	114.044	1
22.572	114.046	1
22.572	114.068	1
22.572	114.136	2
22.573	113.857	1
22.573	113.862	1
22.573	113.863	2
22.573	113.864	1
22.573	113.866	2
22.573	113.867	1
22.573	113.873	3
22.573	113.874	1
22.573	113.876	1
22.573	113.877	1
22.573	113.878	1
22.573	113.891	1
22.573	113.895	2
22.573	113.899	1
22.573	113.938	1
22.573	113.952	1
22.573	113.953	1
22.573	114.064	1
22.573	114.14	2
22.573	114.143	1
22.574	113.856	1
22.574	113.863	1
22.574	113.864	2
22.574	113.865	2
22.574	113.871	1
22.574	113.872	1
22.574	113.874	1
22.574	113.876	2
22.574	113.89	1
22.574	113.892	2
22.574	113.893	1
22.574	113.898	1
22.574	113.9	3
22.574	113.902	1
22.574	113.912	1
22.574	114.104	1
22.574	114.114	1
22.574	114.128	2
22.574	114.13	2
22.574	114.146	2
22.574	114.486	1
22.575	113.858	1
22.575	113.859	2
22.575	113.862	2
22.575	113.863	1
22.575	113.864	1
22.575	113.865	7
22.575	113.866	1
22.575	113.87	1
22.575	113.875	1
22.575	113.879	1
22.575	113.88	1
22.575	113.881	2
22.575	113.889	1
22.575	113.893	1
22.575	113.898	1
22.575	113.901	1
22.575	113.951	1
22.575	113.953	9
22.575	113.954	1
22.575	113.956	1
22.575	113.958	1
22.575	114.134	1
22.575	114.139	1
22.576	113.854	1
22.576	113.862	1
22.576	113.863	4
22.576	113.866	2
22.576	113.867	1
22.576	113.881	1
22.576	113.882	3
22.576	113.883	1
22.576	113.888	3
22.576	113.889	3
22.576	113.897	2
22.576	113.898	2
22.576	113.901	1
22.576	113.904	2
22.576	113.909	2
22.576	113.916	1
22.576	113.952	2
22.576	113.953	1
22.576	113.954	1
22.576	113.956	3
22.576	114.125	1
22.576	114.127	1
22.576	114.128	1
22.576	114.131	1
22.576	114.133	1
22.576	114.135	1
22.576	114.145	1
22.577	113.854	1
22.577	113.856	1
22.577	113.862	1
22.577	113.867	1
22.577	113.869	1
22.577	113.88	1
22.577	113.881	3
22.577	113.896	1
22.577	113.897	2
22.577	113.898	2
22.577	113.899	1
22.577	113.902	1
22.577	113.903	1
22.577	113.904	1
22.577	113.912	1
22.577	113.954	3
22.577	113.955	1
22.577	114.102	1
22.577	114.125	2
22.577	114.127	1
22.577	114.128	2
22.577	114.129	6
22.577	114.135	4
22.577	114.138	5
22.577	114.139	1
22.577	114.141	4
22.577	114.143	1
22.578	113.86	2
22.578	113.868	1
22.578	113.87	1
22.578	113.874	5
22.578	113.886	1
22.578	113.887	4
22.578	113.888	5
22.578	113.889	1
22.578	113.89	4
22.578	113.894	1
22.578	113.895	1
22.578	113.899	3
22.578	113.9	1
22.578	113.901	1
22.578	113.906	2
22.578	113.907	1
22.578	113.946	1
22.578	113.954	1
22.578	114.126	1
22.578	114.128	2
22.578	114.138	1
22.578	114.142	2
22.578	114.143	2
22.578	114.144	1
22.579	113.857	1
22.579	113.86	7
22.579	113.861	1
22.579	113.867	1
22.579	113.869	1
22.579	113.871	3
22.579	113.873	2
22.579	113.884	2
22.579	113.887	1
22.579	113.888	5
22.579	113.892	1
22.579	113.895	3
22.579	113.9	4
22.579	113.901	4
22.579	113.907	2
22.579	113.956	2
22.579	114.13	1
22.579	114.137	1
22.579	114.138	3
22.579	114.139	1
22.579	114.142	2
22.58	113.861	3
22.58	113.862	1
22.58	113.87	1
22.58	113.882	1
22.58	113.885	1
22.58	113.887	2
22.58	113.892	2
22.58	113.893	3
22.58	113.901	1
22.58	113.905	1
22.58	113.91	1
22.58	113.949	1
22.58	113.954	4
22.58	113.955	1
22.58	113.956	2
22.58	114.12	2
22.58	114.137	1
22.58	114.138	1
22.58	114.142	2
22.581	113.86	1
22.581	113.862	3
22.581	113.868	1
22.581	113.871	1
22.581	113.872	1
22.581	113.881	2
22.581	113.885	1
22.581	113.886	2
22.581	113.893	2
22.581	113.894	1
22.581	113.895	1
22.581	113.9	1
22.581	113.902	1
22.581	113.905	1
22.581	113.916	1
22.581	113.917	1
22.581	113.933	1
22.581	113.948	1
22.581	113.949	3
22.581	113.95	2
22.581	113.951	2
22.581	113.952	2
22.581	113.953	1
22.581	113.954	2
22.581	113.955	1
22.581	113.956	6
22.581	113.957	1
22.581	113.958	1
22.581	114.136	6
22.581	114.137	1
22.581	114.138	9
22.581	114.142	2
22.581	114.463	1
22.582	113.86	3
22.582	113.861	5
22.582	113.863	4
22.582	113.868	1
22.582	113.873	1
22.582	113.874	2
22.582	113.88	1
22.582	113.881	23
22.582	113.882	5
22.582	113.885	1
22.582	113.886	1
22.582	113.887	1
22.582	113.892	2
22.582	113.897	2
22.582	113.899	2
22.582	113.917	1
22.582	113.92	1
22.582	113.948	2
22.582	113.951	7
22.582	113.953	2
22.582	113.954	4
22.582	113.955	2
22.582	113.956	2
22.582	113.958	1
22.582	114.076	2
22.582	114.136	1
22.582	114.137	1
22.583	113.861	2
22.583	113.863	1
22.583	113.864	1
22.583	113.87	1
22.583	113.874	1
22.583	113.88	4
22.583	113.883	5
22.583	113.896	1
22.583	113.913	1
22.583	113.956	1
22.583	113.957	1
22.583	113.965	1
22.583	114.109	1
22.583	114.117	1
22.583	114.119	2
22.583	114.122	1
22.583	114.138	2
22.584	113.859	2
22.584	113.879	5
22.584	113.88	2
22.584	113.881	7
22.584	113.882	1
22.584	113.883	2
22.584	113.886	1
22.584	113.89	3
22.584	113.894	2
22.584	113.898	1
22.584	113.948	3
22.584	113.949	1
22.584	113.95	6
22.584	113.951	2
22.584	113.953	1
22.584	113.954	1
22.584	113.957	1
22.584	113.965	1
22.584	113.966	4
22.584	113.967	2
22.584	113.97	2
22.584	114.107	1
22.584	114.117	1
22.584	114.119	1
22.584	114.134	4
22.584	114.138	1
22.584	114.278	1
22.585	113.86	2
22.585	113.879	1
22.585	113.882	2
22.585	113.883	1
22.585	113.888	1
22.585	113.891	2
22.585	113.901	1
22.585	113.91	1
22.585	113.93	1
22.585	113.948	2
22.585	113.949	6
22.585	113.951	2
22.585	113.953	1
22.585	113.956	1
22.585	113.964	1
22.585	113.965	1
22.585	113.966	1
22.585	113.969	1
22.585	114.111	1
22.585	114.112	1
22.585	114.119	3
22.585	114.144	1
22.586	113.857	1
22.586	113.858	1
22.586	113.881	1
22.586	113.884	2
22.586	113.886	1
22.586	113.896	1
22.586	113.948	1
22.586	113.95	1
22.586	113.964	1
22.586	113.965	1
22.586	113.966	1
22.586	113.967	4
22.586	114.108	1
22.586	114.12	2
22.586	114.122	1
22.586	114.133	2
22.586	114.135	1
22.586	114.279	4
22.587	113.878	2
22.587	113.887	1
22.587	113.892	4
22.587	113.893	1
22.587	113.894	5
22.587	113.895	2
22.587	113.948	1
22.587	113.949	1
22.587	114.112	1
22.587	114.12	1
22.587	114.509	1
22.588	113.862	1
22.588	113.881	1
22.588	113.885	1
22.588	113.891	2
22.588	113.946	1
22.588	113.965	2
22.588	113.989	1
22.588	114.111	1
22.588	114.112	1
22.588	114.113	1
22.588	114.117	1
22.588	114.12	1
22.588	114.121	1
22.588	114.122	1
22.588	114.123	2
22.588	114.133	1
22.588	114.191	1
22.588	114.252	1
22.588	114.264	2
22.588	114.273	1
22.588	114.509	1
22.589	113.845	1
22.589	113.876	1
22.589	113.882	1
22.589	113.886	1
22.589	113.891	1
22.589	113.985	1
22.589	113.986	3
22.589	114.124	1
22.589	114.125	3
22.589	114.128	1
22.589	114.255	1
22.589	114.259	1
22.589	114.26	1
22.59	113.841	1
22.59	113.845	1
22.59	113.875	1
22.59	113.884	1
22.59	113.891	1
22.59	113.897	1
22.59	113.964	1
22.59	113.965	1
22.59	113.982	1
22.59	114.0	5
22.59	114.111	3
22.59	114.116	1
22.59	114.117	1
22.59	114.135	1
22.59	114.253	1
22.59	114.263	1
22.59	114.269	1
22.59	114.51	1
22.591	113.852	1
22.591	113.875	1
22.591	114.111	2
22.591	114.125	1
22.591	114.193	1
22.591	114.194	1
22.591	114.473	1
22.592	113.874	1
22.592	113.875	1
22.592	113.885	1
22.592	113.956	1
22.592	113.999	1
22.592	114.055	1
22.592	114.19	1
22.592	114.192	2
22.592	114.251	1
22.592	114.305	1
22.592	114.306	1
22.593	113.844	1
22.593	113.846	2
22.593	113.874	1
22.593	113.875	1
22.593	113.965	1
22.593	114.12	1
22.593	114.124	4
22.593	114.125	2
22.593	114.127	3
22.593	114.128	2
22.593	114.304	1
22.593	114.305	2
22.593	114.524	1
22.593	114.525	1
22.593	114.527	1
22.594	113.848	1
22.594	113.88	1
22.594	113.882	2
22.594	114.047	1
22.594	114.049	1
22.594	114.05	1
22.594	114.113	1
22.594	114.117	2
22.594	114.118	1
22.594	114.119	4
22.594	114.12	7
22.594	114.123	2
22.594	114.124	1
22.594	114.125	2
22.594	114.126	2
22.594	114.128	1
22.594	114.305	1
22.594	114.307	1
22.594	114.308	1
22.594	114.476	1
22.594	114.477	1
22.594	114.513	1
22.595	113.847	1
22.595	113.88	1
22.595	113.903	1
22.595	114.11	1
22.595	114.118	2
22.595	114.124	1
22.595	114.125	1
22.595	114.126	1
22.595	114.304	1
22.595	114.307	2
22.595	114.308	5
22.595	114.475	1
22.596	113.848	1
22.596	113.849	1
22.596	113.88	1
22.596	113.881	1
22.596	114.112	1
22.596	114.114	2
22.596	114.123	2
22.596	114.305	1
22.596	114.306	2
22.596	114.516	1
22.597	113.848	1
22.597	113.85	4
22.597	113.851	1
22.597	113.852	1
22.597	113.876	1
22.597	113.88	1
22.597	114.046	2
22.597	114.047	1
22.597	114.048	1
22.597	114.122	2
22.597	114.123	5
22.597	114.124	1
22.597	114.174	1
22.597	114.306	1
22.597	114.309	1
22.597	114.524	1
22.598	113.846	1
22.598	113.848	1
22.598	113.85	2
22.598	113.888	2
22.598	114.011	2
22.598	114.029	1
22.598	114.042	1
22.598	114.046	1
22.598	114.047	2
22.598	114.049	2
22.598	114.052	1
22.598	114.054	1
22.598	114.112	4
22.598	114.115	1
22.598	114.117	1
22.598	114.121	4
22.598	114.122	2
22.598	114.123	1
22.598	114.127	8
22.598	114.31	1
22.598	114.311	4
22.598	114.314	1
22.599	113.842	1
22.599	113.843	1
22.599	113.844	1
22.599	113.847	1
22.599	113.851	1
22.599	113.887	1
22.599	114.043	2
22.599	114.046	1
22.599	114.047	9
22.599	114.051	1
22.599	114.055	2
22.599	114.111	2
22.599	114.112	2
22.599	114.114	7
22.599	114.115	3
22.599	114.117	5
22.599	114.118	1
22.599	114.12	2
22.599	114.121	2
22.599	114.122	1
22.599	114.127	3
22.599	114.128	1
22.599	114.299	1
22.599	114.301	1
22.599	114.312	2
22.599	114.313	1
22.599	114.315	1
22.6	113.845	1
22.6	113.847	5
22.6	113.848	3
22.6	113.85	1
22.6	113.853	1
22.6	113.865	2
22.6	113.867	15
22.6	114.039	1
22.6	114.043	2
22.6	114.049	2
22.6	114.11	1
22.6	114.114	1
22.6	114.116	2
22.6	114.117	13
22.6	114.118	1
22.6	114.119	2
22.6	114.123	3
22.6	114.124	1
22.6	114.141	1
22.6	114.31	1
22.6	114.325	1
22.601	113.846	1
22.601	113.854	3
22.601	113.855	1
22.601	113.856	1
22.601	113.857	1
22.601	113.859	3
22.601	113.86	4
22.601	113.861	4
22.601	113.863	1
22.601	113.864	1
22.601	113.865	1
22.601	113.866	3
22.601	113.938	1
22.601	114.042	1
22.601	114.045	1
22.601	114.046	3
22.601	114.051	1
22.601	114.053	1
22.601	114.055	1
22.601	114.116	2
22.601	114.117	8
22.601	114.124	5
22.601	114.125	1
22.601	114.128	1
22.601	114.134	1
22.601	114.136	1
22.601	114.137	1
22.601	114.139	1
22.601	114.14	1
22.601	114.143	2
22.601	114.144	1
22.601	114.306	2
22.601	114.325	1
22.601	114.326	1
22.601	114.327	1
22.602	113.841	1
22.602	113.846	2
22.602	113.854	1
22.602	113.862	4
22.602	113.863	1
22.602	113.865	7
22.602	114.041	1
22.602	114.043	1
22.602	114.045	1
22.602	114.046	1
22.602	114.047	2
22.602	114.057	1
22.602	114.116	1
22.602	114.117	3
22.602	114.118	1
22.602	114.121	2
22.602	114.122	1
22.602	114.134	1
22.602	114.143	1
22.602	114.148	1
22.602	114.176	1
22.602	114.305	1
22.602	114.325	2
22.602	114.326	1
22.602	114.327	1
22.603	113.852	1
22.603	114.031	1
22.603	114.033	2
22.603	114.042	1
22.603	114.046	12
22.603	114.057	2
22.603	114.117	1
22.603	114.118	1
22.603	114.124	2
22.603	114.135	1
22.603	114.136	1
22.603	114.143	2
22.603	114.144	1
22.603	114.168	4
22.603	114.17	1
22.603	114.327	1
22.604	113.834	1
22.604	113.869	8
22.604	114.031	1
22.604	114.033	2
22.604	114.034	1
22.604	114.035	1
22.604	114.036	1
22.604	114.039	1
22.604	114.043	1
22.604	114.045	4
22.604	114.046	1
22.604	114.113	2
22.604	114.123	1
22.604	114.133	1
22.604	114.136	1
22.604	114.145	2
22.604	114.176	1
22.605	113.863	1
22.605	113.864	1
22.605	113.868	4
22.605	114.027	1
22.605	114.044	1
22.605	114.045	1
22.605	114.105	3
22.605	114.115	1
22.605	114.116	2
22.605	114.117	1
22.605	114.118	2
22.605	114.126	1
22.605	114.127	1
22.605	114.128	2
22.605	114.129	1
22.605	114.305	1
22.606	113.851	1
22.606	114.037	1
22.606	114.109	1
22.606	114.111	1
22.606	114.117	2
22.606	114.118	8
22.606	114.119	1
22.606	114.134	1
22.606	114.135	1
22.606	114.136	1
22.606	114.143	4
22.606	114.144	1
22.606	114.149	1
22.606	114.154	1
22.606	114.155	2
22.607	114.028	1
22.607	114.046	3
22.607	114.11	1
22.607	114.118	3
22.607	114.119	2
22.607	114.124	1
22.607	114.126	4
22.607	114.13	1
22.607	114.141	1
22.607	114.148	1
22.607	114.149	3
22.607	114.15	3
22.607	114.153	2
22.607	114.155	1
22.607	114.156	1
22.607	114.159	1
22.608	113.863	1
22.608	113.864	1
22.608	113.865	1
22.608	114.027	1
22.608	114.028	2
22.608	114.041	1
22.608	114.045	2
22.608	114.046	1
22.608	114.107	3
22.608	114.108	1
22.608	114.109	2
22.608	114.111	1
22.608	114.112	2
22.608	114.113	2
22.608	114.114	5
22.608	114.116	2
22.608	114.118	5
22.608	114.124	3
22.608	114.125	3
22.608	114.126	1
22.608	114.129	6
22.608	114.136	2
22.608	114.137	5
22.608	114.138	3
22.608	114.139	1
22.608	114.146	4
22.608	114.151	1
22.608	114.36	1
22.609	113.864	1
22.609	114.028	1
22.609	114.033	4
22.609	114.041	2
22.609	114.045	1
22.609	114.046	3
22.609	114.11	4
22.609	114.111	5
22.609	114.112	1
22.609	114.113	1
22.609	114.116	1
22.609	114.117	2
22.609	114.121	1
22.609	114.122	1
22.609	114.124	1
22.609	114.125	2
22.609	114.13	3
22.609	114.131	1
22.609	114.135	1
22.609	114.136	2
22.609	114.14	1
22.609	114.141	1
22.609	114.146	3
22.609	114.151	1
22.609	114.156	1
22.609	114.163	1
22.609	114.164	1
22.61	113.848	1
22.61	114.03	1
22.61	114.031	1
22.61	114.032	2
22.61	114.033	2
22.61	114.037	1
22.61	114.041	5
22.61	114.042	5
22.61	114.043	1
22.61	114.045	5
22.61	114.112	6
22.61	114.116	1
22.61	114.124	3
22.61	114.125	2
22.61	114.127	1
22.61	114.136	2
22.61	114.14	1
22.61	114.141	2
22.61	114.144	1
22.61	114.145	1
22.61	114.146	1
22.61	114.15	2
22.61	114.151	1
22.61	114.163	3
22.61	114.165	1
22.61	114.166	1
22.611	113.857	1
22.611	114.029	1
22.611	114.03	2
22.611	114.031	2
22.611	114.032	3
22.611	114.033	1
22.611	114.044	3
22.611	114.103	2
22.611	114.111	3
22.611	114.113	1
22.611	114.115	2
22.611	114.117	1
22.611	114.127	1
22.611	114.135	2
22.611	114.137	1
22.611	114.14	1
22.611	114.147	1
22.611	114.151	6
22.611	114.152	1
22.611	114.153	1
22.611	114.157	1
22.612	113.84	1
22.612	113.844	1
22.612	113.847	1
22.612	113.861	1
22.612	114.032	1
22.612	114.038	1
22.612	114.039	1
22.612	114.043	1
22.612	114.045	3
22.612	114.064	2
22.612	114.065	1
22.612	114.102	1
22.612	114.103	1
22.612	114.109	2
22.612	114.11	1
22.612	114.116	1
22.612	114.119	1
22.612	114.123	1
22.612	114.128	1
22.612	114.135	1
22.612	114.136	2
22.612	114.137	3
22.612	114.14	1
22.612	114.141	3
22.612	114.145	1
22.612	114.146	1
22.612	114.149	1
22.612	114.151	5
22.612	114.152	1
22.613	114.029	1
22.613	114.038	1
22.613	114.039	2
22.613	114.041	2
22.613	114.043	2
22.613	114.046	1
22.613	114.061	1
22.613	114.064	2
22.613	114.106	2
22.613	114.113	2
22.613	114.129	1
22.613	114.136	3
22.613	114.137	1
22.613	114.15	1
22.613	114.151	1
22.613	114.224	1
22.613	114.379	1
22.614	113.841	2
22.614	114.04	1
22.614	114.041	2
22.614	114.042	3
22.614	114.043	1
22.614	114.046	1
22.614	114.061	4
22.614	114.062	7
22.614	114.072	1
22.614	114.073	1
22.614	114.107	1
22.614	114.111	1
22.614	114.134	2
22.614	114.138	2
22.614	114.139	2
22.614	114.14	4
22.614	114.159	1
22.615	113.842	1
22.615	113.843	1
22.615	113.86	1
22.615	113.863	1
22.615	113.864	1
22.615	113.865	5
22.615	113.866	1
22.615	114.036	3
22.615	114.038	1
22.615	114.042	1
22.615	114.046	7
22.615	114.065	1
22.615	114.072	2
22.615	114.103	1
22.615	114.108	1
22.615	114.109	4
22.615	114.11	1
22.615	114.111	5
22.615	114.114	2
22.615	114.115	1
22.615	114.134	3
22.615	114.139	2
22.615	114.14	2
22.615	114.146	1
22.615	114.157	1
22.615	114.158	1
22.616	113.86	1
22.616	113.861	1
22.616	114.028	2
22.616	114.036	2
22.616	114.039	1
22.616	114.041	1
22.616	114.045	3
22.616	114.046	1
22.616	114.062	1
22.616	114.066	1
22.616	114.067	1
22.616	114.069	1
22.616	114.113	1
22.616	114.134	2
22.616	114.139	1
22.616	114.141	3
22.616	114.142	1
22.616	114.159	1
22.616	114.161	1
22.617	113.86	3
22.617	113.862	2
22.617	113.865	1
22.617	113.953	1
22.617	114.026	1
22.617	114.035	1
22.617	114.038	7
22.617	114.039	1
22.617	114.04	2
22.617	114.041	1
22.617	114.046	1
22.617	114.047	1
22.617	114.067	1
22.617	114.155	1
22.617	114.156	1
22.617	114.227	1
22.618	113.86	3
22.618	113.861	2
22.618	113.862	1
22.618	114.034	1
22.618	114.037	2
22.618	114.04	2
22.618	114.041	2
22.618	114.06	2
22.618	114.061	1
22.618	114.142	3
22.618	114.143	5
22.618	114.147	1
22.618	114.149	2
22.619	113.975	1
22.619	114.04	2
22.619	114.042	1
22.619	114.054	1
22.619	114.055	2
22.619	114.058	1
22.619	114.059	3
22.619	114.061	2
22.619	114.063	2
22.619	114.12	1
22.619	114.122	1
22.619	114.146	3
22.619	114.147	1
22.619	114.148	2
22.619	114.149	1
22.619	114.15	1
22.619	114.151	1
22.619	114.154	1
22.619	114.157	1
22.62	114.034	1
22.62	114.037	2
22.62	114.038	1
22.62	114.04	1
22.62	114.055	3
22.62	114.059	1
22.62	114.061	2
22.62	114.063	2
22.62	114.106	2
22.62	114.114	2
22.62	114.116	1
22.62	114.121	1
22.62	114.156	1
22.621	114.024	1
22.621	114.034	2
22.621	114.035	2
22.621	114.036	1
22.621	114.037	1
22.621	114.038	1
22.621	114.04	1
22.621	114.052	1
22.621	114.059	1
22.621	114.06	3
22.621	114.061	5
22.621	114.067	1
22.621	114.126	1
22.622	113.841	1
22.622	113.847	1
22.622	113.94	1
22.622	114.023	1
22.622	114.032	1
22.622	114.033	1
22.622	114.036	2
22.622	114.037	2
22.622	114.039	2
22.622	114.04	1
22.622	114.059	2
22.622	114.063	2
22.622	114.068	2
22.622	114.072	1
22.622	114.107	1
22.622	114.119	1
22.622	114.123	1
22.622	114.141	1
22.623	113.862	2
22.623	113.94	2
22.623	114.025	1
22.623	114.029	1
22.623	114.03	1
22.623	114.035	1
22.623	114.038	1
22.623	114.039	6
22.623	114.04	10
22.623	114.058	1
22.623	114.059	2
22.623	114.061	2
22.623	114.062	2
22.623	114.068	1
22.623	114.071	1
22.623	114.077	1
22.623	114.109	2
22.623	114.126	2
22.623	114.127	1
22.623	114.129	1
22.623	114.131	1
22.623	114.132	1
22.623	114.142	2
22.623	114.143	1
22.624	113.845	2
22.624	113.849	1
22.624	113.85	1
22.624	113.94	1
22.624	114.018	1
22.624	114.021	1
22.624	114.029	1
22.624	114.034	2
22.624	114.035	3
22.624	114.038	2
22.624	114.057	1
22.624	114.061	2
22.624	114.063	1
22.624	114.071	1
22.624	114.074	1
22.624	114.111	1
22.624	114.126	1
22.624	114.13	1
22.624	114.131	3
22.624	114.141	1
22.624	114.142	2
22.624	114.287	3
22.625	113.839	1
22.625	114.03	1
22.625	114.031	1
22.625	114.033	1
22.625	114.053	1
22.625	114.061	2
22.625	114.062	1
22.625	114.064	1
22.625	114.117	1
22.625	114.126	1
22.626	113.843	1
22.626	113.845	2
22.626	113.861	1
22.626	114.027	1
22.626	114.029	1
22.626	114.03	3
22.626	114.031	2
22.626	114.032	3
22.626	114.034	2
22.626	114.035	1
22.626	114.061	4
22.626	114.075	1
22.626	114.08	1
22.626	114.105	1
22.626	114.106	1
22.626	114.108	3
22.626	114.109	1
22.626	114.11	1
22.626	114.114	1
22.626	114.117	2
22.626	114.144	1
22.626	114.145	1
22.626	114.146	1
22.627	113.846	1
22.627	113.848	1
22.627	114.02	3
22.627	114.022	1
22.627	114.029	3
22.627	114.03	4
22.627	114.031	1
22.627	114.034	1
22.627	114.035	3
22.627	114.036	2
22.627	114.037	1
22.627	114.045	1
22.627	114.061	2
22.627	114.064	1
22.627	114.071	1
22.627	114.073	1
22.627	114.079	1
22.627	114.106	2
22.627	114.108	1
22.627	114.112	1
22.627	114.115	1
22.627	114.116	2
22.627	114.144	1
22.628	113.844	1
22.628	113.845	2
22.628	113.862	1
22.628	113.863	1
22.628	114.02	1
22.628	114.022	4
22.628	114.023	1
22.628	114.024	1
22.628	114.031	2
22.628	114.061	1
22.628	114.062	1
22.628	114.071	1
22.628	114.073	2
22.628	114.076	1
22.628	114.079	1
22.628	114.088	1
22.628	114.111	1
22.628	114.115	1
22.628	114.116	1
22.628	114.138	1
22.629	113.841	1
22.629	113.864	1
22.629	114.022	1
22.629	114.023	1
22.629	114.026	3
22.629	114.033	1
22.629	114.037	2
22.629	114.038	2
22.629	114.058	1
22.629	114.061	1
22.629	114.073	2
22.629	114.077	1
22.629	114.082	2
22.629	114.083	1
22.629	114.107	1
22.629	114.11	1
22.629	114.157	1
22.629	114.219	1
22.629	114.428	1
22.63	113.836	2
22.63	114.015	2
22.63	114.023	2
22.63	114.024	1
22.63	114.029	1
22.63	114.031	1
22.63	114.033	1
22.63	114.035	1
22.63	114.036	5
22.63	114.052	2
22.63	114.054	1
22.63	114.055	1
22.63	114.057	2
22.63	114.058	1
22.63	114.059	1
22.63	114.062	1
22.63	114.088	1
22.631	113.838	1
22.631	114.025	1
22.631	114.026	1
22.631	114.031	5
22.631	114.032	1
22.631	114.036	2
22.631	114.037	5
22.631	114.043	1
22.631	114.054	2
22.631	114.055	1
22.631	114.056	2
22.631	114.059	2
22.631	114.061	2
22.631	114.062	2
22.631	114.063	2
22.631	114.064	4
22.631	114.067	1
22.631	114.087	1
22.631	114.423	1
22.632	113.837	1
22.632	114.031	1
22.632	114.037	1
22.632	114.06	1
22.632	114.062	1
22.632	114.064	1
22.632	114.423	1
22.633	113.834	1
22.633	113.835	1
22.633	114.023	1
22.633	114.06	1
22.633	114.061	4
22.633	114.063	1
22.633	114.065	1
22.633	114.091	1
22.633	114.13	1
22.633	114.191	1
22.633	114.221	1
22.634	113.834	1
22.634	113.932	1
22.634	113.935	1
22.634	113.936	1
22.634	114.037	4
22.634	114.053	1
22.634	114.054	1
22.634	114.058	2
22.634	114.06	3
22.634	114.061	1
22.634	114.062	3
22.634	114.063	1
22.634	114.064	1
22.634	114.18	1
22.634	114.182	1
22.634	114.188	1
22.634	114.221	1
22.635	113.829	1
22.635	113.836	2
22.635	114.014	1
22.635	114.026	2
22.635	114.027	2
22.635	114.035	1
22.635	114.037	8
22.635	114.039	1
22.635	114.063	1
22.635	114.064	2
22.635	114.068	1
22.635	114.176	1
22.635	114.177	1
22.635	114.189	1
22.635	114.19	1
22.635	114.191	1
22.635	114.224	1
22.635	114.231	1
22.635	114.428	1
22.635	114.429	1
22.636	113.83	1
22.636	113.831	1
22.636	113.861	1
22.636	113.865	1
22.636	113.933	1
22.636	114.026	1
22.636	114.027	3
22.636	114.031	1
22.636	114.037	1
22.636	114.039	2
22.636	114.058	1
22.636	114.064	1
22.636	114.067	2
22.636	114.174	2
22.636	114.175	1
22.636	114.187	1
22.636	114.189	1
22.636	114.192	1
22.636	114.226	1
22.637	113.832	2
22.637	114.012	1
22.637	114.025	1
22.637	114.026	1
22.637	114.027	3
22.637	114.031	2
22.637	114.038	2
22.637	114.046	1
22.637	114.048	1
22.637	114.051	1
22.637	114.052	1
22.637	114.067	1
22.637	114.068	3
22.637	114.069	1
22.637	114.09	1
22.637	114.177	1
22.637	114.187	4
22.637	114.188	1
22.637	114.189	2
22.637	114.19	1
22.637	114.43	1
22.638	113.831	1
22.638	113.832	1
22.638	113.839	2
22.638	114.013	1
22.638	114.025	1
22.638	114.027	2
22.638	114.028	1
22.638	114.03	1
22.638	114.031	4
22.638	114.032	1
22.638	114.039	1
22.638	114.045	1
22.638	114.046	1
22.638	114.051	3
22.638	114.067	4
22.638	114.069	1
22.638	114.07	1
22.638	114.089	1
22.638	114.132	1
22.638	114.188	2
22.638	114.191	1
22.638	114.198	1
22.639	114.01	1
22.639	114.021	1
22.639	114.026	1
22.639	114.028	1
22.639	114.029	1
22.639	114.031	2
22.639	114.032	1
22.639	114.038	2
22.639	114.04	1
22.639	114.043	1
22.639	114.061	1
22.639	114.062	1
22.639	114.063	1
22.639	114.066	1
22.639	114.071	2
22.639	114.089	1
22.639	114.173	1
22.639	114.177	1
22.639	114.187	1
22.639	114.196	1
22.64	114.027	3
22.64	114.028	1
22.64	114.039	2
22.64	114.051	1
22.64	114.06	1
22.64	114.062	1
22.64	114.071	1
22.64	114.187	1
22.64	114.195	1
22.64	114.204	1
22.641	114.021	1
22.641	114.028	1
22.641	114.032	1
22.641	114.039	1
22.641	114.049	1
22.641	114.05	1
22.641	114.051	1
22.641	114.059	1
22.641	114.07	1
22.641	114.197	2
22.641	114.198	1
22.642	113.834	1
22.642	114.019	1
22.642	114.021	1
22.642	114.046	1
22.642	114.051	3
22.642	114.052	1
22.642	114.06	1
22.642	114.07	2
22.642	114.196	4
22.642	114.197	4
22.642	114.199	2
22.642	114.201	1
22.642	114.209	1
22.643	114.018	1
22.643	114.029	2
22.643	114.034	1
22.643	114.045	1
22.643	114.046	3
22.643	114.053	1
22.643	114.054	1
22.643	114.184	2
22.643	114.196	3
22.643	114.197	1
22.643	114.204	3
22.643	114.216	1
22.643	114.234	1
22.644	114.013	1
22.644	114.042	1
22.644	114.044	1
22.644	114.045	1
22.644	114.067	8
22.644	114.07	1
22.644	114.127	1
22.644	114.19	1
22.644	114.191	2
22.644	114.192	1
22.644	114.198	1
22.644	114.211	2
22.644	114.213	1
22.644	114.232	1
22.645	113.826	2
22.645	113.843	1
22.645	113.926	1
22.645	114.012	1
22.645	114.024	1
22.645	114.027	2
22.645	114.037	1
22.645	114.038	1
22.645	114.042	3
22.645	114.067	2
22.645	114.121	3
22.645	114.186	3
22.645	114.191	1
22.645	114.196	1
22.645	114.204	1
22.645	114.206	1
22.645	114.212	1
22.645	114.237	1
22.645	114.239	1
22.646	113.825	1
22.646	114.04	1
22.646	114.041	1
22.646	114.047	2
22.646	114.065	2
22.646	114.066	1
22.646	114.067	3
22.646	114.069	2
22.646	114.07	1
22.646	114.082	3
22.646	114.189	1
22.646	114.19	1
22.646	114.196	2
22.646	114.199	1
22.646	114.204	2
22.646	114.205	2
22.646	114.207	8
22.646	114.208	2
22.647	114.023	2
22.647	114.036	2
22.647	114.037	4
22.647	114.043	1
22.647	114.046	1
22.647	114.047	1
22.647	114.087	1
22.647	114.105	1
22.647	114.188	1
22.647	114.19	1
22.647	114.192	1
22.647	114.199	1
22.647	114.205	1
22.647	114.206	9
22.647	114.207	3
22.647	114.208	2
22.648	113.825	2
22.648	113.827	4
22.648	114.005	3
22.648	114.01	1
22.648	114.014	1
22.648	114.016	2
22.648	114.023	1
22.648	114.024	8
22.648	114.025	3
22.648	114.036	1
22.648	114.039	1
22.648	114.046	1
22.648	114.048	1
22.648	114.065	1
22.648	114.192	9
22.648	114.198	1
22.648	114.2	2
22.648	114.203	1
22.648	114.204	1
22.648	114.206	1
22.648	114.211	1
22.649	113.826	1
22.649	113.928	1
22.649	114.018	1
22.649	114.022	2
22.649	114.034	3
22.649	114.043	1
22.649	114.067	4
22.649	114.075	1
22.649	114.126	1
22.649	114.192	3
22.649	114.193	1
22.649	114.202	5
22.649	114.209	1
22.649	114.21	2
22.649	114.211	2
22.649	114.216	1
22.65	113.821	3
22.65	113.824	1
22.65	113.825	2
22.65	113.921	1
22.65	113.928	2
22.65	114.021	1
22.65	114.022	10
22.65	114.041	1
22.65	114.043	1
22.65	114.067	1
22.65	114.068	1
22.65	114.075	1
22.65	114.081	1
22.65	114.107	1
22.65	114.197	1
22.65	114.199	3
22.65	114.204	2
22.65	114.205	1
22.651	113.824	1
22.651	113.825	1
22.651	114.004	2
22.651	114.006	2
22.651	114.017	3
22.651	114.022	2
22.651	114.023	2
22.651	114.025	1
22.651	114.026	3
22.651	114.031	1
22.651	114.043	1
22.651	114.066	1
22.651	114.067	4
22.651	114.195	1
22.651	114.197	1
22.651	114.203	1
22.651	114.334	1
22.651	114.341	1
22.652	113.86	1
22.652	113.918	1
22.652	114.003	1
22.652	114.007	1
22.652	114.008	1
22.652	114.011	1
22.652	114.02	1
22.652	114.021	4
22.652	114.022	13
22.652	114.023	5
22.652	114.027	2
22.652	114.028	2
22.652	114.029	1
22.652	114.03	4
22.652	114.031	1
22.652	114.04	1
22.652	114.067	3
22.652	114.156	1
22.652	114.193	1
22.652	114.201	1
22.653	113.912	1
22.653	114.003	1
22.653	114.01	1
22.653	114.015	2
22.653	114.017	1
22.653	114.018	2
22.653	114.019	1
22.653	114.02	2
22.653	114.021	1
22.653	114.022	1
22.653	114.023	1
22.653	114.024	8
22.653	114.025	3
22.653	114.026	8
22.653	114.03	2
22.653	114.031	1
22.653	114.067	1
22.653	114.076	1
22.653	114.156	1
22.653	114.157	1
22.653	114.198	1
22.653	114.2	1
22.653	114.214	1
22.654	113.823	1
22.654	114.008	1
22.654	114.014	1
22.654	114.016	8
22.654	114.019	7
22.654	114.02	8
22.654	114.021	1
22.654	114.022	1
22.654	114.023	1
22.654	114.024	2
22.654	114.025	6
22.654	114.026	5
22.654	114.027	1
22.654	114.028	1
22.654	114.029	2
22.654	114.03	3
22.654	114.032	1
22.654	114.044	1
22.654	114.067	1
22.654	114.069	2
22.654	114.078	1
22.654	114.084	1
22.655	114.005	1
22.655	114.012	1
22.655	114.021	1
22.655	114.022	1
22.655	114.023	2
22.655	114.024	1
22.655	114.026	4
22.655	114.027	6
22.655	114.028	1
22.655	114.03	1
22.655	114.031	1
22.655	114.033	1
22.655	114.037	1
22.655	114.044	1
22.655	114.059	1
22.655	114.066	1
22.655	114.069	1
22.655	114.105	1
22.655	114.108	1
22.655	114.117	1
22.655	114.202	1
22.655	114.218	1
22.655	114.219	1
22.656	113.861	1
22.656	113.91	2
22.656	113.915	1
22.656	114.012	1
22.656	114.013	1
22.656	114.017	2
22.656	114.021	1
22.656	114.022	2
22.656	114.023	1
22.656	114.025	1
22.656	114.027	1
22.656	114.028	4
22.656	114.029	3
22.656	114.033	1
22.656	114.061	1
22.656	114.105	1
22.657	113.865	1
22.657	113.915	1
22.657	114.019	2
22.657	114.02	2
22.657	114.026	1
22.657	114.027	1
22.657	114.029	1
22.657	114.03	3
22.657	114.031	2
22.657	114.032	3
22.657	114.035	1
22.657	114.066	1
22.658	113.863	1
22.658	114.002	1
22.658	114.007	1
22.658	114.008	1
22.658	114.02	1
22.658	114.022	1
22.658	114.026	1
22.658	114.027	2
22.658	114.028	6
22.658	114.031	6
22.658	114.032	5
22.658	114.033	3
22.658	114.059	1
22.658	114.065	1
22.658	114.066	1
22.658	114.068	1
22.658	114.213	1
22.658	114.215	1
22.659	113.862	1
22.659	113.863	1
22.659	113.864	1
22.659	113.916	1
22.659	114.002	1
22.659	114.004	2
22.659	114.005	2
22.659	114.007	1
22.659	114.011	1
22.659	114.024	1
22.659	114.027	2
22.659	114.034	1
22.659	114.059	2
22.659	114.062	1
22.659	114.064	1
22.659	114.066	1
22.659	114.214	1
22.659	114.217	2
22.66	113.822	2
22.66	113.823	2
22.66	113.824	1
22.66	114.017	1
22.66	114.023	1
22.66	114.024	1
22.66	114.025	3
22.66	114.028	1
22.66	114.032	2
22.66	114.034	3
22.66	114.062	1
22.66	114.063	1
22.661	113.818	1
22.661	114.009	1
22.661	114.016	1
22.661	114.017	1
22.661	114.018	1
22.661	114.023	1
22.661	114.025	2
22.661	114.026	2
22.661	114.031	1
22.661	114.035	2
22.661	114.06	1
22.661	114.063	3
22.661	114.219	1
22.662	113.864	1
22.662	113.917	2
22.662	114.015	2
22.662	114.016	1
22.662	114.017	1
22.662	114.018	1
22.662	114.019	2
22.662	114.023	1
22.662	114.026	1
22.662	114.029	1
22.662	114.03	3
22.662	114.035	3
22.662	114.061	1
22.662	114.062	1
22.662	114.065	3
22.663	113.81	1
22.663	113.817	2
22.663	113.825	1
22.663	113.826	1
22.663	113.864	1
22.663	113.916	1
22.663	114.006	3
22.663	114.01	2
22.663	114.019	1
22.663	114.021	1
22.663	114.024	1
22.663	114.028	1
22.663	114.029	1
22.663	114.03	2
22.663	114.032	1
22.663	114.034	2
22.663	114.035	3
22.663	114.061	3
22.664	113.867	1
22.664	114.021	1
22.664	114.03	1
22.664	114.031	1
22.664	114.033	1
22.664	114.034	8
22.664	114.035	9
22.664	114.036	4
22.664	114.037	3
22.664	114.059	1
22.664	114.066	1
22.664	114.14	1
22.664	114.222	1
22.665	113.917	1
22.665	114.0	1
22.665	114.003	1
22.665	114.004	1
22.665	114.019	2
22.665	114.033	1
22.665	114.034	3
22.665	114.29	1
22.666	113.816	1
22.666	113.915	1
22.666	114.004	1
22.666	114.02	1
22.666	114.025	1
22.666	114.033	2
22.666	114.034	14
22.666	114.035	1
22.666	114.037	1
22.666	114.044	1
22.667	113.807	1
22.667	113.814	1
22.667	113.992	1
22.667	114.027	1
22.667	114.031	1
22.667	114.032	1
22.667	114.043	1
22.667	114.144	1
22.667	114.222	1
22.667	114.313	1
22.668	113.803	1
22.668	113.809	1
22.668	113.817	1
22.668	113.819	1
22.668	113.824	2
22.668	113.825	1
22.668	113.994	1
22.668	113.996	1
22.668	114.019	1
22.668	114.035	1
22.668	114.037	1
22.668	114.049	1
22.668	114.21	1
22.668	114.293	1
22.669	113.819	5
22.669	113.82	8
22.669	113.824	1
22.669	113.825	1
22.669	113.826	1
22.669	113.892	1
22.669	113.994	1
22.669	113.998	1
22.669	113.999	1
22.669	114.0	1
22.669	114.035	1
22.669	114.044	1
22.669	114.047	1
22.669	114.048	1
22.669	114.128	1
22.669	114.21	1
22.669	114.224	1
22.67	113.814	1
22.67	113.817	1
22.67	113.818	4
22.67	113.82	1
22.67	113.823	1
22.67	113.824	2
22.67	114.016	1
22.67	114.017	1
22.67	114.029	1
22.67	114.031	2
22.67	114.035	3
22.67	114.047	2
22.671	113.82	1
22.671	113.821	1
22.671	113.822	1
22.671	113.823	5
22.671	113.826	3
22.671	113.827	3
22.671	113.987	1
22.671	113.994	1
22.671	114.027	2
22.671	114.028	1
22.671	114.032	1
22.671	114.034	1
22.671	114.035	1
22.671	114.044	1
22.671	114.047	1
22.671	114.048	1
22.671	114.049	1
22.671	114.126	1
22.671	114.141	3
22.672	113.802	2
22.672	113.82	1
22.672	113.821	1
22.672	113.823	1
22.672	113.824	3
22.672	113.826	1
22.672	113.827	1
22.672	113.937	1
22.672	113.942	1
22.672	113.997	2
22.672	113.998	1
22.672	114.013	1
22.672	114.049	1
22.672	114.292	1
22.673	113.802	1
22.673	113.811	1
22.673	113.82	1
22.673	113.821	1
22.673	113.822	1
22.673	113.823	3
22.673	113.828	1
22.673	113.925	2
22.673	113.928	1
22.673	113.937	1
22.673	114.002	2
22.673	114.031	1
22.673	114.04	1
22.673	114.042	1
22.673	114.048	2
22.673	114.049	1
22.674	113.813	1
22.674	113.822	1
22.674	113.823	1
22.674	113.826	1
22.674	113.83	1
22.674	113.901	1
22.674	113.925	3
22.674	113.926	1
22.674	113.928	13
22.674	113.929	2
22.674	113.93	1
22.674	113.933	2
22.674	113.939	1
22.674	113.993	2
22.674	113.994	5
22.674	113.995	10
22.674	114.002	2
22.674	114.003	1
22.674	114.041	1
22.674	114.224	1
22.675	113.798	1
22.675	113.811	1
22.675	113.819	3
22.675	113.821	1
22.675	113.823	4
22.675	113.828	1
22.675	113.832	1
22.675	113.918	1
22.675	113.929	3
22.675	113.93	12
22.675	113.931	2
22.675	113.94	2
22.675	113.941	1
22.675	113.97	1
22.675	113.992	2
22.675	113.994	1
22.675	113.995	15
22.675	113.996	4
22.675	113.998	1
22.675	114.001	3
22.675	114.018	1
22.675	114.049	1
22.676	113.813	1
22.676	113.819	1
22.676	113.82	3
22.676	113.821	2
22.676	113.825	1
22.676	113.827	1
22.676	113.828	1
22.676	113.93	1
22.676	113.931	7
22.676	113.932	2
22.676	113.938	1
22.676	113.94	1
22.676	113.943	1
22.676	113.992	1
22.676	113.993	1
22.676	113.996	1
22.676	114.001	6
22.676	114.002	1
22.676	114.005	1
22.676	114.007	1
22.676	114.03	1
22.676	114.125	1
22.676	114.155	1
22.676	114.157	1
22.676	114.229	1
22.676	114.231	1
22.676	114.329	1
22.677	113.806	1
22.677	113.825	1
22.677	113.826	1
22.677	113.93	5
22.677	113.931	3
22.677	113.932	3
22.677	113.938	1
22.677	113.939	4
22.677	113.979	3
22.677	113.992	1
22.677	113.993	1
22.677	113.994	1
22.677	114.0	1
22.677	114.001	1
22.677	114.005	4
22.677	114.01	2
22.677	114.124	3
22.677	114.126	10
22.677	114.127	2
22.677	114.128	2
22.677	114.129	1
22.677	114.151	1
22.677	114.157	1
22.677	114.35	1
22.677	114.357	1
22.678	113.802	1
22.678	113.828	3
22.678	113.93	4
22.678	113.933	1
22.678	113.938	2
22.678	113.942	2
22.678	113.985	1
22.678	113.986	1
22.678	113.987	1
22.678	113.99	2
22.678	113.992	1
22.678	113.993	1
22.678	114.002	1
22.678	114.003	1
22.678	114.01	1
22.678	114.122	1
22.678	114.129	2
22.678	114.154	1
22.678	114.229	1
22.678	114.328	1
22.679	113.798	1
22.679	113.802	1
22.679	113.938	2
22.679	113.944	1
22.679	113.95	1
22.679	113.983	1
22.679	113.984	3
22.679	113.986	1
22.679	113.987	1
22.679	113.991	2
22.679	113.993	1
22.679	114.003	1
22.679	114.004	1
22.679	114.122	2
22.679	114.123	6
22.679	114.124	2
22.679	114.131	1
22.679	114.136	1
22.679	114.202	1
22.679	114.24	1
22.679	114.318	1
22.679	114.328	1
22.679	114.329	2
22.68	113.796	1
22.68	113.799	1
22.68	113.801	2
22.68	113.934	3
22.68	113.939	1
22.68	113.94	1
22.68	113.982	1
22.68	113.996	1
22.68	114.007	1
22.68	114.014	1
22.68	114.124	1
22.68	114.154	1
22.68	114.155	1
22.68	114.223	1
22.68	114.328	1
22.68	114.335	1
22.681	113.795	1
22.681	113.831	1
22.681	113.931	1
22.681	113.933	1
22.681	113.934	3
22.681	114.002	3
22.681	114.006	1
22.681	114.237	1
22.681	114.313	1
22.681	114.348	1
22.681	114.387	1
22.682	113.931	1
22.682	113.933	2
22.682	113.938	1
22.682	113.939	6
22.682	114.038	1
22.682	114.043	1
22.682	114.128	1
22.682	114.347	1
22.682	114.353	1
22.682	114.371	1
22.683	113.807	1
22.683	113.926	1
22.683	113.928	8
22.683	113.934	1
22.683	113.953	1
22.683	114.002	2
22.683	114.127	1
22.683	114.128	1
22.683	114.223	1
22.683	114.224	1
22.683	114.341	1
22.683	114.35	3
22.683	114.352	1
22.683	114.354	1
22.683	114.355	1
22.684	113.808	1
22.684	113.936	2
22.684	113.937	1
22.684	113.938	1
22.684	113.962	1
22.684	113.997	2
22.684	113.998	1
22.684	114.048	1
22.684	114.077	1
22.684	114.146	1
22.684	114.339	2
22.684	114.34	3
22.684	114.352	1
22.684	114.354	5
22.684	114.355	1
22.685	113.802	1
22.685	113.81	1
22.685	113.844	2
22.685	113.845	3
22.685	113.93	1
22.685	113.936	1
22.685	113.959	2
22.685	114.01	3
22.685	114.146	2
22.685	114.24	1
22.685	114.35	1
22.685	114.351	1
22.685	114.355	3
22.686	113.843	1
22.686	113.937	2
22.686	113.956	1
22.686	113.999	1
22.686	114.078	1
22.686	114.141	1
22.686	114.142	1
22.686	114.145	1
22.686	114.351	1
22.686	114.354	1
22.686	114.368	2
22.686	114.369	1
22.687	113.8	1
22.687	113.838	1
22.687	113.936	1
22.687	113.957	2
22.687	114.042	1
22.687	114.05	1
22.687	114.051	1
22.687	114.136	1
22.687	114.141	3
22.687	114.25	1
22.687	114.252	1
22.687	114.34	1
22.687	114.346	1
22.687	114.347	1
22.687	114.35	1
22.688	113.785	1
22.688	113.788	2
22.688	113.794	1
22.688	113.797	1
22.688	113.798	1
22.688	113.803	1
22.688	113.805	1
22.688	113.81	1
22.688	113.84	2
22.688	113.94	1
22.688	114.137	1
22.688	114.143	1
22.688	114.266	1
22.688	114.267	1
22.688	114.342	1
22.688	114.345	1
22.688	114.346	1
22.688	114.347	3
22.688	114.348	4
22.688	114.349	1
22.688	114.364	1
22.689	113.786	1
22.689	113.794	2
22.689	113.795	2
22.689	113.803	2
22.689	113.804	1
22.689	113.805	1
22.689	113.808	1
22.689	113.839	1
22.689	113.94	2
22.689	114.119	1
22.689	114.124	2
22.689	114.143	1
22.689	114.267	2
22.689	114.278	2
22.689	114.279	1
22.689	114.345	2
22.689	114.348	3
22.689	114.349	1
22.69	113.787	1
22.69	113.789	1
22.69	113.794	1
22.69	113.81	1
22.69	113.811	2
22.69	113.935	1
22.69	113.94	2
22.69	113.983	1
22.69	113.984	1
22.69	113.992	2
22.69	113.993	1
22.69	114.102	1
22.69	114.11	1
22.69	114.23	1
22.69	114.338	1
22.69	114.343	1
22.69	114.345	1
22.69	114.346	2
22.69	114.347	5
22.69	114.349	2
22.691	113.793	1
22.691	113.806	1
22.691	113.811	1
22.691	113.835	1
22.691	113.927	1
22.691	113.94	1
22.691	113.942	2
22.691	113.963	1
22.691	113.984	1
22.691	113.992	3
22.691	113.998	2
22.691	114.042	1
22.691	114.043	2
22.691	114.049	1
22.691	114.114	1
22.691	114.133	2
22.691	114.226	8
22.691	114.227	1
22.691	114.228	1
22.691	114.229	1
22.691	114.23	5
22.691	114.342	1
22.691	114.344	1
22.691	114.35	2
22.692	113.793	1
22.692	113.794	1
22.692	113.809	1
22.692	113.811	1
22.692	113.813	1
22.692	113.926	1
22.692	113.941	1
22.692	114.041	2
22.692	114.043	1
22.692	114.122	1
22.692	114.132	2
22.692	114.134	1
22.692	114.137	1
22.692	114.217	3
22.692	114.226	1
22.692	114.23	1
22.692	114.238	1
22.692	114.257	3
22.692	114.327	1
22.693	113.786	1
22.693	113.793	1
22.693	113.795	2
22.693	113.811	1
22.693	113.992	3
22.693	113.993	1
22.693	114.04	1
22.693	114.041	7
22.693	114.042	1
22.693	114.043	1
22.693	114.113	1
22.693	114.128	1
22.693	114.135	1
22.693	114.341	2
22.693	114.346	2
22.694	113.821	4
22.694	113.823	1
22.694	113.832	1
22.694	114.038	1
22.694	114.041	1
22.694	114.049	1
22.694	114.121	1
22.694	114.13	1
22.694	114.132	2
22.694	114.133	1
22.694	114.235	1
22.694	114.242	1
22.694	114.259	1
22.694	114.261	3
22.694	114.279	1
22.694	114.285	1
22.694	114.336	2
22.694	114.345	1
22.694	114.347	1
22.695	113.79	1
22.695	113.792	1
22.695	113.793	1
22.695	113.807	1
22.695	113.822	1
22.695	113.824	2
22.695	113.83	1
22.695	113.838	1
22.695	113.992	1
22.695	114.033	1
22.695	114.048	2
22.695	114.049	2
22.695	114.05	1
22.695	114.09	1
22.695	114.121	1
22.695	114.122	1
22.695	114.127	1
22.695	114.129	2
22.695	114.132	1
22.695	114.144	1
22.695	114.231	1
22.695	114.24	1
22.695	114.243	1
22.695	114.276	1
22.695	114.34	1
22.696	113.791	1
22.696	113.794	1
22.696	113.838	1
22.696	113.841	1
22.696	113.916	1
22.696	114.001	1
22.696	114.002	1
22.696	114.048	1
22.696	114.089	1
22.696	114.112	1
22.696	114.125	1
22.696	114.129	1
22.696	114.133	2
22.696	114.227	1
22.696	114.228	5
22.696	114.23	1
22.696	114.231	1
22.696	114.233	1
22.697	113.8	1
22.697	113.804	1
22.697	113.828	1
22.697	113.83	1
22.697	113.968	1
22.697	114.045	4
22.697	114.047	1
22.697	114.05	2
22.697	114.131	1
22.697	114.132	1
22.697	114.133	3
22.697	114.134	3
22.697	114.135	1
22.697	114.137	4
22.697	114.228	1
22.697	114.233	1
22.697	114.234	1
22.697	114.244	1
22.697	114.275	2
22.697	114.335	1
22.697	114.337	1
22.698	113.804	1
22.698	113.97	5
22.698	114.033	1
22.698	114.05	1
22.698	114.133	1
22.698	114.134	3
22.698	114.135	1
22.698	114.136	3
22.698	114.137	2
22.698	114.144	1
22.698	114.229	1
22.698	114.231	4
22.698	114.274	1
22.699	113.804	1
22.699	113.805	1
22.699	113.81	1
22.699	113.966	1
22.699	113.982	1
22.699	114.05	5
22.699	114.084	1
22.699	114.091	1
22.699	114.133	2
22.699	114.134	1
22.699	114.135	1
22.699	114.136	4
22.699	114.137	1
22.699	114.139	1
22.699	114.221	1
22.699	114.231	1
22.699	114.273	1
22.699	114.274	2
22.699	114.331	3
22.699	114.348	1
22.699	114.351	2
22.699	114.385	1
22.7	113.802	1
22.7	113.818	4
22.7	114.047	1
22.7	114.048	1
22.7	114.049	1
22.7	114.084	2
22.7	114.09	2
22.7	114.135	3
22.7	114.221	6
22.7	114.224	1
22.7	114.229	3
22.7	114.23	1
22.7	114.237	1
22.7	114.273	1
22.7	114.285	1
22.7	114.321	1
22.7	114.348	1
22.7	114.357	1
22.701	113.801	2
22.701	113.804	2
22.701	113.809	1
22.701	113.815	1
22.701	113.824	2
22.701	113.833	1
22.701	113.844	1
22.701	114.047	3
22.701	114.048	1
22.701	114.082	1
22.701	114.088	2
22.701	114.091	3
22.701	114.099	1
22.701	114.137	1
22.701	114.219	3
22.701	114.239	1
22.701	114.273	1
22.701	114.343	1
22.701	114.349	1
22.702	113.804	3
22.702	113.805	1
22.702	113.82	1
22.702	113.833	3
22.702	113.923	3
22.702	113.97	1
22.702	114.04	1
22.702	114.041	1
22.702	114.043	1
22.702	114.045	1
22.702	114.047	1
22.702	114.048	1
22.702	114.049	1
22.702	114.088	1
22.702	114.126	1
22.702	114.223	5
22.702	114.226	1
22.702	114.231	1
22.702	114.232	2
22.702	114.237	2
22.703	113.804	1
22.703	113.807	1
22.703	114.086	1
22.703	114.132	1
22.703	114.22	1
22.703	114.224	1
22.703	114.23	2
22.703	114.231	1
22.703	114.366	1
22.704	113.787	1
22.704	113.801	1
22.704	113.805	5
22.704	113.811	1
22.704	114.041	1
22.704	114.042	1
22.704	114.086	1
22.704	114.167	2
22.704	114.215	1
22.704	114.22	1
22.704	114.224	2
22.704	114.369	2
22.705	113.81	1
22.705	113.811	1
22.705	113.812	1
22.705	113.828	1
22.705	114.044	1
22.705	114.236	1
22.705	114.272	1
22.706	113.8	1
22.706	113.827	1
22.706	113.829	1
22.706	114.208	2
22.706	114.231	1
22.706	114.236	1
22.706	114.24	1
22.707	113.806	1
22.707	113.967	1
22.707	114.208	2
22.707	114.234	1
22.707	114.236	1
22.707	114.238	1
22.707	114.242	1
22.708	113.826	1
22.708	114.047	1
22.708	114.207	3
22.708	114.208	1
22.708	114.213	1
22.708	114.236	1
22.708	114.24	1
22.708	114.258	2
22.708	114.26	1
22.709	113.855	1
22.709	113.965	1
22.709	114.043	1
22.709	114.044	1
22.709	114.048	2
22.709	114.057	1
22.709	114.079	1
22.709	114.235	1
22.709	114.236	1
22.709	114.239	1
22.709	114.24	1
22.709	114.241	1
22.709	114.242	1
22.709	114.256	1
22.71	113.826	2
22.71	113.827	1
22.71	114.207	1
22.71	114.237	2
22.71	114.242	3
22.71	114.243	2
22.71	114.244	5
22.711	113.784	1
22.711	113.806	1
22.711	113.819	1
22.711	113.826	1
22.711	114.03	1
22.711	114.241	1
22.711	114.242	1
22.711	114.253	1
22.712	113.794	1
22.712	113.802	1
22.712	113.815	1
22.712	113.837	7
22.712	114.041	1
22.712	114.042	1
22.712	114.044	1
22.712	114.046	1
22.712	114.076	1
22.712	114.102	1
22.712	114.24	2
22.712	114.242	1
22.712	114.243	2
22.712	114.244	1
22.712	114.257	1
22.712	114.258	1
22.713	113.804	1
22.713	113.805	1
22.713	113.847	2
22.713	114.071	1
22.713	114.216	1
22.713	114.218	1
22.713	114.242	1
22.713	114.243	6
22.713	114.255	1
22.713	114.257	1
22.713	114.258	1
22.713	114.305	2
22.714	113.819	1
22.714	114.045	1
22.714	114.052	1
22.714	114.053	1
22.714	114.055	2
22.714	114.068	2
22.714	114.073	1
22.714	114.242	9
22.714	114.243	5
22.714	114.26	2
22.714	114.262	1
22.715	113.79	1
22.715	113.807	1
22.715	113.819	1
22.715	113.827	1
22.715	113.847	1
22.715	113.906	1
22.715	114.24	1
22.715	114.241	3
22.715	114.245	1
22.715	114.257	3
22.715	114.263	1
22.715	114.265	1
22.715	114.307	1
22.716	113.785	1
22.716	113.787	1
22.716	113.808	1
22.716	113.809	2
22.716	113.818	1
22.716	113.894	1
22.716	113.9	1
22.716	113.902	2
22.716	113.919	1
22.716	114.055	4
22.716	114.067	1
22.716	114.239	1
22.716	114.246	1
22.716	114.26	3
22.716	114.261	1
22.716	114.267	1
22.716	114.268	3
22.717	113.776	1
22.717	113.829	1
22.717	113.843	3
22.717	113.844	1
22.717	113.849	1
22.717	113.919	1
22.717	114.056	1
22.717	114.067	1
22.717	114.068	1
22.717	114.238	2
22.717	114.239	2
22.717	114.242	1
22.717	114.243	1
22.717	114.245	2
22.717	114.246	9
22.717	114.254	3
22.717	114.256	1
22.717	114.259	3
22.717	114.263	1
22.717	114.266	2
22.717	114.268	3
22.717	114.292	1
22.718	113.78	1
22.718	113.785	3
22.718	113.821	1
22.718	113.842	1
22.718	113.843	1
22.718	113.85	1
22.718	113.917	1
22.718	114.054	1
22.718	114.055	2
22.718	114.059	1
22.718	114.236	1
22.718	114.239	1
22.718	114.247	1
22.718	114.25	1
22.718	114.254	1
22.718	114.255	2
22.718	114.257	1
22.718	114.26	1
22.718	114.265	1
22.718	114.27	1
22.718	114.293	1
22.719	113.798	1
22.719	113.816	1
22.719	113.825	1
22.719	113.829	2
22.719	113.842	2
22.719	113.926	1
22.719	114.052	1
22.719	114.055	1
22.719	114.058	3
22.719	114.059	4
22.719	114.207	1
22.719	114.215	2
22.719	114.221	1
22.719	114.239	1
22.719	114.24	3
22.719	114.251	1
22.719	114.254	3
22.719	114.255	9
22.719	114.26	1
22.719	114.267	1
22.719	114.29	1
22.719	114.291	1
22.719	114.311	1
22.72	113.8	3
22.72	113.83	1
22.72	113.831	2
22.72	113.834	1
22.72	113.846	1
22.72	114.055	1
22.72	114.058	2
22.72	114.059	1
22.72	114.06	1
22.72	114.061	1
22.72	114.064	1
22.72	114.217	5
22.72	114.218	1
22.72	114.22	1
22.72	114.221	1
22.72	114.223	1
22.72	114.227	1
22.72	114.229	2
22.72	114.237	1
22.72	114.238	1
22.72	114.24	2
22.72	114.241	3
22.72	114.243	1
22.72	114.248	1
22.72	114.254	1
22.72	114.255	2
22.72	114.256	1
22.72	114.272	3
22.72	114.287	1
22.72	114.288	1
22.721	113.823	1
22.721	113.826	1
22.721	113.829	5
22.721	113.83	7
22.721	113.832	1
22.721	114.044	1
22.721	114.053	1
22.721	114.055	1
22.721	114.056	1
22.721	114.061	3
22.721	114.063	5
22.721	114.064	1
22.721	114.069	1
22.721	114.218	1
22.721	114.224	1
22.721	114.232	1
22.721	114.233	1
22.721	114.237	1
22.721	114.239	1
22.721	114.255	1
22.721	114.256	2
22.721	114.258	2
22.721	114.263	1
22.721	114.267	1
22.721	114.286	1
22.721	114.292	1
22.721	114.297	1
22.722	113.799	1
22.722	113.822	1
22.722	113.826	1
22.722	113.828	3
22.722	113.829	4
22.722	113.83	2
22.722	113.84	4
22.722	114.063	1
22.722	114.218	2
22.722	114.232	1
22.722	114.233	3
22.722	114.238	2
22.722	114.24	2
22.722	114.251	1
22.722	114.256	1
22.722	114.257	1
22.722	114.258	2
22.722	114.264	1
22.722	114.266	1
22.722	114.268	3
22.722	114.269	2
22.722	114.27	1
22.722	114.294	1
22.722	114.296	1
22.722	114.297	8
22.723	113.802	1
22.723	113.804	1
22.723	113.806	1
22.723	113.822	1
22.723	113.826	1
22.723	113.828	2
22.723	113.829	1
22.723	113.833	1
22.723	114.231	2
22.723	114.233	1
22.723	114.234	1
22.723	114.238	3
22.723	114.239	2
22.723	114.245	1
22.723	114.257	1
22.723	114.264	1
22.723	114.266	2
22.723	114.268	13
22.723	114.269	3
22.723	114.27	1
22.723	114.271	2
22.724	113.8	2
22.724	113.806	3
22.724	113.819	1
22.724	113.828	1
22.724	113.829	1
22.724	113.902	1
22.724	114.039	1
22.724	114.059	3
22.724	114.06	2
22.724	114.063	1
22.724	114.088	1
22.724	114.216	1
22.724	114.223	3
22.724	114.233	1
22.724	114.234	2
22.724	114.235	2
22.724	114.237	1
22.724	114.238	1
22.724	114.239	8
22.724	114.24	2
22.724	114.248	1
22.724	114.258	5
22.724	114.259	1
22.724	114.29	2
22.724	114.292	2
22.725	113.786	1
22.725	113.806	1
22.725	113.823	4
22.725	113.824	1
22.725	113.828	1
22.725	113.899	1
22.725	113.904	1
22.725	113.905	1
22.725	114.061	2
22.725	114.062	2
22.725	114.222	1
22.725	114.235	2
22.725	114.236	1
22.725	114.237	1
22.725	114.239	1
22.725	114.248	3
22.725	114.249	5
22.725	114.251	3
22.725	114.254	4
22.725	114.255	3
22.725	114.259	4
22.725	114.263	1
22.725	114.269	1
22.725	114.27	1
22.726	113.785	1
22.726	113.807	1
22.726	113.824	1
22.726	113.825	2
22.726	113.833	1
22.726	113.834	1
22.726	113.858	1
22.726	113.904	1
22.726	113.905	3
22.726	114.065	1
22.726	114.223	1
22.726	114.236	1
22.726	114.242	1
22.726	114.245	1
22.726	114.247	2
22.726	114.249	1
22.726	114.25	1
22.726	114.251	5
22.726	114.253	1
22.726	114.255	2
22.726	114.26	1
22.726	114.264	1
22.726	114.268	2
22.726	114.269	3
22.726	114.27	1
22.726	114.284	1
22.726	114.291	4
22.727	113.782	1
22.727	113.8	2
22.727	113.804	5
22.727	113.806	2
22.727	113.807	7
22.727	113.821	1
22.727	113.824	1
22.727	113.827	2
22.727	113.829	2
22.727	113.833	3
22.727	113.904	2
22.727	113.952	1
22.727	114.042	1
22.727	114.087	1
22.727	114.226	1
22.727	114.229	2
22.727	114.23	1
22.727	114.233	1
22.727	114.244	1
22.727	114.247	2
22.727	114.248	2
22.727	114.249	1
22.727	114.256	1
22.727	114.257	3
22.727	114.263	1
22.727	114.267	2
22.727	114.27	3
22.727	114.271	1
22.727	114.274	1
22.727	114.292	1
22.728	113.807	20
22.728	113.808	1
22.728	113.817	3
22.728	113.822	5
22.728	113.825	6
22.728	113.828	8
22.728	113.829	1
22.728	113.83	1
22.728	113.831	1
22.728	113.832	1
22.728	113.833	5
22.728	113.837	1
22.728	114.091	1
22.728	114.229	1
22.728	114.232	1
22.728	114.233	4
22.728	114.239	1
22.728	114.25	1
22.728	114.251	1
22.728	114.252	1
22.728	114.253	1
22.728	114.268	2
22.728	114.27	1
22.728	114.275	2
22.728	114.276	1
22.728	114.277	3
22.728	114.291	1
22.728	114.294	1
22.728	114.304	1
22.729	113.785	1
22.729	113.799	1
22.729	113.801	1
22.729	113.805	1
22.729	113.806	2
22.729	113.807	3
22.729	113.808	6
22.729	113.819	1
22.729	113.822	1
22.729	113.827	2
22.729	113.828	2
22.729	113.829	1
22.729	113.83	1
22.729	113.834	2
22.729	113.835	1
22.729	113.836	1
22.729	113.904	2
22.729	114.007	1
22.729	114.01	1
22.729	114.218	1
22.729	114.229	3
22.729	114.23	4
22.729	114.231	4
22.729	114.232	4
22.729	114.233	2
22.729	114.237	1
22.729	114.238	1
22.729	114.264	1
22.729	114.265	4
22.729	114.268	1
22.729	114.269	3
22.729	114.27	4
22.729	114.271	3
22.729	114.274	1
22.729	114.275	2
22.729	114.276	2
22.729	114.278	1
22.73	113.801	1
22.73	113.806	1
22.73	113.807	1
22.73	113.813	1
22.73	113.82	1
22.73	113.822	1
22.73	113.823	6
22.73	113.837	1
22.73	113.899	1
22.73	114.01	1
22.73	114.013	1
22.73	114.014	1
22.73	114.015	1
22.73	114.016	1
22.73	114.23	1
22.73	114.253	1
22.73	114.263	2
22.73	114.264	1
22.73	114.265	5
22.73	114.268	1
22.73	114.269	9
22.73	114.27	6
22.73	114.271	1
22.73	114.272	1
22.73	114.273	3
22.73	114.274	1
22.73	114.275	1
22.73	114.276	1
22.73	114.277	1
22.73	114.278	1
22.731	113.786	2
22.731	113.802	1
22.731	113.803	2
22.731	113.806	1
22.731	113.809	1
22.731	113.817	2
22.731	113.824	2
22.731	113.836	1
22.731	113.902	1
22.731	113.905	1
22.731	114.012	1
22.731	114.016	1
22.731	114.018	1
22.731	114.237	1
22.731	114.255	3
22.731	114.256	2
22.731	114.257	1
22.731	114.266	1
22.731	114.27	1
22.731	114.275	2
22.731	114.277	1
22.731	114.279	2
22.731	114.29	1
22.731	114.305	1
22.732	113.788	1
22.732	113.801	1
22.732	113.802	1
22.732	113.803	1
22.732	113.804	1
22.732	113.808	2
22.732	113.81	1
22.732	113.811	1
22.732	113.817	2
22.732	113.818	2
22.732	113.822	1
22.732	113.83	1
22.732	113.837	2
22.732	113.841	1
22.732	113.899	1
22.732	114.01	2
22.732	114.09	1
22.732	114.254	1
22.732	114.256	1
22.732	114.263	2
22.732	114.271	1
22.732	114.274	1
22.732	114.275	1
22.732	114.277	1
22.733	113.808	1
22.733	113.811	1
22.733	113.812	1
22.733	113.814	1
22.733	113.842	1
22.733	113.937	1
22.733	114.014	1
22.733	114.257	1
22.733	114.258	1
22.733	114.26	1
22.733	114.271	1
22.733	114.272	2
22.733	114.282	2
22.733	114.285	1
22.733	114.288	1
22.734	113.775	2
22.734	113.786	1
22.734	113.834	1
22.734	113.841	1
22.734	113.842	1
22.734	113.843	1
22.734	113.844	1
22.734	113.893	1
22.734	114.06	1
22.734	114.245	1
22.734	114.248	1
22.734	114.253	1
22.734	114.258	1
22.734	114.271	1
22.734	114.272	3
22.734	114.294	1
22.735	113.79	1
22.735	113.798	1
22.735	113.801	1
22.735	113.83	3
22.735	113.831	1
22.735	113.841	2
22.735	113.842	2
22.735	114.013	1
22.735	114.086	1
22.735	114.089	1
22.735	114.27	1
22.735	114.273	3
22.735	114.274	1
22.735	114.282	1
22.736	113.79	1
22.736	113.793	1
22.736	113.803	1
22.736	113.809	1
22.736	113.812	1
22.736	113.83	1
22.736	113.838	1
22.736	113.839	1
22.736	113.84	2
22.736	113.843	1
22.737	113.786	1
22.737	113.837	1
22.737	113.838	1
22.737	113.907	1
22.737	114.06	1
22.737	114.076	1
22.737	114.253	1
22.737	114.276	1
22.737	114.282	1
22.738	113.809	1
22.738	113.81	1
22.738	113.811	1
22.738	113.83	1
22.738	113.837	1
22.738	113.842	2
22.738	114.269	1
22.739	113.805	1
22.739	113.81	1
22.739	113.812	1
22.739	113.839	1
22.739	114.268	1
22.739	114.282	2
22.739	114.383	1
22.74	113.85	1
22.74	114.093	1
22.74	114.263	1
22.74	114.371	2
22.74	114.372	1
22.741	114.361	1
22.741	114.37	1
22.742	113.821	1
22.742	114.016	1
22.742	114.284	1
22.742	114.384	1
22.743	114.015	1
22.743	114.017	1
22.743	114.246	1
22.743	114.264	1
22.743	114.371	1
22.743	114.372	1
22.743	114.374	1
22.744	113.802	1
22.744	113.806	1
22.744	113.813	1
22.744	114.019	1
22.744	114.057	1
22.744	114.372	1
22.744	114.374	12
22.744	114.377	1
22.744	114.383	1
22.745	113.79	1
22.745	113.802	1
22.745	114.019	1
22.745	114.02	2
22.745	114.021	1
22.745	114.23	1
22.745	114.37	1
22.745	114.373	1
22.745	114.375	2
22.745	114.388	1
22.746	113.847	1
22.746	114.02	1
22.746	114.234	1
22.746	114.249	2
22.746	114.369	1
22.746	114.377	1
22.747	113.808	1
22.747	113.818	1
22.747	113.819	2
22.747	114.035	1
22.747	114.233	2
22.747	114.249	1
22.747	114.251	1
22.747	114.374	1
22.747	114.378	1
22.748	113.847	1
22.748	114.247	1
22.748	114.248	1
22.748	114.274	1
22.748	114.279	2
22.748	114.371	1
22.748	114.383	1
22.749	113.789	1
22.749	113.845	1
22.749	113.935	1
22.75	113.815	1
22.75	113.841	1
22.75	113.844	2
22.75	113.849	2
22.75	113.851	1
22.75	113.865	2
22.75	113.867	1
22.75	114.381	1
22.751	113.846	1
22.752	113.802	1
22.752	113.81	1
22.752	113.849	2
22.752	113.905	1
22.753	113.821	1
22.753	114.249	1
22.754	113.813	1
22.754	113.821	1
22.754	113.901	2
22.754	113.917	1
22.754	113.953	1
22.754	114.244	1
22.755	113.797	1
22.755	113.802	2
22.755	113.854	1
22.755	113.864	1
22.755	113.905	1
22.755	113.91	1
22.755	114.289	1
22.755	114.37	1
22.756	113.8	2
22.756	113.821	2
22.756	113.838	4
22.756	113.904	2
22.756	113.918	2
22.757	113.8	1
22.757	113.803	2
22.757	113.826	1
22.757	113.871	1
22.758	113.803	1
22.758	113.811	1
22.758	113.838	1
22.758	113.849	1
22.758	113.943	1
22.758	114.166	1
22.759	113.803	1
22.759	113.81	1
22.759	113.812	1
22.759	113.821	1
22.759	113.847	1
22.759	113.944	1
22.759	113.948	1
22.759	113.95	1
22.759	113.957	1
22.76	113.808	1
22.76	113.809	1
22.76	113.822	1
22.76	113.838	1
22.76	113.849	1
22.76	113.857	1
22.76	113.917	1
22.76	113.945	1
22.76	114.128	1
22.761	113.836	1
22.761	113.837	2
22.761	113.838	1
22.761	113.944	1
22.761	113.945	3
22.761	114.32	1
22.762	113.833	1
22.762	113.838	2
22.762	113.841	1
22.762	113.849	1
22.762	113.853	2
22.762	113.854	1
22.762	113.945	1
22.762	114.286	1
22.762	114.314	2
22.763	113.796	1
22.763	113.834	1
22.763	113.838	1
22.763	113.848	1
22.763	113.852	7
22.763	113.853	4
22.763	113.854	4
22.763	113.947	1
22.763	114.307	1
22.764	113.832	3
22.764	113.833	1
22.764	113.834	1
22.764	113.837	1
22.764	113.841	1
22.764	113.842	4
22.764	113.843	1
22.764	113.844	1
22.764	113.845	1
22.764	113.849	4
22.764	113.852	3
22.764	113.853	1
22.764	113.854	1
22.764	113.94	1
22.764	114.319	1
22.765	113.833	1
22.765	113.834	1
22.765	113.836	1
22.765	113.837	2
22.765	113.842	2
22.765	113.843	2
22.765	113.844	6
22.765	113.845	4
22.765	113.847	1
22.765	113.851	4
22.765	113.852	10
22.765	113.853	4
22.765	113.854	1
22.765	113.856	1
22.765	113.949	1
22.766	113.835	1
22.766	113.836	1
22.766	113.837	1
22.766	113.839	1
22.766	113.842	1
22.766	113.847	1
22.766	113.853	2
22.766	113.855	1
22.766	113.859	2
22.766	113.861	1
22.766	114.298	1
22.766	114.305	1
22.766	114.328	1
22.767	113.84	2
22.767	113.841	1
22.767	113.844	1
22.767	113.845	2
22.767	113.847	1
22.767	113.851	1
22.767	113.857	1
22.767	113.903	2
22.767	113.909	2
22.767	114.276	1
22.767	114.307	1
22.767	114.308	1
22.768	113.844	1
22.768	113.845	2
22.768	113.846	1
22.768	113.847	2
22.768	113.848	1
22.768	113.851	4
22.768	113.852	1
22.768	113.909	1
22.768	114.303	1
22.768	114.306	1
22.769	113.837	1
22.769	113.845	1
22.769	113.847	4
22.769	113.848	3
22.769	113.853	1
22.769	114.304	1
22.769	114.305	1
22.769	114.306	1
22.769	114.307	1
22.769	114.309	1
22.769	114.31	1
22.77	113.833	2
22.77	113.841	1
22.77	113.844	1
22.77	113.846	1
22.77	113.853	2
22.77	113.855	1
22.77	113.859	1
22.77	113.907	2
22.77	114.301	1
22.77	114.303	1
22.77	114.304	1
22.77	114.305	2
22.77	114.309	1
22.771	113.823	1
22.771	114.303	1
22.771	114.311	1
22.772	113.82	1
22.772	113.821	1
22.772	113.839	1
22.772	113.841	1
22.772	113.846	1
22.772	113.852	1
22.772	114.308	1
22.772	114.31	1
22.773	113.832	1
22.773	113.834	2
22.773	113.9	1
22.773	113.906	2
22.774	113.822	2
22.774	113.831	1
22.774	113.835	2
22.774	113.837	6
22.774	113.851	1
22.774	113.853	1
22.774	113.877	1
22.774	113.901	3
22.774	113.902	1
22.774	113.905	1
22.774	113.908	1
22.774	113.909	1
22.774	113.911	1
22.775	113.839	1
22.775	113.884	1
22.775	113.902	3
22.775	113.909	1
22.776	113.84	1
22.776	113.893	1
22.776	113.896	1
22.776	113.902	1
22.776	113.903	1
22.776	113.912	1
22.777	113.85	1
22.777	113.876	1
22.777	113.89	1
22.777	113.895	1
22.777	113.897	1
22.777	113.898	1
22.777	113.9	1
22.777	113.912	1
22.778	113.845	1
22.778	113.847	1
22.778	113.88	1
22.778	113.89	3
22.778	113.891	5
22.778	113.893	1
22.778	113.9	1
22.778	113.905	2
22.778	113.908	1
22.778	113.91	1
22.778	114.306	1
22.779	113.881	1
22.779	113.89	1
22.779	113.891	2
22.779	113.894	1
22.779	113.895	6
22.779	113.896	1
22.779	113.898	2
22.78	113.84	1
22.78	113.88	1
22.78	113.889	1
22.78	113.89	1
22.78	113.891	1
22.78	113.894	4
22.78	113.897	1
22.78	113.904	2
22.78	113.929	1
22.781	113.813	1
22.781	113.886	2
22.781	113.89	1
22.781	113.891	3
22.781	113.892	1
22.781	113.894	1
22.781	113.895	2
22.781	113.896	2
22.781	113.908	3
22.782	113.889	1
22.782	113.89	3
22.782	113.891	6
22.782	113.892	1
22.782	113.893	3
22.782	113.894	5
22.782	113.909	2
22.782	113.91	1
22.782	114.3	1
22.783	113.882	1
22.783	113.889	2
22.783	113.892	1
22.783	113.893	3
22.783	113.894	2
22.783	113.904	1
22.783	113.908	1
22.784	113.841	1
22.784	113.876	1
22.784	113.887	1
22.784	113.893	1
22.784	113.908	1
22.784	113.931	1
22.784	113.937	1
22.785	113.883	1
22.785	113.887	1
22.785	113.888	1
22.785	113.89	1
22.785	113.891	3
22.785	113.892	3
22.785	113.893	1
22.785	113.895	1
22.786	113.838	1
22.786	113.88	1
22.786	113.892	2
22.786	113.895	1
22.786	114.326	1
22.787	113.881	2
22.787	113.911	1
22.787	114.326	1
22.788	113.88	1
22.788	113.893	1
22.79	113.887	1
22.79	113.946	1
22.79	113.947	2
22.791	113.836	1
22.791	113.898	1
22.792	113.89	1
22.792	113.949	1
22.793	113.888	1
22.793	113.899	2
22.793	113.948	1
22.795	113.868	1
22.795	113.869	1
22.796	113.866	2
22.796	113.873	3
22.796	113.874	1
22.797	113.844	1
22.797	113.861	1
22.797	113.944	1
22.798	113.844	1
22.798	113.861	1
22.799	113.842	1
22.799	113.877	1
22.799	113.901	1
22.8	113.842	1
22.8	113.874	2
22.8	113.877	1
22.801	113.842	1
22.803	113.841	1
22.803	113.901	1
22.805	113.894	1
22.805	113.903	1
22.813	113.841	1
22.814	113.865	1
22.814	113.866	1
23.471	114.513	1
25.65	115.47	1
27.632	115.412	1
35.018	108.997	1
39.93	116.394	1
41.747	123.576	1
45.087	126.37	1
360.0	360.0	1
